<?xml version="1.0" encoding="utf-8"?>
<TestRun id="b4ff9d59-5ce5-4e5c-bd62-3b21903d79fa" name="@03cd05825e12 2026-08-04 12:08:15" xmlns="http://microsoft.com/schemas/VisualStudio/TeamTest/2010">
  <Times creation="2026-08-04T12:08:15.4266605+02:00" queuing="2026-08-04T12:08:15.4266624+02:00" start="2026-08-04T12:08:07.2600199+02:00" finish="2026-08-04T12:08:24.0276096+02:00" />
  <TestSettings name="default" id="f08f0c7d-7ef7-4002-b19e-4c7a359fa788">
    <Deployment runDeploymentRoot="_03cd05825e12_2026-08-04_12_08_15" />
  </TestSettings>
  <Results>
    <UnitTestResult executionId="460f49e0-ae89-405f-b681-00e981b3e966" testId="ce43ee41-268d-c155-e635-50907eb30dad" testName="rogue3-governance.generated build.fsx carries no pre-rebrand engine identifier" computerName="03cd05825e12" duration="00:00:00.0030000" startTime="2026-08-04T12:08:16.7131547+02:00" endTime="2026-08-04T12:08:16.7185390+02:00" testType="13cdc9d9-ddb5-4fa4-a97d-d965ccfc6d4b" outcome="Passed" testListId="8c84fa94-04c1-424b-9868-57a2d4851a1d" relativeResultsDirectory="460f49e0-ae89-405f-b681-00e981b3e966" />
    <UnitTestResult executionId="a582bdb9-afa6-4fba-9315-4e0898c9ece6" testId="3d245d86-2940-3423-a54b-5602be660e61" testName="M7 UI menus stats.responsive HUD reserves non-overlapping anchors at both required output sizes" computerName="03cd05825e12" duration="00:00:00.0030000" startTime="2026-08-04T12:08:15.8762082+02:00" endTime="2026-08-04T12:08:15.8797508+02:00" testType="13cdc9d9-ddb5-4fa4-a97d-d965ccfc6d4b" outcome="Passed" testListId="8c84fa94-04c1-424b-9868-57a2d4851a1d" relativeResultsDirectory="a582bdb9-afa6-4fba-9315-4e0898c9ece6" />
    <UnitTestResult executionId="49d0a510-58fb-498c-a730-a5ab8d467cdb" testId="1e1c9220-e347-0e10-b099-69b39b57e3a8" testName="game-shell keymap persistence (#991/#1002).encodeKeymap / decodeKeymap round-trips a rebound keymap onto a fresh model" computerName="03cd05825e12" duration="00:00:00.0080000" startTime="2026-08-04T12:08:15.5247104+02:00" endTime="2026-08-04T12:08:15.5333308+02:00" testType="13cdc9d9-ddb5-4fa4-a97d-d965ccfc6d4b" outcome="Passed" testListId="8c84fa94-04c1-424b-9868-57a2d4851a1d" relativeResultsDirectory="49d0a510-58fb-498c-a730-a5ab8d467cdb" />
    <UnitTestResult executionId="c3265f85-466c-495a-a823-5b89a92433f6" testId="c0296d0d-5b4e-adf4-525c-79485421087f" testName="game-shell keymap persistence (#991/#1002).the pre-catalog v1 codec payload migrates into catalog-backed settings without losing actions" computerName="03cd05825e12" duration="00:00:00.0090000" startTime="2026-08-04T12:08:15.5247452+02:00" endTime="2026-08-04T12:08:15.5346348+02:00" testType="13cdc9d9-ddb5-4fa4-a97d-d965ccfc6d4b" outcome="Passed" testListId="8c84fa94-04c1-424b-9868-57a2d4851a1d" relativeResultsDirectory="c3265f85-466c-495a-a823-5b89a92433f6" />
    <UnitTestResult executionId="d518b761-42c0-4c35-ab23-b7652f7e90f2" testId="32244521-65a7-3b85-b4a7-f528f5770859" testName="visual-coverage-gate.Rogue2 open, locked/sealed, and trapdoor states are element-bound, rendered, and visually distinct" computerName="03cd05825e12" duration="00:00:00.0040000" startTime="2026-08-04T12:08:16.6661492+02:00" endTime="2026-08-04T12:08:16.6711935+02:00" testType="13cdc9d9-ddb5-4fa4-a97d-d965ccfc6d4b" outcome="Passed" testListId="8c84fa94-04c1-424b-9868-57a2d4851a1d" relativeResultsDirectory="d518b761-42c0-4c35-ab23-b7652f7e90f2" />
    <UnitTestResult executionId="24ee50c4-207c-4a6a-b87c-db5ba3c9586e" testId="be18aaac-58e0-ec03-4002-edd8418f38c2" testName="rogue3-governance.generated evidence commands share Testing report conventions" computerName="03cd05825e12" startTime="2026-08-04T12:08:16.6944424+02:00" endTime="2026-08-04T12:08:16.6952564+02:00" testType="13cdc9d9-ddb5-4fa4-a97d-d965ccfc6d4b" outcome="Passed" testListId="8c84fa94-04c1-424b-9868-57a2d4851a1d" relativeResultsDirectory="24ee50c4-207c-4a6a-b87c-db5ba3c9586e" />
    <UnitTestResult executionId="a273d766-6296-426e-a921-67cee11f4c2a" testId="b4bdadfc-8b82-aff9-1db3-e3ff7626e377" testName="M5 entities bosses rooms.obstacle policy covers blocking fly-over hazard and claimed destruction" computerName="03cd05825e12" duration="00:00:00.0010000" startTime="2026-08-04T12:08:15.9282814+02:00" endTime="2026-08-04T12:08:15.9304270+02:00" testType="13cdc9d9-ddb5-4fa4-a97d-d965ccfc6d4b" outcome="Passed" testListId="8c84fa94-04c1-424b-9868-57a2d4851a1d" relativeResultsDirectory="a273d766-6296-426e-a921-67cee11f4c2a" />
    <UnitTestResult executionId="7b9e3777-0b91-409e-9177-06a82b8a0d59" testId="2fec7a67-cbcd-81fa-c014-9143902a3b3c" testName="M13 room transition, pickups and world-space state.FR-011 the drawn wall shell and the player's collider are one value" computerName="03cd05825e12" duration="00:00:00.0030000" startTime="2026-08-04T12:08:15.5451155+02:00" endTime="2026-08-04T12:08:15.5604118+02:00" testType="13cdc9d9-ddb5-4fa4-a97d-d965ccfc6d4b" outcome="Passed" testListId="8c84fa94-04c1-424b-9868-57a2d4851a1d" relativeResultsDirectory="7b9e3777-0b91-409e-9177-06a82b8a0d59" />
    <UnitTestResult executionId="a0cfaf3a-142e-43e3-8aee-d3d8e791c2ba" testId="929d933d-5573-a1bb-bbc1-d689f1b9c5df" testName="game-shell Esc routing (#991/#1002).Esc pauses live play, resumes a pause, backs out of settings, and no-ops at the menu" computerName="03cd05825e12" startTime="2026-08-04T12:08:15.5042218+02:00" endTime="2026-08-04T12:08:15.5048396+02:00" testType="13cdc9d9-ddb5-4fa4-a97d-d965ccfc6d4b" outcome="Passed" testListId="8c84fa94-04c1-424b-9868-57a2d4851a1d" relativeResultsDirectory="a0cfaf3a-142e-43e3-8aee-d3d8e791c2ba" />
    <UnitTestResult executionId="be797f32-96ce-4311-828e-e6c2f8d53662" testId="17dce5b8-f623-f283-ac34-0ffed3bd0286" testName="M14 item grants.a player walks to a slot, presses interact, and receives what was charged for" computerName="03cd05825e12" duration="00:00:00.0490000" startTime="2026-08-04T12:08:15.4123916+02:00" endTime="2026-08-04T12:08:15.4618437+02:00" testType="13cdc9d9-ddb5-4fa4-a97d-d965ccfc6d4b" outcome="Passed" testListId="8c84fa94-04c1-424b-9868-57a2d4851a1d" relativeResultsDirectory="be797f32-96ce-4311-828e-e6c2f8d53662" />
    <UnitTestResult executionId="d2859b9b-69e8-491c-9214-9fd8907dc5e3" testId="0f0f52ce-669d-5c25-8461-ffe583e8c91d" testName="m1-input-twin-stick.held fire emits immediately and at the 2.5 per-second cadence" computerName="03cd05825e12" duration="00:00:00.1310000" startTime="2026-08-04T12:08:16.0628576+02:00" endTime="2026-08-04T12:08:16.1942928+02:00" testType="13cdc9d9-ddb5-4fa4-a97d-d965ccfc6d4b" outcome="Passed" testListId="8c84fa94-04c1-424b-9868-57a2d4851a1d" relativeResultsDirectory="d2859b9b-69e8-491c-9214-9fd8907dc5e3" />
    <UnitTestResult executionId="88a55a2e-2759-4c93-af93-c78fb1a9b823" testId="6313eea3-42d6-02a1-5dd4-63d49ca1e0b5" testName="rogue3-behavior.game default view renders gameplay and the Hollow Depths HUD as a scene" computerName="03cd05825e12" duration="00:00:00.0010000" startTime="2026-08-04T12:08:16.0958264+02:00" endTime="2026-08-04T12:08:16.0975191+02:00" testType="13cdc9d9-ddb5-4fa4-a97d-d965ccfc6d4b" outcome="Passed" testListId="8c84fa94-04c1-424b-9868-57a2d4851a1d" relativeResultsDirectory="88a55a2e-2759-4c93-af93-c78fb1a9b823" />
    <UnitTestResult executionId="3595f930-2375-4035-84ea-aafe1687b000" testId="52aefdd2-b602-b779-f037-e912c32bb873" testName="M2 projectiles.AC4 centered three-shot fan is -9 0 +9 and snapshots stats" computerName="03cd05825e12" duration="00:00:00.0020000" startTime="2026-08-04T12:08:16.0223613+02:00" endTime="2026-08-04T12:08:16.0251236+02:00" testType="13cdc9d9-ddb5-4fa4-a97d-d965ccfc6d4b" outcome="Passed" testListId="8c84fa94-04c1-424b-9868-57a2d4851a1d" relativeResultsDirectory="3595f930-2375-4035-84ea-aafe1687b000" />
    <UnitTestResult executionId="d9e80948-e971-4822-8183-4f5403dacb63" testId="fecda334-29a8-c73b-eb4c-89bd1cc957fd" testName="M14 item grants.every authored item maps to exactly the modifiers it declares" computerName="03cd05825e12" duration="00:00:00.0050000" startTime="2026-08-04T12:08:15.3790218+02:00" endTime="2026-08-04T12:08:15.4033219+02:00" testType="13cdc9d9-ddb5-4fa4-a97d-d965ccfc6d4b" outcome="Passed" testListId="8c84fa94-04c1-424b-9868-57a2d4851a1d" relativeResultsDirectory="d9e80948-e971-4822-8183-4f5403dacb63" />
    <UnitTestResult executionId="a4b0cceb-f16c-475a-a5f4-9ecebe0d6878" testId="5bb6c537-6375-8cfd-7430-329039ca1c41" testName="M11 playability and visual legibility.FR-010 a production journey boots, moves, crosses a door and returns" computerName="03cd05825e12" duration="00:00:02.5140000" startTime="2026-08-04T12:08:15.6719710+02:00" endTime="2026-08-04T12:08:18.1860896+02:00" testType="13cdc9d9-ddb5-4fa4-a97d-d965ccfc6d4b" outcome="Passed" testListId="8c84fa94-04c1-424b-9868-57a2d4851a1d" relativeResultsDirectory="a4b0cceb-f16c-475a-a5f4-9ecebe0d6878" />
    <UnitTestResult executionId="a7dfe3ec-3ae6-4cab-8947-0b32bee24edb" testId="6558b2fa-0bc7-23db-02d5-b86fb8bc981f" testName="M14 item grants.a held key, and a multi-step host frame, each buy exactly ONE slot" computerName="03cd05825e12" duration="00:00:00.0720000" startTime="2026-08-04T12:08:15.4125200+02:00" endTime="2026-08-04T12:08:15.4852289+02:00" testType="13cdc9d9-ddb5-4fa4-a97d-d965ccfc6d4b" outcome="Passed" testListId="8c84fa94-04c1-424b-9868-57a2d4851a1d" relativeResultsDirectory="a7dfe3ec-3ae6-4cab-8947-0b32bee24edb" />
    <UnitTestResult executionId="b528a189-6c72-409e-b35b-5023984cf44b" testId="136cdedd-bdd0-1275-3a08-d841a9c9d9f9" testName="M10 acceptance and determinism.AC19 bomb spend, fuse, blast and chain detonation resolve exactly once" computerName="03cd05825e12" duration="00:00:00.0030000" startTime="2026-08-04T12:08:15.7757918+02:00" endTime="2026-08-04T12:08:15.7797882+02:00" testType="13cdc9d9-ddb5-4fa4-a97d-d965ccfc6d4b" outcome="Passed" testListId="8c84fa94-04c1-424b-9868-57a2d4851a1d" relativeResultsDirectory="b528a189-6c72-409e-b35b-5023984cf44b" />
    <UnitTestResult executionId="5fc34287-3e36-466c-9ce2-7a2b9aac987b" testId="9138ea7b-1e0f-87a6-4618-5e7c2c8058d6" testName="M5 entities bosses rooms.weighted tables use exact weights and deterministic DropRng continuation" computerName="03cd05825e12" startTime="2026-08-04T12:08:15.9272668+02:00" endTime="2026-08-04T12:08:15.9288086+02:00" testType="13cdc9d9-ddb5-4fa4-a97d-d965ccfc6d4b" outcome="Passed" testListId="8c84fa94-04c1-424b-9868-57a2d4851a1d" relativeResultsDirectory="5fc34287-3e36-466c-9ce2-7a2b9aac987b" />
    <UnitTestResult executionId="4b5387c4-157b-4dc1-8a68-d4284dfebc94" testId="c24a4bef-9116-7fb2-3f50-960d04715701" testName="game-shell router + menu (#991/#1002).the pause overlay is the same menu: play pauses and resumes" computerName="03cd05825e12" startTime="2026-08-04T12:08:15.5041952+02:00" endTime="2026-08-04T12:08:15.5045812+02:00" testType="13cdc9d9-ddb5-4fa4-a97d-d965ccfc6d4b" outcome="Passed" testListId="8c84fa94-04c1-424b-9868-57a2d4851a1d" relativeResultsDirectory="4b5387c4-157b-4dc1-8a68-d4284dfebc94" />
    <UnitTestResult executionId="9175d554-968b-43d9-b36c-7f065883b9a1" testId="67b879ae-235b-b64b-9407-83cb9136107b" testName="game-shell router + menu (#991/#1002).main menu: Start enters play, Config opens settings, Exit requests host exit" computerName="03cd05825e12" duration="00:00:00.0100000" startTime="2026-08-04T12:08:15.4940727+02:00" endTime="2026-08-04T12:08:15.5041833+02:00" testType="13cdc9d9-ddb5-4fa4-a97d-d965ccfc6d4b" outcome="Passed" testListId="8c84fa94-04c1-424b-9868-57a2d4851a1d" relativeResultsDirectory="9175d554-968b-43d9-b36c-7f065883b9a1" />
    <UnitTestResult executionId="8e79e7cc-9499-4b45-b328-fdd55a273d42" testId="4c666de3-63cc-f935-08d9-b143ec9fdccc" testName="rogue3-behavior.play-input boundary is surfaced at the input-wiring site and accurate to the host contract (#139/#1000)" computerName="03cd05825e12" duration="00:00:00.0030000" startTime="2026-08-04T12:08:16.2750274+02:00" endTime="2026-08-04T12:08:16.2977183+02:00" testType="13cdc9d9-ddb5-4fa4-a97d-d965ccfc6d4b" outcome="Passed" testListId="8c84fa94-04c1-424b-9868-57a2d4851a1d" relativeResultsDirectory="8e79e7cc-9499-4b45-b328-fdd55a273d42" />
    <UnitTestResult executionId="699d5119-9335-48a4-866f-e9efd3b90e3b" testId="6fe87b8f-d4a6-984e-a4d3-66855eb4c6f5" testName="M3 performance binding.complete-model digest binds M3 enemies bullets health and currency" computerName="03cd05825e12" duration="00:00:02.2680000" startTime="2026-08-04T12:08:16.0209236+02:00" endTime="2026-08-04T12:08:18.2899263+02:00" testType="13cdc9d9-ddb5-4fa4-a97d-d965ccfc6d4b" outcome="Passed" testListId="8c84fa94-04c1-424b-9868-57a2d4851a1d" relativeResultsDirectory="699d5119-9335-48a4-866f-e9efd3b90e3b" />
    <UnitTestResult executionId="308e8659-421a-4686-a5e7-d8165473539e" testId="03e1393a-353e-b339-1381-690c917a1395" testName="M11 playability and visual legibility.FR-008 DescendFloor is refused unless the room depicts a trapdoor and the player is on it" computerName="03cd05825e12" duration="00:00:00.0690000" startTime="2026-08-04T12:08:15.6711532+02:00" endTime="2026-08-04T12:08:15.7410849+02:00" testType="13cdc9d9-ddb5-4fa4-a97d-d965ccfc6d4b" outcome="Passed" testListId="8c84fa94-04c1-424b-9868-57a2d4851a1d" relativeResultsDirectory="308e8659-421a-4686-a5e7-d8165473539e" />
    <UnitTestResult executionId="b7fafd70-f480-4310-b45b-15e8ce61f4e2" testId="42b8651f-3819-d4bf-6ff2-5b9c037f472d" testName="M14 item grants.pressing interact away from the stock buys nothing" computerName="03cd05825e12" duration="00:00:00.0670000" startTime="2026-08-04T12:08:15.4124885+02:00" endTime="2026-08-04T12:08:15.4803980+02:00" testType="13cdc9d9-ddb5-4fa4-a97d-d965ccfc6d4b" outcome="Passed" testListId="8c84fa94-04c1-424b-9868-57a2d4851a1d" relativeResultsDirectory="b7fafd70-f480-4310-b45b-15e8ce61f4e2" />
    <UnitTestResult executionId="d96052e4-7769-4e28-b004-62dc800b06f2" testId="817f95fc-e63a-cb26-9f8e-06baf483af5f" testName="M14 item grants.standing away from the plinth takes nothing" computerName="03cd05825e12" duration="00:00:00.0140000" startTime="2026-08-04T12:08:15.4845589+02:00" endTime="2026-08-04T12:08:15.4986996+02:00" testType="13cdc9d9-ddb5-4fa4-a97d-d965ccfc6d4b" outcome="Passed" testListId="8c84fa94-04c1-424b-9868-57a2d4851a1d" relativeResultsDirectory="d96052e4-7769-4e28-b004-62dc800b06f2" />
    <UnitTestResult executionId="c683e189-5804-4572-9783-45e77a64accb" testId="9372ed4a-a2ad-07da-b9b9-04b9fee3c98d" testName="game-shell router + menu (#991/#1002).settings opened from a pause returns to the pause, not the main menu (SettingsReturn)" computerName="03cd05825e12" startTime="2026-08-04T12:08:15.5042085+02:00" endTime="2026-08-04T12:08:15.5046161+02:00" testType="13cdc9d9-ddb5-4fa4-a97d-d965ccfc6d4b" outcome="Passed" testListId="8c84fa94-04c1-424b-9868-57a2d4851a1d" relativeResultsDirectory="c683e189-5804-4572-9783-45e77a64accb" />
    <UnitTestResult executionId="614fcd3a-a6e1-4af5-9950-d4efea0a9076" testId="45799ded-513b-f775-dcc8-5570df392ab9" testName="rogue3-governance.generated Verify redirected output is clean text" computerName="03cd05825e12" duration="00:00:00.0020000" startTime="2026-08-04T12:08:16.7166345+02:00" endTime="2026-08-04T12:08:16.7189419+02:00" testType="13cdc9d9-ddb5-4fa4-a97d-d965ccfc6d4b" outcome="Passed" testListId="8c84fa94-04c1-424b-9868-57a2d4851a1d" relativeResultsDirectory="614fcd3a-a6e1-4af5-9950-d4efea0a9076" />
    <UnitTestResult executionId="781bb99e-c687-4087-a58c-67d4decc0529" testId="716cf632-510d-e3f2-bdd5-64c2ae7ff912" testName="M13 room transition, pickups and world-space state.FR-015 the committed M13 render-and-look frames exist for every row" computerName="03cd05825e12" duration="00:00:00.0070000" startTime="2026-08-04T12:08:15.5452014+02:00" endTime="2026-08-04T12:08:15.5604227+02:00" testType="13cdc9d9-ddb5-4fa4-a97d-d965ccfc6d4b" outcome="Passed" testListId="8c84fa94-04c1-424b-9868-57a2d4851a1d" relativeResultsDirectory="781bb99e-c687-4087-a58c-67d4decc0529" />
    <UnitTestResult executionId="8b29c247-a8ed-4f8e-a331-973d04957588" testId="94b468e2-243d-5e36-731d-5ccf1e6c1b0f" testName="M14 item grants.the item-granted cue is declared, distinct, and reachable through the production map" computerName="03cd05825e12" duration="00:00:00.0130000" startTime="2026-08-04T12:08:15.3793774+02:00" endTime="2026-08-04T12:08:15.4059730+02:00" testType="13cdc9d9-ddb5-4fa4-a97d-d965ccfc6d4b" outcome="Passed" testListId="8c84fa94-04c1-424b-9868-57a2d4851a1d" relativeResultsDirectory="8b29c247-a8ed-4f8e-a331-973d04957588" />
    <UnitTestResult executionId="1538f098-0069-4454-beb3-d2e4a906ebba" testId="8ecf1eca-2949-1ea4-6ce7-5877b91a141d" testName="game-shell display mapping (#991/#1002).SetResolution / SetDisplayMode update the display and emit DisplayChanged; logicalSize follows the resolution" computerName="03cd05825e12" duration="00:00:00.0010000" startTime="2026-08-04T12:08:15.5146902+02:00" endTime="2026-08-04T12:08:15.5169408+02:00" testType="13cdc9d9-ddb5-4fa4-a97d-d965ccfc6d4b" outcome="Passed" testListId="8c84fa94-04c1-424b-9868-57a2d4851a1d" relativeResultsDirectory="1538f098-0069-4454-beb3-d2e4a906ebba" />
    <UnitTestResult executionId="fe8eb7b2-36f4-4260-9b33-1d6796420a65" testId="5e9787ce-cee8-82fc-908f-6da835391c25" testName="M5 entities bosses rooms.production shop purchase empties slot and never restocks" computerName="03cd05825e12" duration="00:00:00.0010000" startTime="2026-08-04T12:08:15.9480496+02:00" endTime="2026-08-04T12:08:15.9517986+02:00" testType="13cdc9d9-ddb5-4fa4-a97d-d965ccfc6d4b" outcome="Passed" testListId="8c84fa94-04c1-424b-9868-57a2d4851a1d" relativeResultsDirectory="fe8eb7b2-36f4-4260-9b33-1d6796420a65" />
    <UnitTestResult executionId="fe80955a-8157-4aa9-9101-b40f05508012" testId="71645898-781f-f5d1-8512-c1dd645b3268" testName="M13 room transition, pickups and world-space state.FR-006 pickups are drawn where they lie, one place each, inside the room" computerName="03cd05825e12" duration="00:00:00.0060000" startTime="2026-08-04T12:08:15.5349118+02:00" endTime="2026-08-04T12:08:15.5416193+02:00" testType="13cdc9d9-ddb5-4fa4-a97d-d965ccfc6d4b" outcome="Passed" testListId="8c84fa94-04c1-424b-9868-57a2d4851a1d" relativeResultsDirectory="fe80955a-8157-4aa9-9101-b40f05508012" />
    <UnitTestResult executionId="e0d8fbf0-8a50-47bf-9608-93ebfd644e7b" testId="776f7a54-d050-8e9b-cc6a-722b3360a5a1" testName="M5 entities bosses rooms.production choir deaths drive deterministic outside-window revival" computerName="03cd05825e12" duration="00:00:00.0070000" startTime="2026-08-04T12:08:15.9582388+02:00" endTime="2026-08-04T12:08:15.9657064+02:00" testType="13cdc9d9-ddb5-4fa4-a97d-d965ccfc6d4b" outcome="Passed" testListId="8c84fa94-04c1-424b-9868-57a2d4851a1d" relativeResultsDirectory="e0d8fbf0-8a50-47bf-9608-93ebfd644e7b" />
    <UnitTestResult executionId="d3b52f55-f06a-4225-b221-3b360a2116ce" testId="222a62fd-0db2-ea94-7946-32e0d9b3fa60" testName="M10 acceptance and determinism.AC08 the fixed-timestep accumulator advances the simulation correctly" computerName="03cd05825e12" startTime="2026-08-04T12:08:15.7443991+02:00" endTime="2026-08-04T12:08:15.7471084+02:00" testType="13cdc9d9-ddb5-4fa4-a97d-d965ccfc6d4b" outcome="Passed" testListId="8c84fa94-04c1-424b-9868-57a2d4851a1d" relativeResultsDirectory="d3b52f55-f06a-4225-b221-3b360a2116ce" />
    <UnitTestResult executionId="d1647a68-87d8-4313-8793-d6f801b236b1" testId="5ecb1e17-fd70-7d27-2594-ede857761380" testName="M9 win loss permadeath and profile persistence.a production player shot defeats the floor-6 boss and terminal ticks freeze simulation" computerName="03cd05825e12" duration="00:00:00.0120000" startTime="2026-08-04T12:08:15.8452939+02:00" endTime="2026-08-04T12:08:15.8577685+02:00" testType="13cdc9d9-ddb5-4fa4-a97d-d965ccfc6d4b" outcome="Passed" testListId="8c84fa94-04c1-424b-9868-57a2d4851a1d" relativeResultsDirectory="d1647a68-87d8-4313-8793-d6f801b236b1" />
    <UnitTestResult executionId="79ce4187-d19e-4e56-9bca-2124a2665d46" testId="27110001-1e9e-4340-a0a6-a6f869dd58a4" testName="rogue3-public-api-surface.every compiled implementation declares a signature" computerName="03cd05825e12" duration="00:00:00.0090000" startTime="2026-08-04T12:08:16.2882501+02:00" endTime="2026-08-04T12:08:16.2978541+02:00" testType="13cdc9d9-ddb5-4fa4-a97d-d965ccfc6d4b" outcome="Passed" testListId="8c84fa94-04c1-424b-9868-57a2d4851a1d" relativeResultsDirectory="79ce4187-d19e-4e56-9bca-2124a2665d46" />
    <UnitTestResult executionId="db377be0-3126-40c3-9eb2-b97a3a8a4618" testId="a6feaf55-c0cd-e04b-dd6e-b93e43aa385a" testName="M10 acceptance and determinism.seed plus input log replays byte-identically" computerName="03cd05825e12" duration="00:00:00.0780000" startTime="2026-08-04T12:08:15.8063386+02:00" endTime="2026-08-04T12:08:15.8844194+02:00" testType="13cdc9d9-ddb5-4fa4-a97d-d965ccfc6d4b" outcome="Passed" testListId="8c84fa94-04c1-424b-9868-57a2d4851a1d" relativeResultsDirectory="db377be0-3126-40c3-9eb2-b97a3a8a4618" />
    <UnitTestResult executionId="c5aec016-1bf0-421d-834b-2177de241288" testId="1ee09d94-412d-6e24-c7a5-e431563446fe" testName="M11 playability and visual legibility.FR-009 the trapdoor is reachable: cross doors to the boss room, beat it, descend" computerName="03cd05825e12" duration="00:00:00.0260000" startTime="2026-08-04T12:08:15.6711711+02:00" endTime="2026-08-04T12:08:15.6972127+02:00" testType="13cdc9d9-ddb5-4fa4-a97d-d965ccfc6d4b" outcome="Passed" testListId="8c84fa94-04c1-424b-9868-57a2d4851a1d" relativeResultsDirectory="c5aec016-1bf0-421d-834b-2177de241288" />
    <UnitTestResult executionId="82074869-0e30-46a6-a7a3-0cd0342d6fdc" testId="cc65c7b0-a954-9b76-dee2-050768c5f934" testName="rogue3-behavior.DisplayChanged reaches the live native window-mode boundary (#1022), and Borderless lands as exclusive fullscreen there (#63)" computerName="03cd05825e12" duration="00:00:01.0790000" startTime="2026-08-04T12:08:16.1944032+02:00" endTime="2026-08-04T12:08:17.2739737+02:00" testType="13cdc9d9-ddb5-4fa4-a97d-d965ccfc6d4b" outcome="Passed" testListId="8c84fa94-04c1-424b-9868-57a2d4851a1d" relativeResultsDirectory="82074869-0e30-46a6-a7a3-0cd0342d6fdc" />
    <UnitTestResult executionId="9d1ff574-6191-4349-a080-e2f27d41f71e" testId="15a94cea-7eb4-c6d1-231b-53266dad676c" testName="M6 rendering and enemy symbology.production renderer preserves the eleven back-to-front layers" computerName="03cd05825e12" duration="00:00:00.0180000" startTime="2026-08-04T12:08:15.8974397+02:00" endTime="2026-08-04T12:08:15.9175393+02:00" testType="13cdc9d9-ddb5-4fa4-a97d-d965ccfc6d4b" outcome="Passed" testListId="8c84fa94-04c1-424b-9868-57a2d4851a1d" relativeResultsDirectory="9d1ff574-6191-4349-a080-e2f27d41f71e" />
    <UnitTestResult executionId="e5fd8bb9-5d47-4cfd-a469-13031a75679f" testId="c50db150-9910-87fb-6f25-63ef4d96eb66" testName="M7 UI menus stats.stats aggregate into five depth buckets and two damage-per-floor series" computerName="03cd05825e12" duration="00:00:00.0090000" startTime="2026-08-04T12:08:15.8870949+02:00" endTime="2026-08-04T12:08:15.8968266+02:00" testType="13cdc9d9-ddb5-4fa4-a97d-d965ccfc6d4b" outcome="Passed" testListId="8c84fa94-04c1-424b-9868-57a2d4851a1d" relativeResultsDirectory="e5fd8bb9-5d47-4cfd-a469-13031a75679f" />
    <UnitTestResult executionId="4006ebb7-2f4a-4682-9f9f-c023a5a873e4" testId="79a8ebc1-13cd-84a4-7c50-2b908a1081d5" testName="game-shell rebind capture (#991/#1002).ArmRebind only arms on the settings screen (the rebind UI lives there)" computerName="03cd05825e12" startTime="2026-08-04T12:08:15.5145104+02:00" endTime="2026-08-04T12:08:15.5147933+02:00" testType="13cdc9d9-ddb5-4fa4-a97d-d965ccfc6d4b" outcome="Passed" testListId="8c84fa94-04c1-424b-9868-57a2d4851a1d" relativeResultsDirectory="4006ebb7-2f4a-4682-9f9f-c023a5a873e4" />
    <UnitTestResult executionId="5320624b-f5de-4c83-9ca2-7eec0eb86abc" testId="7cf2ecc4-3e1e-b9f1-29fd-f5dfd5aff0d5" testName="M14 item grants.reward fixtures survive room load on the floors a real run actually reaches" computerName="03cd05825e12" duration="00:00:00.0320000" startTime="2026-08-04T12:08:15.4729619+02:00" endTime="2026-08-04T12:08:15.5055805+02:00" testType="13cdc9d9-ddb5-4fa4-a97d-d965ccfc6d4b" outcome="Passed" testListId="8c84fa94-04c1-424b-9868-57a2d4851a1d" relativeResultsDirectory="5320624b-f5de-4c83-9ca2-7eec0eb86abc" />
    <UnitTestResult executionId="46518b11-1862-4fa3-bc05-20e51d98e0ea" testId="4ba29770-768c-38cd-9f22-c0b98765728d" testName="M14 item grants.an uncleared NON-boss room still yields its pedestal on sight" computerName="03cd05825e12" duration="00:00:00.0110000" startTime="2026-08-04T12:08:15.4848511+02:00" endTime="2026-08-04T12:08:15.4960061+02:00" testType="13cdc9d9-ddb5-4fa4-a97d-d965ccfc6d4b" outcome="Passed" testListId="8c84fa94-04c1-424b-9868-57a2d4851a1d" relativeResultsDirectory="46518b11-1862-4fa3-bc05-20e51d98e0ea" />
    <UnitTestResult executionId="bb9fe4cf-1b1a-40b7-8b71-e49ffbd1f480" testId="879ed5fb-e693-89d2-9b37-b77c1c65364e" testName="M13 room transition, pickups and world-space state.FR-004 a destroyed obstacle drops its pickup at its own position" computerName="03cd05825e12" duration="00:00:00.0050000" startTime="2026-08-04T12:08:15.5248557+02:00" endTime="2026-08-04T12:08:15.5305121+02:00" testType="13cdc9d9-ddb5-4fa4-a97d-d965ccfc6d4b" outcome="Passed" testListId="8c84fa94-04c1-424b-9868-57a2d4851a1d" relativeResultsDirectory="bb9fe4cf-1b1a-40b7-8b71-e49ffbd1f480" />
    <UnitTestResult executionId="a786de2c-8779-4ad5-a8f9-162675f17aef" testId="dbce76fe-7a6c-9df3-9d5e-92dbb972d35b" testName="M7 UI menus stats.actual result controls retry the seed, start a new seed, and return to title" computerName="03cd05825e12" duration="00:00:00.2960000" startTime="2026-08-04T12:08:15.8974219+02:00" endTime="2026-08-04T12:08:16.1956131+02:00" testType="13cdc9d9-ddb5-4fa4-a97d-d965ccfc6d4b" outcome="Passed" testListId="8c84fa94-04c1-424b-9868-57a2d4851a1d" relativeResultsDirectory="a786de2c-8779-4ad5-a8f9-162675f17aef" />
    <UnitTestResult executionId="0db0762b-89bb-4f39-8ac8-01a8557f2087" testId="42d14f74-a2c2-0d08-6232-d9e14ca6c2bb" testName="game-shell Esc routing (#991/#1002).Esc cancels an in-flight rebind before it routes any screen" computerName="03cd05825e12" startTime="2026-08-04T12:08:15.5042334+02:00" endTime="2026-08-04T12:08:15.5051801+02:00" testType="13cdc9d9-ddb5-4fa4-a97d-d965ccfc6d4b" outcome="Passed" testListId="8c84fa94-04c1-424b-9868-57a2d4851a1d" relativeResultsDirectory="0db0762b-89bb-4f39-8ac8-01a8557f2087" />
    <UnitTestResult executionId="0241b567-7c1d-43cd-8f9e-4e7e65c0b279" testId="00a6e621-35d2-6746-48da-b9b6f5e21feb" testName="M2 movement.acceleration friction normalization and speed clamp are fixed-step bounded" computerName="03cd05825e12" duration="00:00:00.0010000" startTime="2026-08-04T12:08:16.0209461+02:00" endTime="2026-08-04T12:08:16.0224346+02:00" testType="13cdc9d9-ddb5-4fa4-a97d-d965ccfc6d4b" outcome="Passed" testListId="8c84fa94-04c1-424b-9868-57a2d4851a1d" relativeResultsDirectory="0241b567-7c1d-43cd-8f9e-4e7e65c0b279" />
    <UnitTestResult executionId="65ab234f-266c-451f-9635-fb7727dc41f7" testId="69133d12-95b5-8550-b224-2b6ed330683e" testName="M5 entities bosses rooms.room seals and only final death opens and rolls once" computerName="03cd05825e12" duration="00:00:00.0010000" startTime="2026-08-04T12:08:15.9272788+02:00" endTime="2026-08-04T12:08:15.9288869+02:00" testType="13cdc9d9-ddb5-4fa4-a97d-d965ccfc6d4b" outcome="Passed" testListId="8c84fa94-04c1-424b-9868-57a2d4851a1d" relativeResultsDirectory="65ab234f-266c-451f-9635-fb7727dc41f7" />
    <UnitTestResult executionId="bba30ef0-da00-498d-ab0c-e3125e638a92" testId="50154aa3-0d35-f3e9-a20c-676e4aa520af" testName="M10 acceptance and determinism.AC22 obstacles use distinct collision and destruction rules" computerName="03cd05825e12" duration="00:00:00.0070000" startTime="2026-08-04T12:08:15.7869790+02:00" endTime="2026-08-04T12:08:15.7948282+02:00" testType="13cdc9d9-ddb5-4fa4-a97d-d965ccfc6d4b" outcome="Passed" testListId="8c84fa94-04c1-424b-9868-57a2d4851a1d" relativeResultsDirectory="bba30ef0-da00-498d-ab0c-e3125e638a92" />
    <UnitTestResult executionId="522430e8-4440-4737-ac56-439d4ddb2607" testId="f0dc4764-59de-e67d-a94c-e8aa6682e4bc" testName="M11 playability and visual legibility.FR-003 every rendered door comes from the current room's floor-graph door records" computerName="03cd05825e12" duration="00:00:00.0210000" startTime="2026-08-04T12:08:15.6428507+02:00" endTime="2026-08-04T12:08:15.6647630+02:00" testType="13cdc9d9-ddb5-4fa4-a97d-d965ccfc6d4b" outcome="Passed" testListId="8c84fa94-04c1-424b-9868-57a2d4851a1d" relativeResultsDirectory="522430e8-4440-4737-ac56-439d4ddb2607" />
    <UnitTestResult executionId="94cfb615-8d80-47c7-b03c-064d15f157b9" testId="05141331-f93e-893d-6fcb-e2e3654a5ea1" testName="M7 UI menus stats.run events and completion populate all requested counters" computerName="03cd05825e12" duration="00:00:00.0040000" startTime="2026-08-04T12:08:15.8871174+02:00" endTime="2026-08-04T12:08:15.8922490+02:00" testType="13cdc9d9-ddb5-4fa4-a97d-d965ccfc6d4b" outcome="Passed" testListId="8c84fa94-04c1-424b-9868-57a2d4851a1d" relativeResultsDirectory="94cfb615-8d80-47c7-b03c-064d15f157b9" />
    <UnitTestResult executionId="0d2a7218-083a-4ef5-9fe4-17a40d8ff42e" testId="d85a3a90-42fb-e737-20ed-ef6cb50918e3" testName="M13 room transition, pickups and world-space state.FR-010 the wall band does not seal the doorways it is drawn with" computerName="03cd05825e12" duration="00:00:00.0050000" startTime="2026-08-04T12:08:15.5371359+02:00" endTime="2026-08-04T12:08:15.5425716+02:00" testType="13cdc9d9-ddb5-4fa4-a97d-d965ccfc6d4b" outcome="Passed" testListId="8c84fa94-04c1-424b-9868-57a2d4851a1d" relativeResultsDirectory="0d2a7218-083a-4ef5-9fe4-17a40d8ff42e" />
    <UnitTestResult executionId="4f6507aa-2f14-4b08-9b2f-4759bf9adff1" testId="2d3673f0-0bdb-150b-d2e7-c99cd5bfd990" testName="rogue3-public-api-surface.the compile-order scans fail on a planted violation" computerName="03cd05825e12" startTime="2026-08-04T12:08:16.3034477+02:00" endTime="2026-08-04T12:08:16.3096785+02:00" testType="13cdc9d9-ddb5-4fa4-a97d-d965ccfc6d4b" outcome="Passed" testListId="8c84fa94-04c1-424b-9868-57a2d4851a1d" relativeResultsDirectory="4f6507aa-2f14-4b08-9b2f-4759bf9adff1" />
    <UnitTestResult executionId="6845cd54-0999-487f-9c3e-d86097326da3" testId="622cbf19-6cea-924e-5178-a91033535afb" testName="M8 requested audio.every fixed-step event maps to the exact §10 cue value and order" computerName="03cd05825e12" duration="00:00:00.0030000" startTime="2026-08-04T12:08:15.8578113+02:00" endTime="2026-08-04T12:08:15.8613404+02:00" testType="13cdc9d9-ddb5-4fa4-a97d-d965ccfc6d4b" outcome="Passed" testListId="8c84fa94-04c1-424b-9868-57a2d4851a1d" relativeResultsDirectory="6845cd54-0999-487f-9c3e-d86097326da3" />
    <UnitTestResult executionId="cc294295-d667-4750-b1f3-f6b36faabae9" testId="a06fe6b8-8346-52cc-d2f8-00b0215d7401" testName="rogue3-behavior.game scores and re-serves when the ball passes an undefended edge" computerName="03cd05825e12" duration="00:00:00.0020000" startTime="2026-08-04T12:08:16.1382246+02:00" endTime="2026-08-04T12:08:16.1406806+02:00" testType="13cdc9d9-ddb5-4fa4-a97d-d965ccfc6d4b" outcome="Passed" testListId="8c84fa94-04c1-424b-9868-57a2d4851a1d" relativeResultsDirectory="cc294295-d667-4750-b1f3-f6b36faabae9" />
    <UnitTestResult executionId="6ce88d0a-cc44-452c-8c2e-e18ef55869dd" testId="54724166-1d21-d088-b454-121420d4219a" testName="M3 health currency bombs and shops.temporary hearts and currencies hard cap and descent carry preserves resources" computerName="03cd05825e12" duration="00:00:00.0010000" startTime="2026-08-04T12:08:16.0116125+02:00" endTime="2026-08-04T12:08:16.0127889+02:00" testType="13cdc9d9-ddb5-4fa4-a97d-d965ccfc6d4b" outcome="Passed" testListId="8c84fa94-04c1-424b-9868-57a2d4851a1d" relativeResultsDirectory="6ce88d0a-cc44-452c-8c2e-e18ef55869dd" />
    <UnitTestResult executionId="3e379ded-fe7d-4b6e-83e2-439561293085" testId="35595766-df9d-ee82-60fe-fcd730c75ba5" testName="M2 performance definition binding.helper-backed initial state and messages invalidate the workload digest" computerName="03cd05825e12" duration="00:00:02.5320000" startTime="2026-08-04T12:08:16.0424666+02:00" endTime="2026-08-04T12:08:18.5757909+02:00" testType="13cdc9d9-ddb5-4fa4-a97d-d965ccfc6d4b" outcome="Passed" testListId="8c84fa94-04c1-424b-9868-57a2d4851a1d" relativeResultsDirectory="3e379ded-fe7d-4b6e-83e2-439561293085" />
    <UnitTestResult executionId="32f4d553-8bc0-47d9-9a37-c618500be25d" testId="808490ef-bfe8-d939-fbd8-a1a6273e50fb" testName="M10 acceptance and determinism.a log whose sequence numbers are not unique and increasing is rejected" computerName="03cd05825e12" duration="00:00:00.0050000" startTime="2026-08-04T12:08:15.8179290+02:00" endTime="2026-08-04T12:08:15.8351035+02:00" testType="13cdc9d9-ddb5-4fa4-a97d-d965ccfc6d4b" outcome="Passed" testListId="8c84fa94-04c1-424b-9868-57a2d4851a1d" relativeResultsDirectory="32f4d553-8bc0-47d9-9a37-c618500be25d" />
    <UnitTestResult executionId="fd902297-21d0-45b1-96fa-d451ac45af6f" testId="6d27236d-58b2-45b7-e25b-32c187cdd551" testName="M10 acceptance and determinism.AC14 a bomb against an adjacent wall reveals the secret room in the same step" computerName="03cd05825e12" duration="00:00:00.0080000" startTime="2026-08-04T12:08:15.7552075+02:00" endTime="2026-08-04T12:08:15.7655443+02:00" testType="13cdc9d9-ddb5-4fa4-a97d-d965ccfc6d4b" outcome="Passed" testListId="8c84fa94-04c1-424b-9868-57a2d4851a1d" relativeResultsDirectory="fd902297-21d0-45b1-96fa-d451ac45af6f" />
    <UnitTestResult executionId="35997fcd-1130-458b-800f-c467fff624f1" testId="4c246549-c3d2-6f7b-3f8b-beaf15b54c24" testName="M14 item grants.a player walks onto the pedestal and takes the item" computerName="03cd05825e12" duration="00:00:00.0190000" startTime="2026-08-04T12:08:15.4805342+02:00" endTime="2026-08-04T12:08:15.5008649+02:00" testType="13cdc9d9-ddb5-4fa4-a97d-d965ccfc6d4b" outcome="Passed" testListId="8c84fa94-04c1-424b-9868-57a2d4851a1d" relativeResultsDirectory="35997fcd-1130-458b-800f-c467fff624f1" />
    <UnitTestResult executionId="c9075db1-b491-455b-b256-aaa68a07b77d" testId="d54659ea-73dc-3ae9-41c7-64c4faa9ef53" testName="rogue3-governance.generated rogue3 ships the SWAP-CHECKLIST discoverability doc" computerName="03cd05825e12" duration="00:00:00.0010000" startTime="2026-08-04T12:08:16.7238502+02:00" endTime="2026-08-04T12:08:16.7254235+02:00" testType="13cdc9d9-ddb5-4fa4-a97d-d965ccfc6d4b" outcome="Passed" testListId="8c84fa94-04c1-424b-9868-57a2d4851a1d" relativeResultsDirectory="c9075db1-b491-455b-b256-aaa68a07b77d" />
    <UnitTestResult executionId="d9e4094a-94a6-47ac-b278-6df36051cf7d" testId="7ac6619f-7fb3-ca88-3e6d-69cdb45d6456" testName="M11 playability and visual legibility.FR-008 the interact key descends only from a trapdoor, through keys and ticks alone" computerName="03cd05825e12" duration="00:00:00.0050000" startTime="2026-08-04T12:08:15.6711627+02:00" endTime="2026-08-04T12:08:15.6899789+02:00" testType="13cdc9d9-ddb5-4fa4-a97d-d965ccfc6d4b" outcome="Passed" testListId="8c84fa94-04c1-424b-9868-57a2d4851a1d" relativeResultsDirectory="d9e4094a-94a6-47ac-b278-6df36051cf7d" />
    <UnitTestResult executionId="e2f15b88-bca9-4803-973d-48cd308bd8fd" testId="4bc0649f-4c5f-c8ac-5fc7-a0078ff6c063" testName="M5 entities bosses rooms.a bomb kill is resolved by the same cleanup, in the step the bomb explodes" computerName="03cd05825e12" duration="00:00:00.0010000" startTime="2026-08-04T12:08:15.9684749+02:00" endTime="2026-08-04T12:08:15.9733113+02:00" testType="13cdc9d9-ddb5-4fa4-a97d-d965ccfc6d4b" outcome="Passed" testListId="8c84fa94-04c1-424b-9868-57a2d4851a1d" relativeResultsDirectory="e2f15b88-bca9-4803-973d-48cd308bd8fd" />
    <UnitTestResult executionId="41f7c8cc-bbae-4bbb-9cae-b9e78229d97a" testId="7e24cda2-59bc-4ca2-143c-66988d41a197" testName="visual-coverage-gate.Rogue2 old self-declared control stays green while typed runtime inventory names Door and Trapdoor omissions" computerName="03cd05825e12" duration="00:00:00.0080000" startTime="2026-08-04T12:08:16.6566606+02:00" endTime="2026-08-04T12:08:16.6710910+02:00" testType="13cdc9d9-ddb5-4fa4-a97d-d965ccfc6d4b" outcome="Passed" testListId="8c84fa94-04c1-424b-9868-57a2d4851a1d" relativeResultsDirectory="41f7c8cc-bbae-4bbb-9cae-b9e78229d97a" />
    <UnitTestResult executionId="357543f5-c67e-4290-a9a4-5b365d68a3a2" testId="65f77a36-4dda-3866-dd83-0b83a852004c" testName="M10 acceptance and determinism.AC07 permadeath ends the run and evaluates unlocks" computerName="03cd05825e12" duration="00:00:00.0580000" startTime="2026-08-04T12:08:15.7331126+02:00" endTime="2026-08-04T12:08:15.7918133+02:00" testType="13cdc9d9-ddb5-4fa4-a97d-d965ccfc6d4b" outcome="Passed" testListId="8c84fa94-04c1-424b-9868-57a2d4851a1d" relativeResultsDirectory="357543f5-c67e-4290-a9a4-5b365d68a3a2" />
    <UnitTestResult executionId="34cb294a-dc73-458e-a10b-d6384f4c84af" testId="4bae20ec-549d-1a91-7637-1ab916aaf33b" testName="m1-input-twin-stick.gamepad left and right sticks remain independent and analog" computerName="03cd05825e12" startTime="2026-08-04T12:08:16.0526728+02:00" endTime="2026-08-04T12:08:16.0549919+02:00" testType="13cdc9d9-ddb5-4fa4-a97d-d965ccfc6d4b" outcome="Passed" testListId="8c84fa94-04c1-424b-9868-57a2d4851a1d" relativeResultsDirectory="34cb294a-dc73-458e-a10b-d6384f4c84af" />
    <UnitTestResult executionId="a127c8df-3a0f-4189-929b-4c0fd938ee72" testId="d79495b3-b200-b3ba-392e-91868178e563" testName="M10 acceptance and determinism.AC17 the boss door seals the encounter and opens only on boss death" computerName="03cd05825e12" duration="00:00:00.0030000" startTime="2026-08-04T12:08:15.7757698+02:00" endTime="2026-08-04T12:08:15.7793862+02:00" testType="13cdc9d9-ddb5-4fa4-a97d-d965ccfc6d4b" outcome="Passed" testListId="8c84fa94-04c1-424b-9868-57a2d4851a1d" relativeResultsDirectory="a127c8df-3a0f-4189-929b-4c0fd938ee72" />
    <UnitTestResult executionId="a8c6724f-6acb-461c-9578-279bfcbbb6db" testId="9bc92205-356a-3475-74a6-1adefae1a769" testName="M3 health currency bombs and shops.AC11 shop accepts affordable item and rejects unaffordable item" computerName="03cd05825e12" duration="00:00:00.0030000" startTime="2026-08-04T12:08:16.0116283+02:00" endTime="2026-08-04T12:08:16.0150636+02:00" testType="13cdc9d9-ddb5-4fa4-a97d-d965ccfc6d4b" outcome="Passed" testListId="8c84fa94-04c1-424b-9868-57a2d4851a1d" relativeResultsDirectory="a8c6724f-6acb-461c-9578-279bfcbbb6db" />
    <UnitTestResult executionId="a11e3782-bda4-42d5-b6a0-bcae4d229ea6" testId="1934d25e-53a8-af89-939c-e5d5d109f3ff" testName="game-shell rebind capture (#991/#1002).CancelRebind abandons an in-flight capture without rebinding" computerName="03cd05825e12" startTime="2026-08-04T12:08:15.5144970+02:00" endTime="2026-08-04T12:08:15.5148286+02:00" testType="13cdc9d9-ddb5-4fa4-a97d-d965ccfc6d4b" outcome="Passed" testListId="8c84fa94-04c1-424b-9868-57a2d4851a1d" relativeResultsDirectory="a11e3782-bda4-42d5-b6a0-bcae4d229ea6" />
    <UnitTestResult executionId="dd743c9e-b36d-4c55-86c6-9c69d54b8e95" testId="792bbcd9-8786-6c6f-e694-0c7844a55d0f" testName="M5 entities bosses rooms.layout item pool is deterministic and dupe free across fixtures" computerName="03cd05825e12" duration="00:00:00.0020000" startTime="2026-08-04T12:08:15.9377605+02:00" endTime="2026-08-04T12:08:15.9405467+02:00" testType="13cdc9d9-ddb5-4fa4-a97d-d965ccfc6d4b" outcome="Passed" testListId="8c84fa94-04c1-424b-9868-57a2d4851a1d" relativeResultsDirectory="dd743c9e-b36d-4c55-86c6-9c69d54b8e95" />
    <UnitTestResult executionId="7f754ec0-21ad-413a-86f3-396f69edbdde" testId="f1b02942-4429-278a-77fe-4b18b781b51e" testName="m1-input-twin-stick.AC 9 moves left while mouse-aimed shot travels right with velocity inheritance" computerName="03cd05825e12" startTime="2026-08-04T12:08:16.0526496+02:00" endTime="2026-08-04T12:08:16.0536386+02:00" testType="13cdc9d9-ddb5-4fa4-a97d-d965ccfc6d4b" outcome="Passed" testListId="8c84fa94-04c1-424b-9868-57a2d4851a1d" relativeResultsDirectory="7f754ec0-21ad-413a-86f3-396f69edbdde" />
    <UnitTestResult executionId="246928a4-ecc2-4c6e-9ebe-50f06a5a3579" testId="1c742eb7-c71f-14b2-a0ef-e0ddfd46efbf" testName="rogue3-governance.generated evidence graph and audit do not shell the decommissioned scripts" computerName="03cd05825e12" duration="00:00:00.0020000" startTime="2026-08-04T12:08:16.7139119+02:00" endTime="2026-08-04T12:08:16.7185509+02:00" testType="13cdc9d9-ddb5-4fa4-a97d-d965ccfc6d4b" outcome="Passed" testListId="8c84fa94-04c1-424b-9868-57a2d4851a1d" relativeResultsDirectory="246928a4-ecc2-4c6e-9ebe-50f06a5a3579" />
    <UnitTestResult executionId="5135a35b-072e-4869-af0c-b4ea97234ba3" testId="a1c07f50-ff97-edfa-9edf-17d30a07cda4" testName="rogue3-behavior.M0 same seed reproduces independent LayoutRng and DropRng streams" computerName="03cd05825e12" duration="00:00:00.0020000" startTime="2026-08-04T12:08:16.1172470+02:00" endTime="2026-08-04T12:08:16.1203717+02:00" testType="13cdc9d9-ddb5-4fa4-a97d-d965ccfc6d4b" outcome="Passed" testListId="8c84fa94-04c1-424b-9868-57a2d4851a1d" relativeResultsDirectory="5135a35b-072e-4869-af0c-b4ea97234ba3" />
    <UnitTestResult executionId="84e1ba82-3eef-4229-b477-edad8bcc726c" testId="af51adfb-61d7-a1ae-7e8c-8cdd9dd02167" testName="rogue3-governance.generated evidence graph command runs the in-process engine" computerName="03cd05825e12" startTime="2026-08-04T12:08:16.7131227+02:00" endTime="2026-08-04T12:08:16.7171165+02:00" testType="13cdc9d9-ddb5-4fa4-a97d-d965ccfc6d4b" outcome="Passed" testListId="8c84fa94-04c1-424b-9868-57a2d4851a1d" relativeResultsDirectory="84e1ba82-3eef-4229-b477-edad8bcc726c" />
    <UnitTestResult executionId="a66bd6cb-6d82-4a17-81b6-ebba931f3884" testId="cb1074f9-ca77-9707-83ec-e23e46045a0f" testName="M10 acceptance and determinism.the canonical encoding sees a divergence that sprintf %A cannot" computerName="03cd05825e12" duration="00:00:00.0210000" startTime="2026-08-04T12:08:15.7924964+02:00" endTime="2026-08-04T12:08:15.8139783+02:00" testType="13cdc9d9-ddb5-4fa4-a97d-d965ccfc6d4b" outcome="Passed" testListId="8c84fa94-04c1-424b-9868-57a2d4851a1d" relativeResultsDirectory="a66bd6cb-6d82-4a17-81b6-ebba931f3884" />
    <UnitTestResult executionId="2162c243-027f-4ba7-9d69-2a4807278062" testId="30b8fa02-719e-c4c1-ca5e-76b173b7130e" testName="M10 acceptance and determinism.AC18 trapdoor descent carries run state and replaces floor state" computerName="03cd05825e12" duration="00:00:00.0070000" startTime="2026-08-04T12:08:15.7757847+02:00" endTime="2026-08-04T12:08:15.7832708+02:00" testType="13cdc9d9-ddb5-4fa4-a97d-d965ccfc6d4b" outcome="Passed" testListId="8c84fa94-04c1-424b-9868-57a2d4851a1d" relativeResultsDirectory="2162c243-027f-4ba7-9d69-2a4807278062" />
    <UnitTestResult executionId="37c6ff83-476e-4ff8-806b-25a761b4b671" testId="6ad22c98-c7a3-a3c8-5f6e-0462cecc5965" testName="M13 room transition, pickups and world-space state.FR-005 walking onto a pickup collects it exactly once, through movement keys alone" computerName="03cd05825e12" duration="00:00:00.0350000" startTime="2026-08-04T12:08:15.5269655+02:00" endTime="2026-08-04T12:08:15.5621601+02:00" testType="13cdc9d9-ddb5-4fa4-a97d-d965ccfc6d4b" outcome="Passed" testListId="8c84fa94-04c1-424b-9868-57a2d4851a1d" relativeResultsDirectory="37c6ff83-476e-4ff8-806b-25a761b4b671" />
    <UnitTestResult executionId="9075d36c-dc2c-4287-b0bf-d341ecbcd609" testId="306327b3-6633-4869-cc9d-5c7e0a46a4cb" testName="M10 acceptance and determinism.AC15 open door traversal is bidirectional and lands at the matching doorway" computerName="03cd05825e12" duration="00:00:00.0040000" startTime="2026-08-04T12:08:15.7609388+02:00" endTime="2026-08-04T12:08:15.7656680+02:00" testType="13cdc9d9-ddb5-4fa4-a97d-d965ccfc6d4b" outcome="Passed" testListId="8c84fa94-04c1-424b-9868-57a2d4851a1d" relativeResultsDirectory="9075d36c-dc2c-4287-b0bf-d341ecbcd609" />
    <UnitTestResult executionId="ccb73969-b3bb-4329-94d0-ccf3fa0013c3" testId="279ecd16-fbeb-6784-cff3-5c5eed0f0b4e" testName="M12 audio assets.every declared cue id resolves through the production resolver to playable mono 16-bit PCM" computerName="03cd05825e12" duration="00:00:00.0280000" startTime="2026-08-04T12:08:15.5549323+02:00" endTime="2026-08-04T12:08:15.5837832+02:00" testType="13cdc9d9-ddb5-4fa4-a97d-d965ccfc6d4b" outcome="Passed" testListId="8c84fa94-04c1-424b-9868-57a2d4851a1d" relativeResultsDirectory="ccb73969-b3bb-4329-94d0-ccf3fa0013c3" />
    <UnitTestResult executionId="92ce9a82-78cc-4374-a7e0-a19c0b5f2e74" testId="a3585d8f-a932-6fc1-bdf7-9624e83f4cc7" testName="M12 audio assets.every cue id the production host requests during a real run is declared and resolves" computerName="03cd05825e12" duration="00:00:00.1010000" startTime="2026-08-04T12:08:15.5708020+02:00" endTime="2026-08-04T12:08:15.6718679+02:00" testType="13cdc9d9-ddb5-4fa4-a97d-d965ccfc6d4b" outcome="Passed" testListId="8c84fa94-04c1-424b-9868-57a2d4851a1d" relativeResultsDirectory="92ce9a82-78cc-4374-a7e0-a19c0b5f2e74" />
    <UnitTestResult executionId="09ba31af-5c28-499c-bb05-cd107c40363a" testId="32040b54-9ea3-e665-dff0-e05ad5040a73" testName="M10 acceptance and determinism.AC05 room-clear gating opens doors only when the last enemy dies" computerName="03cd05825e12" duration="00:00:00.0050000" startTime="2026-08-04T12:08:15.7225866+02:00" endTime="2026-08-04T12:08:15.7386034+02:00" testType="13cdc9d9-ddb5-4fa4-a97d-d965ccfc6d4b" outcome="Passed" testListId="8c84fa94-04c1-424b-9868-57a2d4851a1d" relativeResultsDirectory="09ba31af-5c28-499c-bb05-cd107c40363a" />
    <UnitTestResult executionId="027aca1b-9daf-419a-baa6-bb161aadc0d0" testId="dce37256-529f-7c97-8c7b-570188be4f7f" testName="M14 item grants.walking across the whole shop buys nothing without a press" computerName="03cd05825e12" duration="00:00:00.0990000" startTime="2026-08-04T12:08:15.4124713+02:00" endTime="2026-08-04T12:08:15.5119431+02:00" testType="13cdc9d9-ddb5-4fa4-a97d-d965ccfc6d4b" outcome="Passed" testListId="8c84fa94-04c1-424b-9868-57a2d4851a1d" relativeResultsDirectory="027aca1b-9daf-419a-baa6-bb161aadc0d0" />
    <UnitTestResult executionId="4606b7e7-589b-490d-bb49-01d6d4727dfb" testId="18112e16-0fde-5c31-0003-a60e1ca42215" testName="M7 UI menus stats.actual host clicks open stats, change scope, and return without advancing play" computerName="03cd05825e12" duration="00:00:00.3430000" startTime="2026-08-04T12:08:15.8973911+02:00" endTime="2026-08-04T12:08:16.2425557+02:00" testType="13cdc9d9-ddb5-4fa4-a97d-d965ccfc6d4b" outcome="Passed" testListId="8c84fa94-04c1-424b-9868-57a2d4851a1d" relativeResultsDirectory="4606b7e7-589b-490d-bb49-01d6d4727dfb" />
    <UnitTestResult executionId="b5a25511-7ac1-48d9-8274-98e5dbb5f808" testId="5e3b0f2a-f7ad-da20-b33c-65a084ad9917" testName="M4 procedural floors.AC18 descent carries player run state and replaces every room-local collection" computerName="03cd05825e12" duration="00:00:00.0030000" startTime="2026-08-04T12:08:15.9934940+02:00" endTime="2026-08-04T12:08:15.9973227+02:00" testType="13cdc9d9-ddb5-4fa4-a97d-d965ccfc6d4b" outcome="Passed" testListId="8c84fa94-04c1-424b-9868-57a2d4851a1d" relativeResultsDirectory="b5a25511-7ac1-48d9-8274-98e5dbb5f808" />
    <UnitTestResult executionId="6b0fc8a6-f731-44d4-89e6-5af7010382e1" testId="60e03f9b-bcc5-1b86-4350-8216f509dcc7" testName="M13 room transition, pickups and world-space state.FR-012 invulnerability, the roll, being down and an enemy wind-up each have a world-space visual" computerName="03cd05825e12" duration="00:00:00.0130000" startTime="2026-08-04T12:08:15.5451122+02:00" endTime="2026-08-04T12:08:15.5602969+02:00" testType="13cdc9d9-ddb5-4fa4-a97d-d965ccfc6d4b" outcome="Passed" testListId="8c84fa94-04c1-424b-9868-57a2d4851a1d" relativeResultsDirectory="6b0fc8a6-f731-44d4-89e6-5af7010382e1" />
    <UnitTestResult executionId="608322f5-03f3-4396-b72d-45035ed82431" testId="d52a2fe6-b284-7e78-29f5-7416156c3601" testName="game-shell routeKeyDown (#991/#1002).a capture in flight swallows the very next key as CaptureKey (even a live-play binding)" computerName="03cd05825e12" duration="00:00:00.0020000" startTime="2026-08-04T12:08:15.5146369+02:00" endTime="2026-08-04T12:08:15.5176190+02:00" testType="13cdc9d9-ddb5-4fa4-a97d-d965ccfc6d4b" outcome="Passed" testListId="8c84fa94-04c1-424b-9868-57a2d4851a1d" relativeResultsDirectory="608322f5-03f3-4396-b72d-45035ed82431" />
    <UnitTestResult executionId="24aadad9-77a3-44d7-8edf-cb19da77f0e3" testId="55e70b4e-6751-4ebf-c937-1d2cc473734d" testName="M10 acceptance and determinism.AC04 multishot and spread produce the right projectiles" computerName="03cd05825e12" duration="00:00:00.0010000" startTime="2026-08-04T12:08:15.7146244+02:00" endTime="2026-08-04T12:08:15.7163397+02:00" testType="13cdc9d9-ddb5-4fa4-a97d-d965ccfc6d4b" outcome="Passed" testListId="8c84fa94-04c1-424b-9868-57a2d4851a1d" relativeResultsDirectory="24aadad9-77a3-44d7-8edf-cb19da77f0e3" />
    <UnitTestResult executionId="262f2dd4-d375-4f19-ab4e-a92a381415de" testId="2dd5a75f-f12c-2a2e-f425-dbdc00ef4ddc" testName="M11 playability and visual legibility.FR-002 walking into a key door with a key opens it and spends exactly one key" computerName="03cd05825e12" duration="00:00:00.0340000" startTime="2026-08-04T12:08:15.6262914+02:00" endTime="2026-08-04T12:08:15.6610224+02:00" testType="13cdc9d9-ddb5-4fa4-a97d-d965ccfc6d4b" outcome="Passed" testListId="8c84fa94-04c1-424b-9868-57a2d4851a1d" relativeResultsDirectory="262f2dd4-d375-4f19-ab4e-a92a381415de" />
    <UnitTestResult executionId="1f9acf1c-b124-45fa-9b38-a869d5d62f25" testId="f19348dc-2fbe-3066-24c6-a0649d48892b" testName="M14 item grants.with two slots in reach at once, the press buys the NEARER one" computerName="03cd05825e12" duration="00:00:00.0410000" startTime="2026-08-04T12:08:15.4401717+02:00" endTime="2026-08-04T12:08:15.4821699+02:00" testType="13cdc9d9-ddb5-4fa4-a97d-d965ccfc6d4b" outcome="Passed" testListId="8c84fa94-04c1-424b-9868-57a2d4851a1d" relativeResultsDirectory="1f9acf1c-b124-45fa-9b38-a869d5d62f25" />
    <UnitTestResult executionId="e9a69111-da45-40c3-8ad1-56488bf6f01e" testId="aaf22bb6-db1d-007b-1232-a726324b57b5" testName="rogue3-governance.compile-order scan anchors to Compile Include and survives additive filenames and comments" computerName="03cd05825e12" startTime="2026-08-04T12:08:16.6823036+02:00" endTime="2026-08-04T12:08:16.6914263+02:00" testType="13cdc9d9-ddb5-4fa4-a97d-d965ccfc6d4b" outcome="Passed" testListId="8c84fa94-04c1-424b-9868-57a2d4851a1d" relativeResultsDirectory="e9a69111-da45-40c3-8ad1-56488bf6f01e" />
    <UnitTestResult executionId="8025ddd3-4748-44fc-966b-f83e033ac666" testId="bdba3288-1ade-0cfa-51f0-552a998f5674" testName="M14 item grants.the rebindable interact COMMAND buys once per press, not once per fixed step" computerName="03cd05825e12" duration="00:00:00.0400000" startTime="2026-08-04T12:08:15.4401844+02:00" endTime="2026-08-04T12:08:15.4804366+02:00" testType="13cdc9d9-ddb5-4fa4-a97d-d965ccfc6d4b" outcome="Passed" testListId="8c84fa94-04c1-424b-9868-57a2d4851a1d" relativeResultsDirectory="8025ddd3-4748-44fc-966b-f83e033ac666" />
    <UnitTestResult executionId="8de930ac-8168-4e97-bd0f-5e9dc0cbe512" testId="cb2600bc-3aa3-9af0-47d3-0e0dd9f66f6f" testName="rogue3-public-api-surface.the surface comparison fails on a planted undeclared public binding" computerName="03cd05825e12" duration="00:00:00.0010000" startTime="2026-08-04T12:08:16.3523755+02:00" endTime="2026-08-04T12:08:16.3542015+02:00" testType="13cdc9d9-ddb5-4fa4-a97d-d965ccfc6d4b" outcome="Passed" testListId="8c84fa94-04c1-424b-9868-57a2d4851a1d" relativeResultsDirectory="8de930ac-8168-4e97-bd0f-5e9dc0cbe512" />
    <UnitTestResult executionId="e745f967-76c9-488f-8636-92a10b46b984" testId="5f1b8fe5-89f2-15b5-d6d0-5f05d2d7c07c" testName="m1-input-twin-stick.Tick derives a key edge once, then commits previous after simulation" computerName="03cd05825e12" startTime="2026-08-04T12:08:16.0424647+02:00" endTime="2026-08-04T12:08:16.0435398+02:00" testType="13cdc9d9-ddb5-4fa4-a97d-d965ccfc6d4b" outcome="Passed" testListId="8c84fa94-04c1-424b-9868-57a2d4851a1d" relativeResultsDirectory="e745f967-76c9-488f-8636-92a10b46b984" />
    <UnitTestResult executionId="93b69248-8182-41bb-a106-a905555ab352" testId="1c2aaa90-dfa0-8a8a-925d-33defb3aae43" testName="M10 acceptance and determinism.AC02 layout is independent of the combat RNG stream" computerName="03cd05825e12" duration="00:00:00.0270000" startTime="2026-08-04T12:08:15.7106252+02:00" endTime="2026-08-04T12:08:15.7384479+02:00" testType="13cdc9d9-ddb5-4fa4-a97d-d965ccfc6d4b" outcome="Passed" testListId="8c84fa94-04c1-424b-9868-57a2d4851a1d" relativeResultsDirectory="93b69248-8182-41bb-a106-a905555ab352" />
    <UnitTestResult executionId="e018281b-ce23-48be-b802-24a8dbc13c06" testId="61cfda3f-1586-fe98-ad14-3f83f91ca49d" testName="rogue3-governance.generated rogue3 source is split by responsibility in compile order" computerName="03cd05825e12" startTime="2026-08-04T12:08:16.6712065+02:00" endTime="2026-08-04T12:08:16.6722359+02:00" testType="13cdc9d9-ddb5-4fa4-a97d-d965ccfc6d4b" outcome="Passed" testListId="8c84fa94-04c1-424b-9868-57a2d4851a1d" relativeResultsDirectory="e018281b-ce23-48be-b802-24a8dbc13c06" />
    <UnitTestResult executionId="a1c11dcc-3ef2-4772-84c7-2d1ad634a72d" testId="4e5ea0ea-d722-d2e9-be34-b74b6359dfea" testName="M10 acceptance and determinism.AC12 shop, treasure and boss contents are layout-deterministic and dupe-free" computerName="03cd05825e12" duration="00:00:00.0250000" startTime="2026-08-04T12:08:15.7452510+02:00" endTime="2026-08-04T12:08:15.7704031+02:00" testType="13cdc9d9-ddb5-4fa4-a97d-d965ccfc6d4b" outcome="Passed" testListId="8c84fa94-04c1-424b-9868-57a2d4851a1d" relativeResultsDirectory="a1c11dcc-3ef2-4772-84c7-2d1ad634a72d" />
    <UnitTestResult executionId="6389ff9f-67f0-43d3-a533-6137e1552dcf" testId="48080ef6-f109-237e-e31a-27a401fea12b" testName="M3 health currency bombs and shops.bomb spends on edge, fuses, blasts, and chain detonates exactly once" computerName="03cd05825e12" duration="00:00:00.0020000" startTime="2026-08-04T12:08:16.0125814+02:00" endTime="2026-08-04T12:08:16.0149481+02:00" testType="13cdc9d9-ddb5-4fa4-a97d-d965ccfc6d4b" outcome="Passed" testListId="8c84fa94-04c1-424b-9868-57a2d4851a1d" relativeResultsDirectory="6389ff9f-67f0-43d3-a533-6137e1552dcf" />
    <UnitTestResult executionId="006ed5e6-9831-4fc8-97f4-c2eb400793fd" testId="7a4f69e4-6c2e-b99f-67fa-a6ed611a1310" testName="M12 audio assets.the committed assets are exactly what the compiled synthesis produces" computerName="03cd05825e12" duration="00:00:00.2610000" startTime="2026-08-04T12:08:15.6019438+02:00" endTime="2026-08-04T12:08:15.8639872+02:00" testType="13cdc9d9-ddb5-4fa4-a97d-d965ccfc6d4b" outcome="Passed" testListId="8c84fa94-04c1-424b-9868-57a2d4851a1d" relativeResultsDirectory="006ed5e6-9831-4fc8-97f4-c2eb400793fd" />
    <UnitTestResult executionId="07425f8a-c97b-40dc-9713-ef7d20182a4b" testId="adc25ddf-152a-7158-e384-52659f72a93e" testName="M13 room transition, pickups and world-space state.FR-013 the HUD is inventoried per region, and the composed scene is unchanged" computerName="03cd05825e12" duration="00:00:00.0440000" startTime="2026-08-04T12:08:15.5451408+02:00" endTime="2026-08-04T12:08:15.5910775+02:00" testType="13cdc9d9-ddb5-4fa4-a97d-d965ccfc6d4b" outcome="Passed" testListId="8c84fa94-04c1-424b-9868-57a2d4851a1d" relativeResultsDirectory="07425f8a-c97b-40dc-9713-ef7d20182a4b" />
    <UnitTestResult executionId="bdd7f873-63ad-47d3-b8e6-1181f8a41a97" testId="4f278071-8909-d178-0de2-e77de2379ae0" testName="M4 procedural floors.AC14 bomb reveal atomically opens reciprocal doors and graph adjacency" computerName="03cd05825e12" duration="00:00:00.0020000" startTime="2026-08-04T12:08:15.9904459+02:00" endTime="2026-08-04T12:08:15.9942432+02:00" testType="13cdc9d9-ddb5-4fa4-a97d-d965ccfc6d4b" outcome="Passed" testListId="8c84fa94-04c1-424b-9868-57a2d4851a1d" relativeResultsDirectory="bdd7f873-63ad-47d3-b8e6-1181f8a41a97" />
    <UnitTestResult executionId="9520c5dd-bdc3-457a-a98b-10addd742557" testId="e6d79cd2-b8ef-67da-b831-23e8b23138b1" testName="rogue3-behavior.game layout validation accepts a readable report and rejects a factless one" computerName="03cd05825e12" duration="00:00:00.0050000" startTime="2026-08-04T12:08:16.2588802+02:00" endTime="2026-08-04T12:08:16.2643438+02:00" testType="13cdc9d9-ddb5-4fa4-a97d-d965ccfc6d4b" outcome="Passed" testListId="8c84fa94-04c1-424b-9868-57a2d4851a1d" relativeResultsDirectory="9520c5dd-bdc3-457a-a98b-10addd742557" />
    <UnitTestResult executionId="271b77ab-325d-4d26-bc83-4341f78b3597" testId="616515e6-07ed-ee2b-501a-90d8d81da26e" testName="M2 movement.radius-13 player slides along an AABB obstacle by X then Y" computerName="03cd05825e12" duration="00:00:00.0010000" startTime="2026-08-04T12:08:16.0209622+02:00" endTime="2026-08-04T12:08:16.0225196+02:00" testType="13cdc9d9-ddb5-4fa4-a97d-d965ccfc6d4b" outcome="Passed" testListId="8c84fa94-04c1-424b-9868-57a2d4851a1d" relativeResultsDirectory="271b77ab-325d-4d26-bc83-4341f78b3597" />
    <UnitTestResult executionId="cfdfb3b7-921e-4d0d-9692-1e7ce5bea913" testId="4571a868-ea57-4c00-b547-a3fd20fd9f8a" testName="rogue3-behavior.M0 fixed 120 Hz drain banks fractions and clamps a huge stall to five steps (AC #8)" computerName="03cd05825e12" startTime="2026-08-04T12:08:16.1072993+02:00" endTime="2026-08-04T12:08:16.1079290+02:00" testType="13cdc9d9-ddb5-4fa4-a97d-d965ccfc6d4b" outcome="Passed" testListId="8c84fa94-04c1-424b-9868-57a2d4851a1d" relativeResultsDirectory="cfdfb3b7-921e-4d0d-9692-1e7ce5bea913" />
    <UnitTestResult executionId="67a47b99-4d62-4485-bddd-031a6b96921d" testId="cfa9eee2-8ea7-0207-07a3-2c05d3fb63b2" testName="M14 item grants.a bought CONSUMABLE arrives through the same key press" computerName="03cd05825e12" duration="00:00:00.0520000" startTime="2026-08-04T12:08:15.4124115+02:00" endTime="2026-08-04T12:08:15.4650411+02:00" testType="13cdc9d9-ddb5-4fa4-a97d-d965ccfc6d4b" outcome="Passed" testListId="8c84fa94-04c1-424b-9868-57a2d4851a1d" relativeResultsDirectory="67a47b99-4d62-4485-bddd-031a6b96921d" />
    <UnitTestResult executionId="b86311c9-a7e9-4760-8da8-86d9de0bda1a" testId="417c3d32-4df9-615f-5287-b68da014af7e" testName="rogue3-public-api-surface.a public implementation binding absent from its signature does not enter the declared API" computerName="03cd05825e12" duration="00:00:00.0300000" startTime="2026-08-04T12:08:16.3216839+02:00" endTime="2026-08-04T12:08:16.3541925+02:00" testType="13cdc9d9-ddb5-4fa4-a97d-d965ccfc6d4b" outcome="Passed" testListId="8c84fa94-04c1-424b-9868-57a2d4851a1d" relativeResultsDirectory="b86311c9-a7e9-4760-8da8-86d9de0bda1a" />
    <UnitTestResult executionId="f3074985-87f3-4d17-96e9-74576c83d9f9" testId="28f75636-c63e-00db-8f54-c2a8912a660b" testName="M13 room transition, pickups and world-space state.FR-007 placed fixtures clear the shell, the doorways, the trapdoor and every obstacle, on every reachable floor" computerName="03cd05825e12" duration="00:00:00.2060000" startTime="2026-08-04T12:08:15.5349350+02:00" endTime="2026-08-04T12:08:15.7414572+02:00" testType="13cdc9d9-ddb5-4fa4-a97d-d965ccfc6d4b" outcome="Passed" testListId="8c84fa94-04c1-424b-9868-57a2d4851a1d" relativeResultsDirectory="f3074985-87f3-4d17-96e9-74576c83d9f9" />
    <UnitTestResult executionId="0c87736c-0b15-4da5-948b-0a3e8353a7de" testId="1b2f0d1a-e6b0-b2ac-4f2e-fb3015ae8c11" testName="M14 item grants.grantItem is the only writer, so ItemsFound can never disagree with PlayerItems" computerName="03cd05825e12" duration="00:00:00.0050000" startTime="2026-08-04T12:08:15.3792048+02:00" endTime="2026-08-04T12:08:15.4077989+02:00" testType="13cdc9d9-ddb5-4fa4-a97d-d965ccfc6d4b" outcome="Passed" testListId="8c84fa94-04c1-424b-9868-57a2d4851a1d" relativeResultsDirectory="0c87736c-0b15-4da5-948b-0a3e8353a7de" />
    <UnitTestResult executionId="f21e757d-6d79-4127-b668-0ed4d50c7271" testId="10c8019a-fa30-ed2a-f463-010c8fa23e4d" testName="M5 entities bosses rooms.exhausted item tags generate deterministic consumable fallback fixtures" computerName="03cd05825e12" duration="00:00:00.0030000" startTime="2026-08-04T12:08:15.9403768+02:00" endTime="2026-08-04T12:08:15.9436179+02:00" testType="13cdc9d9-ddb5-4fa4-a97d-d965ccfc6d4b" outcome="Passed" testListId="8c84fa94-04c1-424b-9868-57a2d4851a1d" relativeResultsDirectory="f21e757d-6d79-4127-b668-0ed4d50c7271" />
    <UnitTestResult executionId="ae257cea-20c1-41ad-a85b-d669ca020bda" testId="87790a95-0a96-193f-52e1-5582013bb1d3" testName="M10 acceptance and determinism.AC06 damage applies and both invulnerability windows protect" computerName="03cd05825e12" duration="00:00:00.0040000" startTime="2026-08-04T12:08:15.7281897+02:00" endTime="2026-08-04T12:08:15.7386202+02:00" testType="13cdc9d9-ddb5-4fa4-a97d-d965ccfc6d4b" outcome="Passed" testListId="8c84fa94-04c1-424b-9868-57a2d4851a1d" relativeResultsDirectory="ae257cea-20c1-41ad-a85b-d669ca020bda" />
    <UnitTestResult executionId="9e5595f5-2518-4b4a-939f-9df532d20a4f" testId="9c8cba31-6559-1b02-e818-1a15976563c3" testName="M11 playability and visual legibility.FR-004 each door is drawn on its own wall and every state looks different" computerName="03cd05825e12" duration="00:00:00.0200000" startTime="2026-08-04T12:08:15.6441869+02:00" endTime="2026-08-04T12:08:15.6649590+02:00" testType="13cdc9d9-ddb5-4fa4-a97d-d965ccfc6d4b" outcome="Passed" testListId="8c84fa94-04c1-424b-9868-57a2d4851a1d" relativeResultsDirectory="9e5595f5-2518-4b4a-939f-9df532d20a4f" />
    <UnitTestResult executionId="8825aaed-6f2b-4b16-998e-5c45b3c23d91" testId="7ce2cc84-4ba1-6849-3987-f356f43f5ba5" testName="M13 room transition, pickups and world-space state.FR-014 every M13 element is inventoried, catalogued and bound, and none duplicates another" computerName="03cd05825e12" duration="00:00:05.1520000" startTime="2026-08-04T12:08:15.5451718+02:00" endTime="2026-08-04T12:08:20.6996399+02:00" testType="13cdc9d9-ddb5-4fa4-a97d-d965ccfc6d4b" outcome="Passed" testListId="8c84fa94-04c1-424b-9868-57a2d4851a1d" relativeResultsDirectory="8825aaed-6f2b-4b16-998e-5c45b3c23d91" />
    <UnitTestResult executionId="0e58874d-aaa2-422e-a25b-d6399bb28995" testId="0220b09e-84d9-d009-d976-577220adf740" testName="M8 requested audio.pickup, room, boss and run-end transitions retain exact product-owned values" computerName="03cd05825e12" duration="00:00:00.0080000" startTime="2026-08-04T12:08:15.8761890+02:00" endTime="2026-08-04T12:08:15.8844326+02:00" testType="13cdc9d9-ddb5-4fa4-a97d-d965ccfc6d4b" outcome="Passed" testListId="8c84fa94-04c1-424b-9868-57a2d4851a1d" relativeResultsDirectory="0e58874d-aaa2-422e-a25b-d6399bb28995" />
    <UnitTestResult executionId="f4ffe136-f346-47b2-bc4a-77773226736c" testId="984fe0d4-f8f9-1029-46f7-d068ab716c85" testName="M2 projectiles.AC10 age and room exit terminate and bounce is finite" computerName="03cd05825e12" duration="00:00:00.0020000" startTime="2026-08-04T12:08:16.0311467+02:00" endTime="2026-08-04T12:08:16.0336038+02:00" testType="13cdc9d9-ddb5-4fa4-a97d-d965ccfc6d4b" outcome="Passed" testListId="8c84fa94-04c1-424b-9868-57a2d4851a1d" relativeResultsDirectory="f4ffe136-f346-47b2-bc4a-77773226736c" />
    <UnitTestResult executionId="15441632-d543-4f84-81bf-f35288ad4355" testId="c5c83908-44cf-d092-e394-5dfaeff3243e" testName="M13 room transition, pickups and world-space state.FR-002 a slide draws BOTH rooms, exactly one playfield apart, and nothing extra when idle" computerName="03cd05825e12" duration="00:00:00.0050000" startTime="2026-08-04T12:08:15.5248238+02:00" endTime="2026-08-04T12:08:15.5306907+02:00" testType="13cdc9d9-ddb5-4fa4-a97d-d965ccfc6d4b" outcome="Passed" testListId="8c84fa94-04c1-424b-9868-57a2d4851a1d" relativeResultsDirectory="15441632-d543-4f84-81bf-f35288ad4355" />
    <UnitTestResult executionId="52f8702f-ed7b-4539-8a27-ebd167835e8b" testId="5d0b8405-f231-0842-63cf-c9b8e185b5eb" testName="M9 win loss permadeath and profile persistence.production floor-6 boss defeat yields Victory, discard, unlock, persistence and audio" computerName="03cd05825e12" duration="00:00:00.0110000" startTime="2026-08-04T12:08:15.8352258+02:00" endTime="2026-08-04T12:08:15.8465565+02:00" testType="13cdc9d9-ddb5-4fa4-a97d-d965ccfc6d4b" outcome="Passed" testListId="8c84fa94-04c1-424b-9868-57a2d4851a1d" relativeResultsDirectory="52f8702f-ed7b-4539-8a27-ebd167835e8b" />
    <UnitTestResult executionId="e8780fe1-41be-4b9e-b4b3-eb0edac0adb1" testId="cd8b6fb2-bd08-058b-44f0-75fee5ab2d86" testName="rogue3-behavior.game active item (the ball) stays inside the playfield region" computerName="03cd05825e12" duration="00:00:00.0040000" startTime="2026-08-04T12:08:16.2544200+02:00" endTime="2026-08-04T12:08:16.2635478+02:00" testType="13cdc9d9-ddb5-4fa4-a97d-d965ccfc6d4b" outcome="Passed" testListId="8c84fa94-04c1-424b-9868-57a2d4851a1d" relativeResultsDirectory="e8780fe1-41be-4b9e-b4b3-eb0edac0adb1" />
    <UnitTestResult executionId="b531255a-58de-48bf-9f59-fc7a2ed8c809" testId="0157b4e4-f7f7-c188-d015-a11f55c0828b" testName="M9 win loss permadeath and profile persistence.production fixed-step death at zero half-hearts yields GameOver and discards the run" computerName="03cd05825e12" duration="00:00:00.0020000" startTime="2026-08-04T12:08:15.8466563+02:00" endTime="2026-08-04T12:08:15.8504139+02:00" testType="13cdc9d9-ddb5-4fa4-a97d-d965ccfc6d4b" outcome="Passed" testListId="8c84fa94-04c1-424b-9868-57a2d4851a1d" relativeResultsDirectory="b531255a-58de-48bf-9f59-fc7a2ed8c809" />
    <UnitTestResult executionId="2dc57c07-f6cb-4d50-a8d2-2f67bb6c57fd" testId="0b93335a-2562-7827-7792-38b3cd0945d1" testName="M10 acceptance and determinism.AC21 enemy and boss state machines respect cadence and ownership" computerName="03cd05825e12" duration="00:00:00.0570000" startTime="2026-08-04T12:08:15.7791815+02:00" endTime="2026-08-04T12:08:15.8366614+02:00" testType="13cdc9d9-ddb5-4fa4-a97d-d965ccfc6d4b" outcome="Passed" testListId="8c84fa94-04c1-424b-9868-57a2d4851a1d" relativeResultsDirectory="2dc57c07-f6cb-4d50-a8d2-2f67bb6c57fd" />
    <UnitTestResult executionId="dd9dbd19-86b8-47ab-99e7-ac55bdb22d32" testId="fd401354-e263-3845-fcf4-680de2ca64e0" testName="M14 item grants.a descent does not carry the departed floor's reward onto the new one" computerName="03cd05825e12" duration="00:00:00.0040000" startTime="2026-08-04T12:08:15.4940504+02:00" endTime="2026-08-04T12:08:15.4984779+02:00" testType="13cdc9d9-ddb5-4fa4-a97d-d965ccfc6d4b" outcome="Passed" testListId="8c84fa94-04c1-424b-9868-57a2d4851a1d" relativeResultsDirectory="dd9dbd19-86b8-47ab-99e7-ac55bdb22d32" />
    <UnitTestResult executionId="315ff71b-ceab-4e03-9fd9-a61ddd0d1681" testId="69e1bfe9-ddac-f0b2-2cf1-a1a004ba5e80" testName="M14 item grants.when a slot DOES contest the trapdoor, the press buys rather than descends" computerName="03cd05825e12" duration="00:00:00.0070000" startTime="2026-08-04T12:08:15.4624120+02:00" endTime="2026-08-04T12:08:15.4695312+02:00" testType="13cdc9d9-ddb5-4fa4-a97d-d965ccfc6d4b" outcome="Passed" testListId="8c84fa94-04c1-424b-9868-57a2d4851a1d" relativeResultsDirectory="315ff71b-ceab-4e03-9fd9-a61ddd0d1681" />
    <UnitTestResult executionId="97b180c3-3a08-4c4c-918c-80ab7b90c2a4" testId="04fa183e-4f33-7e61-d034-c8eef99f896d" testName="rogue3-behavior.generated game host PLAYS THROUGH: a pressed key reaches gameplay, not just a message" computerName="03cd05825e12" duration="00:00:00.0030000" startTime="2026-08-04T12:08:16.2432102+02:00" endTime="2026-08-04T12:08:16.2515077+02:00" testType="13cdc9d9-ddb5-4fa4-a97d-d965ccfc6d4b" outcome="Passed" testListId="8c84fa94-04c1-424b-9868-57a2d4851a1d" relativeResultsDirectory="97b180c3-3a08-4c4c-918c-80ab7b90c2a4" />
    <UnitTestResult executionId="8fda8fab-582f-499f-948f-eabf15acf2b0" testId="c397ffb5-77ba-7cb5-2beb-7706778de4cb" testName="M8 requested audio.startup reaches the production launch host as clamped volume plus one title loop" computerName="03cd05825e12" startTime="2026-08-04T12:08:15.8663103+02:00" endTime="2026-08-04T12:08:15.8707952+02:00" testType="13cdc9d9-ddb5-4fa4-a97d-d965ccfc6d4b" outcome="Passed" testListId="8c84fa94-04c1-424b-9868-57a2d4851a1d" relativeResultsDirectory="8fda8fab-582f-499f-948f-eabf15acf2b0" />
    <UnitTestResult executionId="f6018daa-cab1-4e25-b2ae-2ae0625a0b2b" testId="1117e570-fa63-b7ff-43f3-c6f818f296fe" testName="M14 item grants.a slot the player cannot AFFORD does not swallow the descent" computerName="03cd05825e12" duration="00:00:00.0110000" startTime="2026-08-04T12:08:15.4729452+02:00" endTime="2026-08-04T12:08:15.4847140+02:00" testType="13cdc9d9-ddb5-4fa4-a97d-d965ccfc6d4b" outcome="Passed" testListId="8c84fa94-04c1-424b-9868-57a2d4851a1d" relativeResultsDirectory="f6018daa-cab1-4e25-b2ae-2ae0625a0b2b" />
    <UnitTestResult executionId="68690cbd-174f-4f8c-a93b-f088a8f035a9" testId="217f78a2-1cd8-92ad-1c8e-f68d1b62fe65" testName="rogue3-behavior.generated game host exposes viewer input and tick mapping and advances the game" computerName="03cd05825e12" duration="00:00:00.0020000" startTime="2026-08-04T12:08:16.1487870+02:00" endTime="2026-08-04T12:08:16.1525176+02:00" testType="13cdc9d9-ddb5-4fa4-a97d-d965ccfc6d4b" outcome="Passed" testListId="8c84fa94-04c1-424b-9868-57a2d4851a1d" relativeResultsDirectory="68690cbd-174f-4f8c-a93b-f088a8f035a9" />
    <UnitTestResult executionId="ac80ab36-fdd6-45c5-a731-42ee3bdde9da" testId="b66bbe3f-5013-9597-4727-3342026920b4" testName="rogue3-behavior.game keyboard input moves the paddles and records the last input" computerName="03cd05825e12" duration="00:00:00.0050000" startTime="2026-08-04T12:08:16.1292711+02:00" endTime="2026-08-04T12:08:16.1352209+02:00" testType="13cdc9d9-ddb5-4fa4-a97d-d965ccfc6d4b" outcome="Passed" testListId="8c84fa94-04c1-424b-9868-57a2d4851a1d" relativeResultsDirectory="ac80ab36-fdd6-45c5-a731-42ee3bdde9da" />
    <UnitTestResult executionId="2a19fce2-d431-4978-8af1-f3631b9295d1" testId="5c37537e-07db-31ce-7156-263f703e35ac" testName="rogue3-public-api-surface.the declared public-api surface is non-empty and every signature names its module" computerName="03cd05825e12" duration="00:00:00.0090000" startTime="2026-08-04T12:08:16.2783870+02:00" endTime="2026-08-04T12:08:16.2978418+02:00" testType="13cdc9d9-ddb5-4fa4-a97d-d965ccfc6d4b" outcome="Passed" testListId="8c84fa94-04c1-424b-9868-57a2d4851a1d" relativeResultsDirectory="2a19fce2-d431-4978-8af1-f3631b9295d1" />
    <UnitTestResult executionId="9ba2d523-dff4-4df6-aed5-aff1dd665886" testId="1047df89-249f-5109-b8af-f3ce937e03d5" testName="rogue3-behavior.generated game host boundary keeps app commands separate from viewer effects" computerName="03cd05825e12" startTime="2026-08-04T12:08:16.2536570+02:00" endTime="2026-08-04T12:08:16.2634247+02:00" testType="13cdc9d9-ddb5-4fa4-a97d-d965ccfc6d4b" outcome="Passed" testListId="8c84fa94-04c1-424b-9868-57a2d4851a1d" relativeResultsDirectory="9ba2d523-dff4-4df6-aed5-aff1dd665886" />
    <UnitTestResult executionId="02b7c0f3-cd5a-415d-8d72-f4098504cf9f" testId="6db7436c-beb1-a11f-0dee-99d3f5fba877" testName="M9 win loss permadeath and profile persistence.§11 score is exact and cosmetic while end-run unlocks use milestones" computerName="03cd05825e12" duration="00:00:00.0100000" startTime="2026-08-04T12:08:15.8240828+02:00" endTime="2026-08-04T12:08:15.8352130+02:00" testType="13cdc9d9-ddb5-4fa4-a97d-d965ccfc6d4b" outcome="Passed" testListId="8c84fa94-04c1-424b-9868-57a2d4851a1d" relativeResultsDirectory="02b7c0f3-cd5a-415d-8d72-f4098504cf9f" />
    <UnitTestResult executionId="f0f53908-4893-4643-b982-e4b8f4fa1634" testId="6cc5156e-024b-1145-0986-97a603e6ea21" testName="game-shell display mapping (#991/#1002).no display mode requests WindowedFullscreen, including a Borderless restored from an older settings file (#63)" computerName="03cd05825e12" duration="00:00:00.0050000" startTime="2026-08-04T12:08:15.5246951+02:00" endTime="2026-08-04T12:08:15.5306542+02:00" testType="13cdc9d9-ddb5-4fa4-a97d-d965ccfc6d4b" outcome="Passed" testListId="8c84fa94-04c1-424b-9868-57a2d4851a1d" relativeResultsDirectory="f0f53908-4893-4643-b982-e4b8f4fa1634" />
    <UnitTestResult executionId="806c70da-c5a9-4854-bc01-eb6003f6cb89" testId="5b2039ed-b901-2d2e-22e5-17dff23ef780" testName="M14 item grants.the shop refuses a consumable that would land NOTHING, rather than charging for it" computerName="03cd05825e12" duration="00:00:00.0040000" startTime="2026-08-04T12:08:15.4124148+02:00" endTime="2026-08-04T12:08:15.4300146+02:00" testType="13cdc9d9-ddb5-4fa4-a97d-d965ccfc6d4b" outcome="Passed" testListId="8c84fa94-04c1-424b-9868-57a2d4851a1d" relativeResultsDirectory="806c70da-c5a9-4854-bc01-eb6003f6cb89" />
    <UnitTestResult executionId="21494b1b-de72-4494-8fd9-765666291d51" testId="d3a52aa2-e2e9-dc7e-6061-eeb500e39749" testName="M14 item grants.an unauthored item is never a silent no-op, at any quality" computerName="03cd05825e12" duration="00:00:00.0040000" startTime="2026-08-04T12:08:15.3790753+02:00" endTime="2026-08-04T12:08:15.4032934+02:00" testType="13cdc9d9-ddb5-4fa4-a97d-d965ccfc6d4b" outcome="Passed" testListId="8c84fa94-04c1-424b-9868-57a2d4851a1d" relativeResultsDirectory="21494b1b-de72-4494-8fd9-765666291d51" />
    <UnitTestResult executionId="b298da59-6d44-4f4b-856e-4bb2679f3050" testId="1cae4fe1-a95a-9f12-89f2-8bb197a48806" testName="M12 audio assets.the declaration is well formed" computerName="03cd05825e12" duration="00:00:00.0120000" startTime="2026-08-04T12:08:15.6019639+02:00" endTime="2026-08-04T12:08:15.6145387+02:00" testType="13cdc9d9-ddb5-4fa4-a97d-d965ccfc6d4b" outcome="Passed" testListId="8c84fa94-04c1-424b-9868-57a2d4851a1d" relativeResultsDirectory="b298da59-6d44-4f4b-856e-4bb2679f3050" />
    <UnitTestResult executionId="8a474205-1508-4d0e-a447-3c4169b268f8" testId="01e71bca-ee68-c5ef-3447-d73f1c5b0397" testName="rogue3-governance.generated window diagnostics command derives its verdict from the real launch gate, not fabricated failures" computerName="03cd05825e12" duration="00:00:00.0020000" startTime="2026-08-04T12:08:16.7026891+02:00" endTime="2026-08-04T12:08:16.7057912+02:00" testType="13cdc9d9-ddb5-4fa4-a97d-d965ccfc6d4b" outcome="Passed" testListId="8c84fa94-04c1-424b-9868-57a2d4851a1d" relativeResultsDirectory="8a474205-1508-4d0e-a447-3c4169b268f8" />
    <UnitTestResult executionId="d88cd347-887b-4411-897c-b947a783cfa6" testId="e6d2141a-676e-ea14-6124-b0d221f61921" testName="scene-walker (#899).collectSceneNodes recurses through Translate and CachedSubtree; sceneText reads their text" computerName="03cd05825e12" startTime="2026-08-04T12:08:16.0854340+02:00" endTime="2026-08-04T12:08:16.0862783+02:00" testType="13cdc9d9-ddb5-4fa4-a97d-d965ccfc6d4b" outcome="Passed" testListId="8c84fa94-04c1-424b-9868-57a2d4851a1d" relativeResultsDirectory="d88cd347-887b-4411-897c-b947a783cfa6" />
    <UnitTestResult executionId="2dfbafa2-f27c-472e-8978-2a38268d4d7f" testId="55391b12-8720-52b7-2f53-29bca2f35f84" testName="game-shell keymap persistence (#991/#1002).decodeKeymap degrades to the current keymap on a corrupt blob (total, never throws)" computerName="03cd05825e12" duration="00:00:00.0030000" startTime="2026-08-04T12:08:15.5247142+02:00" endTime="2026-08-04T12:08:15.5286003+02:00" testType="13cdc9d9-ddb5-4fa4-a97d-d965ccfc6d4b" outcome="Passed" testListId="8c84fa94-04c1-424b-9868-57a2d4851a1d" relativeResultsDirectory="2dfbafa2-f27c-472e-8978-2a38268d4d7f" />
    <UnitTestResult executionId="aee90884-7bd3-4ca1-8623-7a08ec6e071f" testId="9c0f662b-58a8-c5ad-c4e9-32521a19f759" testName="M9 win loss permadeath and profile persistence.real file backend debounces latest JSON and proves temp-file atomic rename" computerName="03cd05825e12" duration="00:00:00.0300000" startTime="2026-08-04T12:08:15.8491657+02:00" endTime="2026-08-04T12:08:15.8792702+02:00" testType="13cdc9d9-ddb5-4fa4-a97d-d965ccfc6d4b" outcome="Passed" testListId="8c84fa94-04c1-424b-9868-57a2d4851a1d" relativeResultsDirectory="aee90884-7bd3-4ca1-8623-7a08ec6e071f" />
    <UnitTestResult executionId="ab101824-d57a-4564-bd74-dc2a4a572b88" testId="2e3a299f-53be-2d75-008e-1c7cd8f0873b" testName="M13 room transition, pickups and world-space state.FR-005 an uncollected pickup survives a crossing, and the scan counts what it says" computerName="03cd05825e12" duration="00:00:00.0700000" startTime="2026-08-04T12:08:15.5348915+02:00" endTime="2026-08-04T12:08:15.6054654+02:00" testType="13cdc9d9-ddb5-4fa4-a97d-d965ccfc6d4b" outcome="Passed" testListId="8c84fa94-04c1-424b-9868-57a2d4851a1d" relativeResultsDirectory="ab101824-d57a-4564-bd74-dc2a4a572b88" />
    <UnitTestResult executionId="fd945c29-72fd-4af0-86e3-50f4428581be" testId="e188f1d8-9e34-f3e5-0e31-b8ca3eac042f" testName="M5 entities bosses rooms.an actor's radius and contact damage come from its kind, and combat uses them" computerName="03cd05825e12" duration="00:00:00.0040000" startTime="2026-08-04T12:08:15.9684576+02:00" endTime="2026-08-04T12:08:15.9731847+02:00" testType="13cdc9d9-ddb5-4fa4-a97d-d965ccfc6d4b" outcome="Passed" testListId="8c84fa94-04c1-424b-9868-57a2d4851a1d" relativeResultsDirectory="fd945c29-72fd-4af0-86e3-50f4428581be" />
    <UnitTestResult executionId="8a51154d-341e-431c-b0a8-2b087f890328" testId="4b1fe0a9-0ac0-426f-e7ba-7902c97a274a" testName="M5 entities bosses rooms.Charger telegraphs, locks dash, and wall hit recovers" computerName="03cd05825e12" duration="00:00:00.0030000" startTime="2026-08-04T12:08:15.9106799+02:00" endTime="2026-08-04T12:08:15.9149358+02:00" testType="13cdc9d9-ddb5-4fa4-a97d-d965ccfc6d4b" outcome="Passed" testListId="8c84fa94-04c1-424b-9868-57a2d4851a1d" relativeResultsDirectory="8a51154d-341e-431c-b0a8-2b087f890328" />
    <UnitTestResult executionId="6785a7ed-e7af-4411-b496-289db292c55e" testId="34cdbef4-785c-d9c0-3125-6efc6117defc" testName="game-shell routeKeyDown (#991/#1002).while playing, a bound key resolves through the keymap to a game value" computerName="03cd05825e12" duration="00:00:00.0170000" startTime="2026-08-04T12:08:15.5145823+02:00" endTime="2026-08-04T12:08:15.5320749+02:00" testType="13cdc9d9-ddb5-4fa4-a97d-d965ccfc6d4b" outcome="Passed" testListId="8c84fa94-04c1-424b-9868-57a2d4851a1d" relativeResultsDirectory="6785a7ed-e7af-4411-b496-289db292c55e" />
    <UnitTestResult executionId="e01178f4-fe21-4dff-96d6-f0a1c79122bd" testId="9b6e9930-d160-1a6b-9c9a-1960534149ad" testName="rogue3-behavior.game layout evidence re-points HUD onto the score strip and gameplay onto the playfield" computerName="03cd05825e12" duration="00:00:00.0090000" startTime="2026-08-04T12:08:16.2536762+02:00" endTime="2026-08-04T12:08:16.2635345+02:00" testType="13cdc9d9-ddb5-4fa4-a97d-d965ccfc6d4b" outcome="Passed" testListId="8c84fa94-04c1-424b-9868-57a2d4851a1d" relativeResultsDirectory="e01178f4-fe21-4dff-96d6-f0a1c79122bd" />
    <UnitTestResult executionId="430cc4b5-8aa8-4992-9bf0-55372edd7e19" testId="c028ca36-c0ea-0661-864a-ab3ddade2613" testName="M3 combat.contact damage has per-enemy retick and 90 px per second knockback" computerName="03cd05825e12" startTime="2026-08-04T12:08:16.0027505+02:00" endTime="2026-08-04T12:08:16.0036554+02:00" testType="13cdc9d9-ddb5-4fa4-a97d-d965ccfc6d4b" outcome="Passed" testListId="8c84fa94-04c1-424b-9868-57a2d4851a1d" relativeResultsDirectory="430cc4b5-8aa8-4992-9bf0-55372edd7e19" />
[...]
    <TestEntry testId="81ff8760-805d-3d29-e4f2-0678c8fbe6af" executionId="b7657c47-e695-4898-85d2-c534f7b9a8b9" testListId="8c84fa94-04c1-424b-9868-57a2d4851a1d" />
    <TestEntry testId="b9bd1b7c-8617-9d71-661b-06abd8aa8eb7" executionId="0bc3cc5a-273a-4975-a3ca-4e0d0b0577b1" testListId="8c84fa94-04c1-424b-9868-57a2d4851a1d" />
    <TestEntry testId="c6eaca31-c705-ff66-7029-af13444644c6" executionId="c8716281-c526-4eab-b7cc-717b77fb48d1" testListId="8c84fa94-04c1-424b-9868-57a2d4851a1d" />
    <TestEntry testId="3c9aaafc-ad0e-7769-2d18-3c296ec77a95" executionId="97ca613f-2f2f-414f-8801-018397053ead" testListId="8c84fa94-04c1-424b-9868-57a2d4851a1d" />
    <TestEntry testId="eecdb315-b557-dc48-c55d-d3a6a9958e69" executionId="3bf092f7-7ede-42a7-a17d-63a41e8051d3" testListId="8c84fa94-04c1-424b-9868-57a2d4851a1d" />
    <TestEntry testId="f42d97e4-4ced-887a-1511-905e0fa77520" executionId="866f4aaf-ea76-4f55-b7bd-5098f79b30e2" testListId="8c84fa94-04c1-424b-9868-57a2d4851a1d" />
    <TestEntry testId="2ed3572a-a20c-b82c-3b24-87c479def159" executionId="f9a53a8b-eab9-4e6b-af88-9bf60d868fbd" testListId="8c84fa94-04c1-424b-9868-57a2d4851a1d" />
    <TestEntry testId="9dbb8b8d-8737-d9f3-93aa-c959cc009b2f" executionId="f36bcca6-21cd-4ee0-990a-2d1517bbe22c" testListId="8c84fa94-04c1-424b-9868-57a2d4851a1d" />
    <TestEntry testId="63cc6b0c-f014-2698-438e-e654efb32b9c" executionId="cef28167-aac6-4231-bc70-42e6475bc5ea" testListId="8c84fa94-04c1-424b-9868-57a2d4851a1d" />
    <TestEntry testId="837bf34a-3868-8034-a130-4118b9fa64a4" executionId="d1a10032-1f16-4067-9fe4-be9740d39873" testListId="8c84fa94-04c1-424b-9868-57a2d4851a1d" />
    <TestEntry testId="27ec8c34-abb5-d243-8742-254ef7607125" executionId="8cca028a-5801-4397-a34b-13b7352210a8" testListId="8c84fa94-04c1-424b-9868-57a2d4851a1d" />
    <TestEntry testId="91a21c05-7c02-858d-f972-bc401a71271d" executionId="41b3a41b-c3e4-4243-8b80-36277af81bc7" testListId="8c84fa94-04c1-424b-9868-57a2d4851a1d" />
    <TestEntry testId="8c91e067-1c50-f78a-8d07-55c4d393ab48" executionId="e718fe79-1f5f-4ef6-87b6-207e281f8583" testListId="8c84fa94-04c1-424b-9868-57a2d4851a1d" />
    <TestEntry testId="a2a586e8-4399-001e-0688-29f2adda4161" executionId="3a013f0b-0f4f-45d2-ac93-7ab7e2e6b397" testListId="8c84fa94-04c1-424b-9868-57a2d4851a1d" />
    <TestEntry testId="19810a36-4373-d246-b4da-b577543bf84f" executionId="dfea5572-d55d-4ee2-8b41-3d13c78d615c" testListId="8c84fa94-04c1-424b-9868-57a2d4851a1d" />
    <TestEntry testId="5ded85f4-5971-a296-6da0-ffb8d04590f9" executionId="272b71ce-0d88-4ecf-b627-ca1e144ab71b" testListId="8c84fa94-04c1-424b-9868-57a2d4851a1d" />
    <TestEntry testId="5ba864d0-3f65-28c5-4565-41addca32182" executionId="360a6902-38d6-4092-afc1-10103eba19f1" testListId="8c84fa94-04c1-424b-9868-57a2d4851a1d" />
    <TestEntry testId="efbc7012-091c-0572-0306-084d40357c03" executionId="eb4cb8c4-b2ac-43d5-96a1-3c1e361ecb11" testListId="8c84fa94-04c1-424b-9868-57a2d4851a1d" />
    <TestEntry testId="ff2994a5-4dbe-1bba-474a-0e2ed51ecfee" executionId="aa9eab77-0f67-44a7-a7ed-9c27921613a7" testListId="8c84fa94-04c1-424b-9868-57a2d4851a1d" />
    <TestEntry testId="a9c84432-9cc6-623e-8186-079cca5da584" executionId="f8fee103-82a6-4a7f-95c9-d8c1b0e417e3" testListId="8c84fa94-04c1-424b-9868-57a2d4851a1d" />
    <TestEntry testId="46bd31cf-2867-4d3b-7deb-b70350f7015b" executionId="d239aef4-3b73-4bc6-9718-d7a6e743b10b" testListId="8c84fa94-04c1-424b-9868-57a2d4851a1d" />
    <TestEntry testId="90acb1f6-247c-6b9b-72d3-76162442d31f" executionId="f1c28cc8-2f1b-40a0-916e-f80474c559eb" testListId="8c84fa94-04c1-424b-9868-57a2d4851a1d" />
    <TestEntry testId="97eaacac-5b08-3711-c92b-87e39d4785e0" executionId="1430276c-9303-4b88-bb0d-0d37a5d2c2fe" testListId="8c84fa94-04c1-424b-9868-57a2d4851a1d" />
    <TestEntry testId="61c3b9b8-1035-e718-c721-d12ac0480a65" executionId="a9953b58-cc43-423f-92ae-e2b62e3cd697" testListId="8c84fa94-04c1-424b-9868-57a2d4851a1d" />
    <TestEntry testId="8afd5530-e795-b07f-00f5-ce1ec83f9106" executionId="76d1370f-d766-41e5-8c61-d25dee9ed6cd" testListId="8c84fa94-04c1-424b-9868-57a2d4851a1d" />
    <TestEntry testId="8f2ef872-91e0-6148-38c4-bf4995f2b2db" executionId="e2d48e45-08f5-4368-8506-2d2b007b2afc" testListId="8c84fa94-04c1-424b-9868-57a2d4851a1d" />
    <TestEntry testId="38bf0de4-cc73-43e2-fb3d-f384705598af" executionId="dd62a207-27fb-4240-9df1-8a080fcc5543" testListId="8c84fa94-04c1-424b-9868-57a2d4851a1d" />
    <TestEntry testId="a77f0f30-a533-7854-e4f4-2759d1427309" executionId="e0f780c5-2e6e-43e9-9a79-a409385ac7ae" testListId="8c84fa94-04c1-424b-9868-57a2d4851a1d" />
    <TestEntry testId="c72e6dd5-1806-54d7-92fd-5f11d39e00dc" executionId="67d3bbb4-03aa-4142-bf8f-f2f6c331b2bf" testListId="8c84fa94-04c1-424b-9868-57a2d4851a1d" />
    <TestEntry testId="00584214-b953-1dfc-a01b-c1999f19106d" executionId="149974c8-7c11-431f-9ee7-30f0ab45538a" testListId="8c84fa94-04c1-424b-9868-57a2d4851a1d" />
    <TestEntry testId="7d9fd765-f0a7-7556-84c2-41d976ef21f7" executionId="6e932015-4261-4662-834a-97284df001f8" testListId="8c84fa94-04c1-424b-9868-57a2d4851a1d" />
    <TestEntry testId="a56f8e86-980e-6f88-4722-3faf77867c3e" executionId="5892ca2d-a2bb-448f-85a9-003a49a78ee1" testListId="8c84fa94-04c1-424b-9868-57a2d4851a1d" />
    <TestEntry testId="de19ad07-dff8-5751-1db2-6130cf6d57a2" executionId="64251e2a-a51b-4203-9ec4-bc4e7b62b1b6" testListId="8c84fa94-04c1-424b-9868-57a2d4851a1d" />
    <TestEntry testId="fb3c9243-0f0a-7a05-97b0-667ef956a167" executionId="a9c26b2d-c311-4bc8-bdea-5453ee717225" testListId="8c84fa94-04c1-424b-9868-57a2d4851a1d" />
    <TestEntry testId="f8efa217-56cd-a82e-43d1-547a752338cd" executionId="530a284e-f514-4ced-8d5b-f56123b9d993" testListId="8c84fa94-04c1-424b-9868-57a2d4851a1d" />
    <TestEntry testId="91c8ebca-6a89-eda5-5162-907f75527928" executionId="5864df3b-5b27-4b4b-b710-1b348ea46b3c" testListId="8c84fa94-04c1-424b-9868-57a2d4851a1d" />
    <TestEntry testId="082852db-c6a7-0884-ce09-87f45e5c4681" executionId="ff7dc60e-5782-4668-b5c8-fa17e436a4d0" testListId="8c84fa94-04c1-424b-9868-57a2d4851a1d" />
    <TestEntry testId="83ac5fc9-21bb-e5cb-0e54-a1cd08c19e61" executionId="90b3a0e6-c823-44eb-9ef0-61d62f898419" testListId="8c84fa94-04c1-424b-9868-57a2d4851a1d" />
    <TestEntry testId="4fe00129-376b-582c-5af5-e58f35a73ea6" executionId="fbd6ada5-feca-4e65-a4f5-3d242f6c1cda" testListId="8c84fa94-04c1-424b-9868-57a2d4851a1d" />
    <TestEntry testId="8903916b-a311-066b-637f-4d1d03730e07" executionId="9a0bbfc2-bee8-4a98-98bf-30798f1040e4" testListId="8c84fa94-04c1-424b-9868-57a2d4851a1d" />
    <TestEntry testId="744f80e6-589c-450b-82af-ec296c550c34" executionId="1f44c517-bbfb-4a64-8a1d-dc30fb9a2cd1" testListId="8c84fa94-04c1-424b-9868-57a2d4851a1d" />
    <TestEntry testId="ef05e201-e67e-644c-9e2f-4caef27e190e" executionId="4b65431d-deba-41d2-a007-e8dec924b152" testListId="8c84fa94-04c1-424b-9868-57a2d4851a1d" />
    <TestEntry testId="e1bb82d7-41a7-6177-4d93-bcf4986e1aa2" executionId="cf7ee361-df99-4808-9d84-5f74252337bd" testListId="8c84fa94-04c1-424b-9868-57a2d4851a1d" />
    <TestEntry testId="cc56498c-797a-7439-a164-fc42e9a15265" executionId="c6da28e7-64b6-4dae-b52a-a0a564d0ad30" testListId="8c84fa94-04c1-424b-9868-57a2d4851a1d" />
    <TestEntry testId="71de6ae5-0aea-398a-2f73-5a16a075e654" executionId="35fcfdff-e120-4afd-affd-ffd78dbb00ed" testListId="8c84fa94-04c1-424b-9868-57a2d4851a1d" />
    <TestEntry testId="98f94406-ede6-ffae-25bc-dad79e9e6e6e" executionId="2e0b5254-49b6-45c6-b402-5237df6a113f" testListId="8c84fa94-04c1-424b-9868-57a2d4851a1d" />
    <TestEntry testId="f91a1745-848b-5c2f-9d5f-0da7b5545075" executionId="8f87cfc2-cd56-423b-a246-fe1d1258a0b0" testListId="8c84fa94-04c1-424b-9868-57a2d4851a1d" />
    <TestEntry testId="c549ae72-d333-14a6-0cc5-420e8eb2922d" executionId="0a9f3c1c-ffa6-4d0a-a82f-875b428c7c97" testListId="8c84fa94-04c1-424b-9868-57a2d4851a1d" />
    <TestEntry testId="5ad84a72-d90a-5c87-e334-33ddc4065a9e" executionId="b4b10a25-7469-4b3b-8aee-4e47ea9a7822" testListId="8c84fa94-04c1-424b-9868-57a2d4851a1d" />
    <TestEntry testId="1dfe3dba-4999-e474-eeef-7408cadfb015" executionId="c7160f2e-0a60-4e3c-88ea-d7e5dd927923" testListId="8c84fa94-04c1-424b-9868-57a2d4851a1d" />
    <TestEntry testId="7498a382-1d11-e62e-6588-3d2d049b80df" executionId="12982923-e2ca-414d-99d2-598de043f8d0" testListId="8c84fa94-04c1-424b-9868-57a2d4851a1d" />
    <TestEntry testId="64005bbb-f1bf-3348-3651-27eece93eb81" executionId="f632cde5-a3a8-4066-b65c-65474679a8fc" testListId="8c84fa94-04c1-424b-9868-57a2d4851a1d" />
    <TestEntry testId="aa8f3eb3-cc06-2c88-eb19-b53a3ea457dc" executionId="4c2ba4e6-71a4-4ff5-b251-efdd1a8c72b7" testListId="8c84fa94-04c1-424b-9868-57a2d4851a1d" />
    <TestEntry testId="55d66363-8bd7-34f9-ec5e-029f66a1e9cd" executionId="3b5a3a31-b68b-4e41-84a9-3a74981110ce" testListId="8c84fa94-04c1-424b-9868-57a2d4851a1d" />
    <TestEntry testId="c5a2de98-8494-b7ad-6f92-f0642de74fb0" executionId="c6fd8e36-08df-48d0-8709-4eace753e01b" testListId="8c84fa94-04c1-424b-9868-57a2d4851a1d" />
    <TestEntry testId="0d21e56a-3ec6-9a1a-e341-06265e22b39c" executionId="23e45720-0dcc-4d80-b465-03c65acd0a6c" testListId="8c84fa94-04c1-424b-9868-57a2d4851a1d" />
    <TestEntry testId="7fdce0de-8628-0060-8611-493c9489006b" executionId="671dd621-0c1b-4d6b-a10d-1643c8909f6c" testListId="8c84fa94-04c1-424b-9868-57a2d4851a1d" />
    <TestEntry testId="db6e9b77-9c79-7c31-daf8-5e5daba83e68" executionId="0fb655b4-fad6-4977-9b95-3dd3b534705f" testListId="8c84fa94-04c1-424b-9868-57a2d4851a1d" />
    <TestEntry testId="f19c1243-56f7-4f12-0f24-7d0d9cc4566b" executionId="077aed84-4a37-40cd-9ff2-d81091f6fe95" testListId="8c84fa94-04c1-424b-9868-57a2d4851a1d" />
    <TestEntry testId="237d76b9-2c5a-240c-4350-0e411df6ae6d" executionId="7a6923e7-c100-4806-accf-c6c39f22b765" testListId="8c84fa94-04c1-424b-9868-57a2d4851a1d" />
    <TestEntry testId="61d423c0-5431-b0dd-ff21-98ffdccbe7e8" executionId="ad5f36bc-01b2-4310-8dfe-12b786892d29" testListId="8c84fa94-04c1-424b-9868-57a2d4851a1d" />
    <TestEntry testId="912a4144-9f45-512b-0856-7b8e08259c91" executionId="25a3d792-7e96-4466-aa4e-f3463fc5b11d" testListId="8c84fa94-04c1-424b-9868-57a2d4851a1d" />
    <TestEntry testId="b5028580-bce1-e6d7-faf2-62aa1b4dc79a" executionId="4d678bbe-6131-4c1e-96c0-7bbdd6d9439d" testListId="8c84fa94-04c1-424b-9868-57a2d4851a1d" />
    <TestEntry testId="2f50a1fb-dbd7-4817-1d6d-391d3d4d763b" executionId="cf680f15-ed24-487e-b2d8-54f671d2fbc4" testListId="8c84fa94-04c1-424b-9868-57a2d4851a1d" />
    <TestEntry testId="90be5f6d-bca7-1159-48ee-ef42e5583c92" executionId="274dd405-86da-420b-b885-f7216f6b8204" testListId="8c84fa94-04c1-424b-9868-57a2d4851a1d" />
    <TestEntry testId="b0c539a8-249b-d179-693f-7219b66d817c" executionId="62dfb9d1-4f92-4df9-ab1f-49affd298724" testListId="8c84fa94-04c1-424b-9868-57a2d4851a1d" />
    <TestEntry testId="7a84f4c1-e755-40d6-2062-071b7b22d731" executionId="f44ab88b-bcd1-4858-adc8-5d619a139f42" testListId="8c84fa94-04c1-424b-9868-57a2d4851a1d" />
    <TestEntry testId="5bacc623-c94d-955a-d5ad-faab757b1d7c" executionId="42ca88dd-63ea-469a-962a-c13594d84bc3" testListId="8c84fa94-04c1-424b-9868-57a2d4851a1d" />
    <TestEntry testId="998ffa6c-56d3-b6e3-594f-eb7e6a3eb7bc" executionId="c545a3d1-0270-4537-9457-4ea1a1d92bf0" testListId="8c84fa94-04c1-424b-9868-57a2d4851a1d" />
    <TestEntry testId="489721f1-7917-4bbb-ede4-6a51238a782d" executionId="76d1f8c1-0ee9-4ff2-8827-9a84038f3dfd" testListId="8c84fa94-04c1-424b-9868-57a2d4851a1d" />
    <TestEntry testId="9e735b4e-a085-8899-4c23-84e2c0e27a58" executionId="bd551c41-41c2-41e2-b9a9-8208e9713f50" testListId="8c84fa94-04c1-424b-9868-57a2d4851a1d" />
    <TestEntry testId="88a06ea2-3244-7ecc-e51c-8026fa8eb073" executionId="cf1f64c7-0c45-4a66-a146-bbaf3ada26a0" testListId="8c84fa94-04c1-424b-9868-57a2d4851a1d" />
    <TestEntry testId="6344d895-8ad1-66ba-39a8-f42258955caf" executionId="fd873dd2-6f5f-46ae-93d8-3382f06325be" testListId="8c84fa94-04c1-424b-9868-57a2d4851a1d" />
    <TestEntry testId="516673af-4dc0-2dde-c235-5b7de6ed2152" executionId="046da30e-48a2-4e1f-b7d4-f5fce70e7b52" testListId="8c84fa94-04c1-424b-9868-57a2d4851a1d" />
    <TestEntry testId="0b694768-8ed6-d598-934f-7a2d6dcd942e" executionId="22f86fd8-246f-455c-80e5-62e6d26c1e59" testListId="8c84fa94-04c1-424b-9868-57a2d4851a1d" />
    <TestEntry testId="2fe1f16a-c87e-6083-0bf5-be64a7bccadb" executionId="4dcf260f-f2b4-4850-808d-039a2e463161" testListId="8c84fa94-04c1-424b-9868-57a2d4851a1d" />
    <TestEntry testId="b8c0a4fd-278c-eaf1-ce76-f4b49786a6c0" executionId="e860733a-0206-4ce6-bbdb-ba002b026786" testListId="8c84fa94-04c1-424b-9868-57a2d4851a1d" />
    <TestEntry testId="6341269b-9366-967d-546f-88d113d7cb7f" executionId="d6769d6d-80a8-48ed-b6ce-0ca2aaba8227" testListId="8c84fa94-04c1-424b-9868-57a2d4851a1d" />
    <TestEntry testId="824e4412-5576-7e62-aebd-3d4bd5a07539" executionId="a841399b-ac5d-4e6d-8fc9-2921d84ad767" testListId="8c84fa94-04c1-424b-9868-57a2d4851a1d" />
    <TestEntry testId="1377a245-c9fe-92db-483d-9eaefed52a12" executionId="7f88a1d3-5458-4b7e-9c8e-c00bf578c1e8" testListId="8c84fa94-04c1-424b-9868-57a2d4851a1d" />
    <TestEntry testId="8ffa290a-79d6-d4d6-7129-bdecffb7c4b1" executionId="7f903870-e5e6-4e82-b8af-1a7d8dfee73e" testListId="8c84fa94-04c1-424b-9868-57a2d4851a1d" />
    <TestEntry testId="9bac962a-6c74-b95e-cac5-429569478a74" executionId="b7a82bdf-c683-4caa-97c5-502eae4c81b9" testListId="8c84fa94-04c1-424b-9868-57a2d4851a1d" />
    <TestEntry testId="acdf7950-409e-d73c-9da4-1ad7a5b46ae0" executionId="864c7252-8460-417a-95c4-039917be41df" testListId="8c84fa94-04c1-424b-9868-57a2d4851a1d" />
    <TestEntry testId="482a942d-c9ee-5793-bb4c-7ad9c7fcd6b4" executionId="d5d159ab-89e4-44d0-96cc-5772c0220c89" testListId="8c84fa94-04c1-424b-9868-57a2d4851a1d" />
    <TestEntry testId="07e27217-72b0-4793-53cc-e5dcc70df77e" executionId="1e10c67e-515f-4bfe-9c0c-656954aaf504" testListId="8c84fa94-04c1-424b-9868-57a2d4851a1d" />
    <TestEntry testId="2ff95e7b-ca98-ce28-8371-83424269aa2d" executionId="211d5033-8f3a-4b5f-aaa3-89d48d3858bb" testListId="8c84fa94-04c1-424b-9868-57a2d4851a1d" />
    <TestEntry testId="10eb1a6c-53c2-c0c5-b3fb-8f602b8857ad" executionId="79adb7a7-d9b3-4b83-92bc-30221f3498e5" testListId="8c84fa94-04c1-424b-9868-57a2d4851a1d" />
    <TestEntry testId="2a722c52-7105-8aa0-c703-5899cd9ac48f" executionId="48ce09c4-63c1-4450-87fa-f636456e0916" testListId="8c84fa94-04c1-424b-9868-57a2d4851a1d" />
    <TestEntry testId="79487e1a-8ca9-0409-6b57-1db9e00193cc" executionId="7e2716c4-8db6-439b-895e-17205e5b1c75" testListId="8c84fa94-04c1-424b-9868-57a2d4851a1d" />
    <TestEntry testId="d6d5ae34-c406-18f8-2743-156814bbb282" executionId="1edcc505-b760-4ede-bf66-735a369dfa61" testListId="8c84fa94-04c1-424b-9868-57a2d4851a1d" />
    <TestEntry testId="77fcb5c6-47ca-5d36-5e11-ed94253de25e" executionId="67a963a7-c539-465a-a1de-5f2d17cbbd1a" testListId="8c84fa94-04c1-424b-9868-57a2d4851a1d" />
    <TestEntry testId="e761421d-23d3-1944-fc40-18009ecbe248" executionId="0e1e864b-5883-4369-bdb0-f5daa4eb5288" testListId="8c84fa94-04c1-424b-9868-57a2d4851a1d" />
    <TestEntry testId="2e798a44-a47e-6b57-153b-b8b662389450" executionId="5b6c8393-04ba-4def-a1c8-7bad6e5b7d5b" testListId="8c84fa94-04c1-424b-9868-57a2d4851a1d" />
    <TestEntry testId="e4f2980f-ecde-2fef-d4ec-10081a336156" executionId="e47fb29a-372b-449e-bb3b-a294fe1226ee" testListId="8c84fa94-04c1-424b-9868-57a2d4851a1d" />
    <TestEntry testId="25513a59-6acb-a537-e1e4-f6011f726460" executionId="83a50176-a1df-45a5-901c-29796f0d2641" testListId="8c84fa94-04c1-424b-9868-57a2d4851a1d" />
    <TestEntry testId="79dae25b-d874-ebae-1821-3c42ee3a59b5" executionId="78764b36-6856-48ba-a2d0-f69a3f5a9e06" testListId="8c84fa94-04c1-424b-9868-57a2d4851a1d" />
  </TestEntries>
  <TestLists>
    <TestList name="Results Not in a List" id="8c84fa94-04c1-424b-9868-57a2d4851a1d" />
    <TestList name="All Loaded Results" id="19431567-8539-422a-85d7-44ee4e166bda" />
  </TestLists>
  <ResultSummary outcome="Completed">
    <Counters total="285" executed="285" passed="285" failed="0" error="0" timeout="0" aborted="0" inconclusive="0" passedButRunAborted="0" notRunnable="0" notExecuted="0" disconnected="0" warning="0" completed="0" inProgress="0" pending="0" />
    <Output>
      <StdOut>status=ok mode=interactive-window command=--window-diagnostics diagnostic-class=environment-session persistent-window-supported=true native-handle=unsupported visible=unsupported focusable=unsupported focused=unsupported minimized=unsupported maximized=unsupported client-size=unavailable renderable-surface=unsupported input-devices=unsupported fallback-is-full-desktop-session=False message=Desktop session prerequisites are present.
status=degraded mode=interactive-window command=--window-diagnostics diagnostic-class=window-visibility persistent-window-supported=true native-handle=unsupported visible=unsupported focusable=unsupported focused=unsupported minimized=unsupported maximized=unsupported client-size=unavailable renderable-surface=unsupported input-devices=unsupported message=window-visibility not exercised by headless window-diagnostics; interactive live-window path is supported on this host (persistent-window-supported=true) — this probe opens no live window and asserts no failure
status=degraded mode=interactive-window command=--window-diagnostics diagnostic-class=app-lifecycle persistent-window-supported=true native-handle=unsupported visible=unsupported focusable=unsupported focused=unsupported minimized=unsupported maximized=unsupported client-size=unavailable renderable-surface=unsupported input-devices=unsupported message=app-lifecycle not exercised by headless window-diagnostics; interactive live-window path is supported on this host (persistent-window-supported=true) — this probe opens no live window and asserts no failure
status=degraded mode=interactive-window command=--window-diagnostics diagnostic-class=rogue3-defect persistent-window-supported=true native-handle=unsupported visible=unsupported focusable=unsupported focused=unsupported minimized=unsupported maximized=unsupported client-size=unavailable renderable-surface=unsupported input-devices=unsupported message=rogue3-defect not exercised by headless window-diagnostics; interactive live-window path is supported on this host (persistent-window-supported=true) — this probe opens no live window and asserts no failure
Failed to load plugin 'libdecor-gtk.so': failed to init
status=ok
command=--view-image
output=/tmp/view-image-97d7ac60159248eab3fcf610dee77dd0/view-image.png.metadata.txt
mode=headless-readback
evidence-kind=view-image
path=/tmp/view-image-97d7ac60159248eab3fcf610dee77dd0/view-image.png
requested-size=320x200
output-size=320x200
actual-size=320x200
dimensions-match=True
image-decodable=True
png-bytes=5288
renders-full-view=true
renderer-mode=headless-cpu-readback
readback-frame=logical-canvas
input-dispatch=not-required
self-closed-for-evidence=true
status=ok
command=--view-image
output=/tmp/view-image-d523b1eca4874ed68f8665882aa3b992/view-image.png.metadata.txt
mode=headless-readback
evidence-kind=view-image
path=/tmp/view-image-d523b1eca4874ed68f8665882aa3b992/view-image.png
requested-size=901x507
output-size=901x507
actual-size=901x507
dimensions-match=True
image-decodable=True
png-bytes=11388
renders-full-view=true
renderer-mode=headless-cpu-readback
readback-frame=logical-canvas
input-dispatch=not-required
self-closed-for-evidence=true
status=failed command=--view-image diagnostic-category=invalid-dimensions diagnostics=width and height must be positive integers
status=failed command=--view-image diagnostic-category=resource-limit requested-size=2000000000x2000000000 requested-pixels=4000000000000000000 max-dimension=8192 max-pixels=16777216 diagnostics=request exceeds the safe CPU raster budget
</StdOut>
    </Output>
  </ResultSummary>
</TestRun>