<?xml version="1.0" encoding="utf-8"?>
<TestRun id="52108867-ffe9-47bd-b20d-5bc9a8db02a8" name="@def47eb67c33 2026-08-01 16:15:23" xmlns="http://microsoft.com/schemas/VisualStudio/TeamTest/2010">
  <Times creation="2026-08-01T16:15:23.9041653+02:00" queuing="2026-08-01T16:15:23.9041673+02:00" start="2026-08-01T16:15:19.8281703+02:00" finish="2026-08-01T16:15:27.1025287+02:00" />
  <TestSettings name="default" id="ab9ff8c1-5261-4475-b16b-d93426350e87">
    <Deployment runDeploymentRoot="_def47eb67c33_2026-08-01_16_15_23" />
  </TestSettings>
  <Results>
    <UnitTestResult executionId="c1443000-d750-44a1-991d-8919ce0f21b0" testId="54724166-1d21-d088-b454-121420d4219a" testName="M3 health currency bombs and shops.temporary hearts and currencies hard cap and descent carry preserves resources" computerName="def47eb67c33" duration="00:00:00.0030000" startTime="2026-08-01T16:15:24.0331643+02:00" endTime="2026-08-01T16:15:24.0430561+02:00" testType="13cdc9d9-ddb5-4fa4-a97d-d965ccfc6d4b" outcome="Passed" testListId="8c84fa94-04c1-424b-9868-57a2d4851a1d" relativeResultsDirectory="c1443000-d750-44a1-991d-8919ce0f21b0" />
    <UnitTestResult executionId="0acfb8b6-ab8c-4815-84d2-a3be716f8fe1" testId="082852db-c6a7-0884-ce09-87f45e5c4681" testName="M3 health currency bombs and shops.black then soul then red ordering emits one burst per depleted black heart and death is local" computerName="def47eb67c33" duration="00:00:00.0020000" startTime="2026-08-01T16:15:24.0331224+02:00" endTime="2026-08-01T16:15:24.0409521+02:00" testType="13cdc9d9-ddb5-4fa4-a97d-d965ccfc6d4b" outcome="Passed" testListId="8c84fa94-04c1-424b-9868-57a2d4851a1d" relativeResultsDirectory="0acfb8b6-ab8c-4815-84d2-a3be716f8fe1" />
    <UnitTestResult executionId="f423f7aa-3491-42a7-8bc6-f2ea5a3dc228" testId="c028ca36-c0ea-0661-864a-ab3ddade2613" testName="M3 combat.contact damage has per-enemy retick and 90 px per second knockback" computerName="def47eb67c33" duration="00:00:00.0060000" startTime="2026-08-01T16:15:24.0330897+02:00" endTime="2026-08-01T16:15:24.0419348+02:00" testType="13cdc9d9-ddb5-4fa4-a97d-d965ccfc6d4b" outcome="Passed" testListId="8c84fa94-04c1-424b-9868-57a2d4851a1d" relativeResultsDirectory="f423f7aa-3491-42a7-8bc6-f2ea5a3dc228" />
    <UnitTestResult executionId="94d13c99-5033-4dbb-9daf-7c74d8afca97" testId="e6d79cd2-b8ef-67da-b831-23e8b23138b1" testName="rogue3-behavior.game layout validation accepts a readable report and rejects a factless one" computerName="def47eb67c33" duration="00:00:00.0180000" startTime="2026-08-01T16:15:24.1085027+02:00" endTime="2026-08-01T16:15:24.1268802+02:00" testType="13cdc9d9-ddb5-4fa4-a97d-d965ccfc6d4b" outcome="Passed" testListId="8c84fa94-04c1-424b-9868-57a2d4851a1d" relativeResultsDirectory="94d13c99-5033-4dbb-9daf-7c74d8afca97" />
    <UnitTestResult executionId="9b882272-81bd-4d3f-b023-baceac655610" testId="929d933d-5573-a1bb-bbc1-d689f1b9c5df" testName="game-shell Esc routing (#991/#1002).Esc pauses live play, resumes a pause, backs out of settings, and no-ops at the menu" computerName="def47eb67c33" duration="00:00:00.0120000" startTime="2026-08-01T16:15:23.8325351+02:00" endTime="2026-08-01T16:15:23.8701408+02:00" testType="13cdc9d9-ddb5-4fa4-a97d-d965ccfc6d4b" outcome="Passed" testListId="8c84fa94-04c1-424b-9868-57a2d4851a1d" relativeResultsDirectory="9b882272-81bd-4d3f-b023-baceac655610" />
    <UnitTestResult executionId="c4aed8aa-56d9-4a29-b98a-0a25d2adcbb9" testId="4571a868-ea57-4c00-b547-a3fd20fd9f8a" testName="rogue3-behavior.M0 fixed 120 Hz drain banks fractions and clamps a huge stall to five steps (AC #8)" computerName="def47eb67c33" startTime="2026-08-01T16:15:24.0766786+02:00" endTime="2026-08-01T16:15:24.0799861+02:00" testType="13cdc9d9-ddb5-4fa4-a97d-d965ccfc6d4b" outcome="Passed" testListId="8c84fa94-04c1-424b-9868-57a2d4851a1d" relativeResultsDirectory="c4aed8aa-56d9-4a29-b98a-0a25d2adcbb9" />
    <UnitTestResult executionId="f4fcad54-cfcf-4761-8968-97e7eeac71a3" testId="33c206a4-bb8c-e97c-de52-e7dab991d4ba" testName="rogue3-governance.generated graphical app exposes deterministic scene evidence command" computerName="def47eb67c33" startTime="2026-08-01T16:15:24.2479838+02:00" endTime="2026-08-01T16:15:24.2553224+02:00" testType="13cdc9d9-ddb5-4fa4-a97d-d965ccfc6d4b" outcome="Passed" testListId="8c84fa94-04c1-424b-9868-57a2d4851a1d" relativeResultsDirectory="f4fcad54-cfcf-4761-8968-97e7eeac71a3" />
    <UnitTestResult executionId="d2bf3177-f153-4e91-ad6c-585c72b0dc02" testId="04fa183e-4f33-7e61-d034-c8eef99f896d" testName="rogue3-behavior.generated game host PLAYS THROUGH: a pressed key reaches gameplay, not just a message" computerName="def47eb67c33" duration="00:00:00.0080000" startTime="2026-08-01T16:15:24.0976464+02:00" endTime="2026-08-01T16:15:24.1062947+02:00" testType="13cdc9d9-ddb5-4fa4-a97d-d965ccfc6d4b" outcome="Passed" testListId="8c84fa94-04c1-424b-9868-57a2d4851a1d" relativeResultsDirectory="d2bf3177-f153-4e91-ad6c-585c72b0dc02" />
    <UnitTestResult executionId="bc149ec2-6314-4190-a031-4c77897e8c70" testId="5ba864d0-3f65-28c5-4565-41addca32182" testName="M7 UI menus stats.latched difficulty changes every promised runtime consumer" computerName="def47eb67c33" duration="00:00:00.0880000" startTime="2026-08-01T16:15:23.9023329+02:00" endTime="2026-08-01T16:15:23.9911466+02:00" testType="13cdc9d9-ddb5-4fa4-a97d-d965ccfc6d4b" outcome="Passed" testListId="8c84fa94-04c1-424b-9868-57a2d4851a1d" relativeResultsDirectory="bc149ec2-6314-4190-a031-4c77897e8c70" />
    <UnitTestResult executionId="b6b73669-b030-4bdb-86ef-853bd6617d87" testId="616515e6-07ed-ee2b-501a-90d8d81da26e" testName="M2 movement.radius-13 player slides along an AABB obstacle by X then Y" computerName="def47eb67c33" duration="00:00:00.0010000" startTime="2026-08-01T16:15:24.0450824+02:00" endTime="2026-08-01T16:15:24.0468639+02:00" testType="13cdc9d9-ddb5-4fa4-a97d-d965ccfc6d4b" outcome="Passed" testListId="8c84fa94-04c1-424b-9868-57a2d4851a1d" relativeResultsDirectory="b6b73669-b030-4bdb-86ef-853bd6617d87" />
    <UnitTestResult executionId="1ac207e7-b37a-4b9a-b5bf-94d7fad9396f" testId="a743bfd3-d3c7-4eb4-9bb3-c337baaeb5eb" testName="M4 procedural floors.AC2 same seed and index reproduce byte-identical floor values" computerName="def47eb67c33" duration="00:00:00.0130000" startTime="2026-08-01T16:15:24.0124988+02:00" endTime="2026-08-01T16:15:24.0265554+02:00" testType="13cdc9d9-ddb5-4fa4-a97d-d965ccfc6d4b" outcome="Passed" testListId="8c84fa94-04c1-424b-9868-57a2d4851a1d" relativeResultsDirectory="1ac207e7-b37a-4b9a-b5bf-94d7fad9396f" />
    <UnitTestResult executionId="0774409a-2043-4f26-8b71-96aa5ffb6c13" testId="86a66406-123d-eeb0-dc20-0cf74437acc4" testName="M5 entities bosses rooms.floor generation places deterministic treasure boss and shop fixtures across run pool" computerName="def47eb67c33" duration="00:00:00.0310000" startTime="2026-08-01T16:15:24.0000935+02:00" endTime="2026-08-01T16:15:24.0319966+02:00" testType="13cdc9d9-ddb5-4fa4-a97d-d965ccfc6d4b" outcome="Passed" testListId="8c84fa94-04c1-424b-9868-57a2d4851a1d" relativeResultsDirectory="0774409a-2043-4f26-8b71-96aa5ffb6c13" />
    <UnitTestResult executionId="31749d96-5fa1-4831-af56-803303732ee3" testId="18112e16-0fde-5c31-0003-a60e1ca42215" testName="M7 UI menus stats.actual host clicks open stats, change scope, and return without advancing play" computerName="def47eb67c33" duration="00:00:00.4250000" startTime="2026-08-01T16:15:23.9270033+02:00" endTime="2026-08-01T16:15:24.3527057+02:00" testType="13cdc9d9-ddb5-4fa4-a97d-d965ccfc6d4b" outcome="Passed" testListId="8c84fa94-04c1-424b-9868-57a2d4851a1d" relativeResultsDirectory="31749d96-5fa1-4831-af56-803303732ee3" />
    <UnitTestResult executionId="34a3e69b-3843-47a6-b1a1-26f52a60dfaa" testId="48080ef6-f109-237e-e31a-27a401fea12b" testName="M3 health currency bombs and shops.bomb spends on edge, fuses, blasts, and chain detonates exactly once" computerName="def47eb67c33" duration="00:00:00.0060000" startTime="2026-08-01T16:15:24.0359342+02:00" endTime="2026-08-01T16:15:24.0422158+02:00" testType="13cdc9d9-ddb5-4fa4-a97d-d965ccfc6d4b" outcome="Passed" testListId="8c84fa94-04c1-424b-9868-57a2d4851a1d" relativeResultsDirectory="34a3e69b-3843-47a6-b1a1-26f52a60dfaa" />
    <UnitTestResult executionId="ee040949-fc51-4be2-982c-e3da3559e47f" testId="4f770864-8a0f-5964-ff7c-723a675a1561" testName="game-shell rebind capture (#991/#1002).rebind round-trip: ArmRebind then CaptureKey rebinds the command and emits KeymapChanged" computerName="def47eb67c33" duration="00:00:00.0120000" startTime="2026-08-01T16:15:23.8332843+02:00" endTime="2026-08-01T16:15:23.8702567+02:00" testType="13cdc9d9-ddb5-4fa4-a97d-d965ccfc6d4b" outcome="Passed" testListId="8c84fa94-04c1-424b-9868-57a2d4851a1d" relativeResultsDirectory="ee040949-fc51-4be2-982c-e3da3559e47f" />
    <UnitTestResult executionId="d6e9deba-c5bc-4789-b457-5604fc97aa15" testId="1c742eb7-c71f-14b2-a0ef-e0ddfd46efbf" testName="rogue3-governance.generated evidence graph and audit do not shell the decommissioned scripts" computerName="def47eb67c33" startTime="2026-08-01T16:15:24.2549176+02:00" endTime="2026-08-01T16:15:24.2554650+02:00" testType="13cdc9d9-ddb5-4fa4-a97d-d965ccfc6d4b" outcome="Passed" testListId="8c84fa94-04c1-424b-9868-57a2d4851a1d" relativeResultsDirectory="d6e9deba-c5bc-4789-b457-5604fc97aa15" />
    <UnitTestResult executionId="d9c1fffb-7ddb-4df1-a74d-06ea6191999b" testId="46bd31cf-2867-4d3b-7deb-b70350f7015b" testName="M7 UI menus stats.difficulty table is exact and a running run latches its start selection" computerName="def47eb67c33" duration="00:00:00.0100000" startTime="2026-08-01T16:15:23.8931079+02:00" endTime="2026-08-01T16:15:23.9039240+02:00" testType="13cdc9d9-ddb5-4fa4-a97d-d965ccfc6d4b" outcome="Passed" testListId="8c84fa94-04c1-424b-9868-57a2d4851a1d" relativeResultsDirectory="d9c1fffb-7ddb-4df1-a74d-06ea6191999b" />
    <UnitTestResult executionId="ce3e1b54-0a7f-4a15-8a6a-ce44b68e814d" testId="c50e5f45-fd2b-c7e8-ccac-ae5a71b4efde" testName="M8 requested audio.context changes stop before one replacement loop and stable context does not restart" computerName="def47eb67c33" duration="00:00:00.1440000" startTime="2026-08-01T16:15:23.8919516+02:00" endTime="2026-08-01T16:15:24.0362146+02:00" testType="13cdc9d9-ddb5-4fa4-a97d-d965ccfc6d4b" outcome="Passed" testListId="8c84fa94-04c1-424b-9868-57a2d4851a1d" relativeResultsDirectory="ce3e1b54-0a7f-4a15-8a6a-ce44b68e814d" />
    <UnitTestResult executionId="591ca20a-ce1b-4584-9988-3c31a7d80ffe" testId="52aefdd2-b602-b779-f037-e912c32bb873" testName="M2 projectiles.AC4 centered three-shot fan is -9 0 +9 and snapshots stats" computerName="def47eb67c33" duration="00:00:00.0040000" startTime="2026-08-01T16:15:24.0452209+02:00" endTime="2026-08-01T16:15:24.0497384+02:00" testType="13cdc9d9-ddb5-4fa4-a97d-d965ccfc6d4b" outcome="Passed" testListId="8c84fa94-04c1-424b-9868-57a2d4851a1d" relativeResultsDirectory="591ca20a-ce1b-4584-9988-3c31a7d80ffe" />
    <UnitTestResult executionId="573f6218-50f7-41ef-a3ba-32c8b9acf11f" testId="792bbcd9-8786-6c6f-e694-0c7844a55d0f" testName="M5 entities bosses rooms.layout item pool is deterministic and dupe free across fixtures" computerName="def47eb67c33" duration="00:00:00.0010000" startTime="2026-08-01T16:15:24.0000298+02:00" endTime="2026-08-01T16:15:24.0025623+02:00" testType="13cdc9d9-ddb5-4fa4-a97d-d965ccfc6d4b" outcome="Passed" testListId="8c84fa94-04c1-424b-9868-57a2d4851a1d" relativeResultsDirectory="573f6218-50f7-41ef-a3ba-32c8b9acf11f" />
    <UnitTestResult executionId="86969e2e-8a3c-4f0f-9ffe-1bca988c1d9b" testId="c0296d0d-5b4e-adf4-525c-79485421087f" testName="game-shell keymap persistence (#991/#1002).the pre-catalog v1 codec payload migrates into catalog-backed settings without losing actions" computerName="def47eb67c33" duration="00:00:00.0250000" startTime="2026-08-01T16:15:23.8853782+02:00" endTime="2026-08-01T16:15:23.9105066+02:00" testType="13cdc9d9-ddb5-4fa4-a97d-d965ccfc6d4b" outcome="Passed" testListId="8c84fa94-04c1-424b-9868-57a2d4851a1d" relativeResultsDirectory="86969e2e-8a3c-4f0f-9ffe-1bca988c1d9b" />
    <UnitTestResult executionId="c06b1704-e09d-4bb8-873e-10cac61559f4" testId="42d14f74-a2c2-0d08-6232-d9e14ca6c2bb" testName="game-shell Esc routing (#991/#1002).Esc cancels an in-flight rebind before it routes any screen" computerName="def47eb67c33" duration="00:00:00.0110000" startTime="2026-08-01T16:15:23.8330992+02:00" endTime="2026-08-01T16:15:23.8700849+02:00" testType="13cdc9d9-ddb5-4fa4-a97d-d965ccfc6d4b" outcome="Passed" testListId="8c84fa94-04c1-424b-9868-57a2d4851a1d" relativeResultsDirectory="c06b1704-e09d-4bb8-873e-10cac61559f4" />
    <UnitTestResult executionId="2da007cf-87f0-4086-ba21-394a48d028ea" testId="83ac5fc9-21bb-e5cb-0e54-a1cd08c19e61" testName="rogue3-behavior.generated default game dispatches input, advances over time, and keeps evidence flags opt-in" computerName="def47eb67c33" duration="00:00:00.0060000" startTime="2026-08-01T16:15:24.1157885+02:00" endTime="2026-08-01T16:15:24.1221187+02:00" testType="13cdc9d9-ddb5-4fa4-a97d-d965ccfc6d4b" outcome="Passed" testListId="8c84fa94-04c1-424b-9868-57a2d4851a1d" relativeResultsDirectory="2da007cf-87f0-4086-ba21-394a48d028ea" />
    <UnitTestResult executionId="69c73bf6-0569-40b1-aa5d-4b8200341eaa" testId="af51adfb-61d7-a1ae-7e8c-8cdd9dd02167" testName="rogue3-governance.generated evidence graph command runs the in-process engine" computerName="def47eb67c33" duration="00:00:00.0080000" startTime="2026-08-01T16:15:24.2488728+02:00" endTime="2026-08-01T16:15:24.2571042+02:00" testType="13cdc9d9-ddb5-4fa4-a97d-d965ccfc6d4b" outcome="Passed" testListId="8c84fa94-04c1-424b-9868-57a2d4851a1d" relativeResultsDirectory="69c73bf6-0569-40b1-aa5d-4b8200341eaa" />
    <UnitTestResult executionId="0eafcd24-0399-4cd3-8ffe-20d2c2d7ce69" testId="2e798a44-a47e-6b57-153b-b8b662389450" testName="game-shell routeKeyDown (#991/#1002).chrome screens never feed the keymap — a bound key is inert off the play screen" computerName="def47eb67c33" duration="00:00:00.0040000" startTime="2026-08-01T16:15:23.8816036+02:00" endTime="2026-08-01T16:15:23.8864034+02:00" testType="13cdc9d9-ddb5-4fa4-a97d-d965ccfc6d4b" outcome="Passed" testListId="8c84fa94-04c1-424b-9868-57a2d4851a1d" relativeResultsDirectory="0eafcd24-0399-4cd3-8ffe-20d2c2d7ce69" />
    <UnitTestResult executionId="1024e982-cfac-4384-bd99-62fb8b2a03ed" testId="9775e2b1-89ed-ce3e-1036-e2c0ed8613d7" testName="rogue3-behavior.M0 banked accumulator combines sub-step host frames deterministically" computerName="def47eb67c33" startTime="2026-08-01T16:15:24.0770245+02:00" endTime="2026-08-01T16:15:24.0824621+02:00" testType="13cdc9d9-ddb5-4fa4-a97d-d965ccfc6d4b" outcome="Passed" testListId="8c84fa94-04c1-424b-9868-57a2d4851a1d" relativeResultsDirectory="1024e982-cfac-4384-bd99-62fb8b2a03ed" />
    <UnitTestResult executionId="61b9be1d-9be4-445e-aa2c-902fddcbe397" testId="58de3ae1-26a5-0fba-7efe-98d348a83bf3" testName="M4 procedural floors.required special rooms, templates, and exact threat budgets are assigned" computerName="def47eb67c33" duration="00:00:00.0150000" startTime="2026-08-01T16:15:24.0127442+02:00" endTime="2026-08-01T16:15:24.0284699+02:00" testType="13cdc9d9-ddb5-4fa4-a97d-d965ccfc6d4b" outcome="Passed" testListId="8c84fa94-04c1-424b-9868-57a2d4851a1d" relativeResultsDirectory="61b9be1d-9be4-445e-aa2c-902fddcbe397" />
    <UnitTestResult executionId="7046ab4a-c0b9-451a-9ac8-df969d32e139" testId="69133d12-95b5-8550-b224-2b6ed330683e" testName="M5 entities bosses rooms.room seals and only final death opens and rolls once" computerName="def47eb67c33" duration="00:00:00.0050000" startTime="2026-08-01T16:15:23.9900747+02:00" endTime="2026-08-01T16:15:23.9957425+02:00" testType="13cdc9d9-ddb5-4fa4-a97d-d965ccfc6d4b" outcome="Passed" testListId="8c84fa94-04c1-424b-9868-57a2d4851a1d" relativeResultsDirectory="7046ab4a-c0b9-451a-9ac8-df969d32e139" />
    <UnitTestResult executionId="9f91b1f8-e7af-478b-bc1d-0e7e332b9163" testId="1047df89-249f-5109-b8af-f3ce937e03d5" testName="rogue3-behavior.generated game host boundary keeps app commands separate from viewer effects" computerName="def47eb67c33" duration="00:00:00.0050000" startTime="2026-08-01T16:15:24.0999124+02:00" endTime="2026-08-01T16:15:24.1064206+02:00" testType="13cdc9d9-ddb5-4fa4-a97d-d965ccfc6d4b" outcome="Passed" testListId="8c84fa94-04c1-424b-9868-57a2d4851a1d" relativeResultsDirectory="9f91b1f8-e7af-478b-bc1d-0e7e332b9163" />
    <UnitTestResult executionId="8ce72c72-d160-40cc-bfaa-f37b0b340f84" testId="db6e9b77-9c79-7c31-daf8-5e5daba83e68" testName="rogue3-governance.generated visual evidence commands require screenshot proof pixel fallback and unsupported diagnostics" computerName="def47eb67c33" duration="00:00:00.0010000" startTime="2026-08-01T16:15:24.2310410+02:00" endTime="2026-08-01T16:15:24.2334961+02:00" testType="13cdc9d9-ddb5-4fa4-a97d-d965ccfc6d4b" outcome="Passed" testListId="8c84fa94-04c1-424b-9868-57a2d4851a1d" relativeResultsDirectory="8ce72c72-d160-40cc-bfaa-f37b0b340f84" />
    <UnitTestResult executionId="abc23d78-0735-44eb-9329-f77679f77376" testId="9bac962a-6c74-b95e-cac5-429569478a74" testName="game-shell router + menu (#991/#1002).init parks on the main menu with the game's keymap and display" computerName="def47eb67c33" duration="00:00:00.0110000" startTime="2026-08-01T16:15:23.8321443+02:00" endTime="2026-08-01T16:15:23.8701737+02:00" testType="13cdc9d9-ddb5-4fa4-a97d-d965ccfc6d4b" outcome="Passed" testListId="8c84fa94-04c1-424b-9868-57a2d4851a1d" relativeResultsDirectory="abc23d78-0735-44eb-9329-f77679f77376" />
    <UnitTestResult executionId="f78ebc83-f0c9-432f-842f-c935a511292a" testId="cd8b6fb2-bd08-058b-44f0-75fee5ab2d86" testName="rogue3-behavior.game active item (the ball) stays inside the playfield region" computerName="def47eb67c33" duration="00:00:00.0080000" startTime="2026-08-01T16:15:24.1076962+02:00" endTime="2026-08-01T16:15:24.1211643+02:00" testType="13cdc9d9-ddb5-4fa4-a97d-d965ccfc6d4b" outcome="Passed" testListId="8c84fa94-04c1-424b-9868-57a2d4851a1d" relativeResultsDirectory="f78ebc83-f0c9-432f-842f-c935a511292a" />
    <UnitTestResult executionId="75045929-32ec-4583-bf98-b442dc964f1d" testId="f91a1745-848b-5c2f-9d5f-0da7b5545075" testName="M6 rendering and enemy symbology.particle pool keeps the newest 600 and fixed steps advance fade and expiry" computerName="def47eb67c33" duration="00:00:00.0250000" startTime="2026-08-01T16:15:23.9470793+02:00" endTime="2026-08-01T16:15:23.9728550+02:00" testType="13cdc9d9-ddb5-4fa4-a97d-d965ccfc6d4b" outcome="Passed" testListId="8c84fa94-04c1-424b-9868-57a2d4851a1d" relativeResultsDirectory="75045929-32ec-4583-bf98-b442dc964f1d" />
    <UnitTestResult executionId="0b283748-6dc0-4fa9-8dfd-404573fe394e" testId="2ed3572a-a20c-b82c-3b24-87c479def159" testName="visual-coverage-gate.required states differ per element and distinct elements cannot share byte-identical evidence" computerName="def47eb67c33" duration="00:00:01.6970000" startTime="2026-08-01T16:15:24.1442722+02:00" endTime="2026-08-01T16:15:25.8421432+02:00" testType="13cdc9d9-ddb5-4fa4-a97d-d965ccfc6d4b" outcome="Passed" testListId="8c84fa94-04c1-424b-9868-57a2d4851a1d" relativeResultsDirectory="0b283748-6dc0-4fa9-8dfd-404573fe394e" />
    <UnitTestResult executionId="0981ba15-7aeb-40fd-9ab3-973a9020914d" testId="1cd2f25a-33ab-a59e-25e5-a8cf3ed04700" testName="M7 UI menus stats.HUD exposes distinct soul/black hearts, special rooms, and a radial charge meter" computerName="def47eb67c33" duration="00:00:00.0090000" startTime="2026-08-01T16:15:23.9235526+02:00" endTime="2026-08-01T16:15:23.9334714+02:00" testType="13cdc9d9-ddb5-4fa4-a97d-d965ccfc6d4b" outcome="Passed" testListId="8c84fa94-04c1-424b-9868-57a2d4851a1d" relativeResultsDirectory="0981ba15-7aeb-40fd-9ab3-973a9020914d" />
    <UnitTestResult executionId="e802999c-bdfa-4cb7-8c69-c28c984f1264" testId="05141331-f93e-893d-6fcb-e2e3654a5ea1" testName="M7 UI menus stats.run events and completion populate all requested counters" computerName="def47eb67c33" duration="00:00:00.0140000" startTime="2026-08-01T16:15:23.9125238+02:00" endTime="2026-08-01T16:15:23.9268352+02:00" testType="13cdc9d9-ddb5-4fa4-a97d-d965ccfc6d4b" outcome="Passed" testListId="8c84fa94-04c1-424b-9868-57a2d4851a1d" relativeResultsDirectory="e802999c-bdfa-4cb7-8c69-c28c984f1264" />
    <UnitTestResult executionId="ed9e4271-8e9f-4c06-8bde-727a77239b81" testId="f19c1243-56f7-4f12-0f24-7d0d9cc4566b" testName="M7 UI menus stats.live projectile hits feed damage-per-floor and typed kill stats exactly once" computerName="def47eb67c33" duration="00:00:00.0760000" startTime="2026-08-01T16:15:23.9126769+02:00" endTime="2026-08-01T16:15:23.9896216+02:00" testType="13cdc9d9-ddb5-4fa4-a97d-d965ccfc6d4b" outcome="Passed" testListId="8c84fa94-04c1-424b-9868-57a2d4851a1d" relativeResultsDirectory="ed9e4271-8e9f-4c06-8bde-727a77239b81" />
    <UnitTestResult executionId="3990326b-e0e3-4959-a60e-0e518291a076" testId="e1ba37f1-6235-7541-1af3-444f6f2d2b6d" testName="M6 rendering and enemy symbology.EnemyActor ChannelMap preserves hitboxes and distinguishes the whole roster" computerName="def47eb67c33" duration="00:00:00.0060000" startTime="2026-08-01T16:15:23.9404532+02:00" endTime="2026-08-01T16:15:23.9469680+02:00" testType="13cdc9d9-ddb5-4fa4-a97d-d965ccfc6d4b" outcome="Passed" testListId="8c84fa94-04c1-424b-9868-57a2d4851a1d" relativeResultsDirectory="3990326b-e0e3-4959-a60e-0e518291a076" />
    <UnitTestResult executionId="00f6f77f-5ca9-43bc-9224-5e024ef75266" testId="63cc6b0c-f014-2698-438e-e654efb32b9c" testName="M2 movement.dodge impulse timers cooldown and fire lockout are deterministic" computerName="def47eb67c33" duration="00:00:00.0150000" startTime="2026-08-01T16:15:24.0450872+02:00" endTime="2026-08-01T16:15:24.0604406+02:00" testType="13cdc9d9-ddb5-4fa4-a97d-d965ccfc6d4b" outcome="Passed" testListId="8c84fa94-04c1-424b-9868-57a2d4851a1d" relativeResultsDirectory="00f6f77f-5ca9-43bc-9224-5e024ef75266" />
    <UnitTestResult executionId="5b5f3659-0e54-4099-b80c-582be699ed15" testId="8ffa290a-79d6-d4d6-7129-bdecffb7c4b1" testName="rogue3-behavior.interactive shell host proves default geometry, retained menu/rebind clicks, and key down -&gt; ticks -&gt; up (#1012)" computerName="def47eb67c33" duration="00:00:00.2520000" startTime="2026-08-01T16:15:24.0894766+02:00" endTime="2026-08-01T16:15:24.3420186+02:00" testType="13cdc9d9-ddb5-4fa4-a97d-d965ccfc6d4b" outcome="Passed" testListId="8c84fa94-04c1-424b-9868-57a2d4851a1d" relativeResultsDirectory="5b5f3659-0e54-4099-b80c-582be699ed15" />
    <UnitTestResult executionId="cbe52dc2-2df7-43d9-a5f0-b648c00fcdfa" testId="05302acc-1f93-20ac-b09b-029990311269" testName="M2 projectiles.swept obstacle hit cannot tunnel and consumes bounce" computerName="def47eb67c33" duration="00:00:00.0040000" startTime="2026-08-01T16:15:24.0540092+02:00" endTime="2026-08-01T16:15:24.0590221+02:00" testType="13cdc9d9-ddb5-4fa4-a97d-d965ccfc6d4b" outcome="Passed" testListId="8c84fa94-04c1-424b-9868-57a2d4851a1d" relativeResultsDirectory="cbe52dc2-2df7-43d9-a5f0-b648c00fcdfa" />
    <UnitTestResult executionId="b2ab6a1f-f826-4644-94bc-74d4569e77b4" testId="5ad84a72-d90a-5c87-e334-33ddc4065a9e" testName="rogue3-behavior.window diagnostics verdict matches the real runtime gate (#136 / epic #134)" computerName="def47eb67c33" duration="00:00:00.0200000" startTime="2026-08-01T16:15:24.1211944+02:00" endTime="2026-08-01T16:15:24.1418760+02:00" testType="13cdc9d9-ddb5-4fa4-a97d-d965ccfc6d4b" outcome="Passed" testListId="8c84fa94-04c1-424b-9868-57a2d4851a1d" relativeResultsDirectory="b2ab6a1f-f826-4644-94bc-74d4569e77b4" />
    <UnitTestResult executionId="837b6400-c031-4da6-ac30-4673db84434e" testId="c6eaca31-c705-ff66-7029-af13444644c6" testName="M2 projectiles.velocity inheritance offsets live shots without rotating their base directions" computerName="def47eb67c33" startTime="2026-08-01T16:15:24.0453406+02:00" endTime="2026-08-01T16:15:24.0459779+02:00" testType="13cdc9d9-ddb5-4fa4-a97d-d965ccfc6d4b" outcome="Passed" testListId="8c84fa94-04c1-424b-9868-57a2d4851a1d" relativeResultsDirectory="837b6400-c031-4da6-ac30-4673db84434e" />
    <UnitTestResult executionId="f6b3864f-b829-49ee-9f50-2e5762121188" testId="3d245d86-2940-3423-a54b-5602be660e61" testName="M7 UI menus stats.responsive HUD reserves non-overlapping anchors at both required output sizes" computerName="def47eb67c33" duration="00:00:00.0070000" startTime="2026-08-01T16:15:23.8930930+02:00" endTime="2026-08-01T16:15:23.9004928+02:00" testType="13cdc9d9-ddb5-4fa4-a97d-d965ccfc6d4b" outcome="Passed" testListId="8c84fa94-04c1-424b-9868-57a2d4851a1d" relativeResultsDirectory="f6b3864f-b829-49ee-9f50-2e5762121188" />
    <UnitTestResult executionId="3a04f406-41c1-41bf-94fe-5d7eca18677d" testId="a1c07f50-ff97-edfa-9edf-17d30a07cda4" testName="rogue3-behavior.M0 same seed reproduces independent LayoutRng and DropRng streams" computerName="def47eb67c33" duration="00:00:00.0020000" startTime="2026-08-01T16:15:24.0770812+02:00" endTime="2026-08-01T16:15:24.0835144+02:00" testType="13cdc9d9-ddb5-4fa4-a97d-d965ccfc6d4b" outcome="Passed" testListId="8c84fa94-04c1-424b-9868-57a2d4851a1d" relativeResultsDirectory="3a04f406-41c1-41bf-94fe-5d7eca18677d" />
    <UnitTestResult executionId="aca72d12-330c-4aa6-990c-10b452fdc189" testId="35595766-df9d-ee82-60fe-fcd730c75ba5" testName="M2 performance definition binding.helper-backed initial state and messages invalidate the workload digest" computerName="def47eb67c33" duration="00:00:02.9410000" startTime="2026-08-01T16:15:24.0541584+02:00" endTime="2026-08-01T16:15:26.9968768+02:00" testType="13cdc9d9-ddb5-4fa4-a97d-d965ccfc6d4b" outcome="Passed" testListId="8c84fa94-04c1-424b-9868-57a2d4851a1d" relativeResultsDirectory="aca72d12-330c-4aa6-990c-10b452fdc189" />
    <UnitTestResult executionId="a716161d-4d26-4706-9306-61be3b065878" testId="9138ea7b-1e0f-87a6-4618-5e7c2c8058d6" testName="M5 entities bosses rooms.weighted tables use exact weights and deterministic DropRng continuation" computerName="def47eb67c33" duration="00:00:00.0010000" startTime="2026-08-01T16:15:23.9899509+02:00" endTime="2026-08-01T16:15:23.9938493+02:00" testType="13cdc9d9-ddb5-4fa4-a97d-d965ccfc6d4b" outcome="Passed" testListId="8c84fa94-04c1-424b-9868-57a2d4851a1d" relativeResultsDirectory="a716161d-4d26-4706-9306-61be3b065878" />
    <UnitTestResult executionId="0c371f33-3d56-445b-9b80-928c66d01fb4" testId="d52a2fe6-b284-7e78-29f5-7416156c3601" testName="game-shell routeKeyDown (#991/#1002).a capture in flight swallows the very next key as CaptureKey (even a live-play binding)" computerName="def47eb67c33" duration="00:00:00.0040000" startTime="2026-08-01T16:15:23.8816218+02:00" endTime="2026-08-01T16:15:23.8865306+02:00" testType="13cdc9d9-ddb5-4fa4-a97d-d965ccfc6d4b" outcome="Passed" testListId="8c84fa94-04c1-424b-9868-57a2d4851a1d" relativeResultsDirectory="0c371f33-3d56-445b-9b80-928c66d01fb4" />
    <UnitTestResult executionId="17e137b2-fee8-475c-a683-ed478516dbbe" testId="6fe87b8f-d4a6-984e-a4d3-66855eb4c6f5" testName="M3 performance binding.complete-model digest binds M3 enemies bullets health and currency" computerName="def47eb67c33" duration="00:00:02.7400000" startTime="2026-08-01T16:15:24.0432532+02:00" endTime="2026-08-01T16:15:26.7837186+02:00" testType="13cdc9d9-ddb5-4fa4-a97d-d965ccfc6d4b" outcome="Passed" testListId="8c84fa94-04c1-424b-9868-57a2d4851a1d" relativeResultsDirectory="17e137b2-fee8-475c-a683-ed478516dbbe" />
    <UnitTestResult executionId="8ac4458c-be7d-4c55-ac46-1103e2d9290c" testId="5f1b8fe5-89f2-15b5-d6d0-5f05d2d7c07c" testName="m1-input-twin-stick.Tick derives a key edge once, then commits previous after simulation" computerName="def47eb67c33" duration="00:00:00.0030000" startTime="2026-08-01T16:15:24.0541975+02:00" endTime="2026-08-01T16:15:24.0612210+02:00" testType="13cdc9d9-ddb5-4fa4-a97d-d965ccfc6d4b" outcome="Passed" testListId="8c84fa94-04c1-424b-9868-57a2d4851a1d" relativeResultsDirectory="8ac4458c-be7d-4c55-ac46-1103e2d9290c" />
    <UnitTestResult executionId="f2c539e1-ecd5-4d97-b0d0-9dc6cf8a1cdb" testId="2fe1f16a-c87e-6083-0bf5-be64a7bccadb" testName="m1-input-twin-stick.coordinate-bearing pointer interactions map to pointer snapshot messages" computerName="def47eb67c33" duration="00:00:00.0160000" startTime="2026-08-01T16:15:24.0644217+02:00" endTime="2026-08-01T16:15:24.0815767+02:00" testType="13cdc9d9-ddb5-4fa4-a97d-d965ccfc6d4b" outcome="Passed" testListId="8c84fa94-04c1-424b-9868-57a2d4851a1d" relativeResultsDirectory="f2c539e1-ecd5-4d97-b0d0-9dc6cf8a1cdb" />
    <UnitTestResult executionId="9330112c-c3a6-4fd8-91ef-7f7c6a3294b1" testId="237d76b9-2c5a-240c-4350-0e411df6ae6d" testName="rogue3-governance.generated graphical app exposes bounded smoke command" computerName="def47eb67c33" duration="00:00:00.0030000" startTime="2026-08-01T16:15:24.2272315+02:00" endTime="2026-08-01T16:15:24.2333403+02:00" testType="13cdc9d9-ddb5-4fa4-a97d-d965ccfc6d4b" outcome="Passed" testListId="8c84fa94-04c1-424b-9868-57a2d4851a1d" relativeResultsDirectory="9330112c-c3a6-4fd8-91ef-7f7c6a3294b1" />
    <UnitTestResult executionId="e4e14f8d-0717-4654-909f-bbf25d44e023" testId="4c666de3-63cc-f935-08d9-b143ec9fdccc" testName="rogue3-behavior.play-input boundary is surfaced at the input-wiring site and accurate to the host contract (#139/#1000)" computerName="def47eb67c33" duration="00:00:00.0020000" startTime="2026-08-01T16:15:24.1322441+02:00" endTime="2026-08-01T16:15:24.1420408+02:00" testType="13cdc9d9-ddb5-4fa4-a97d-d965ccfc6d4b" outcome="Passed" testListId="8c84fa94-04c1-424b-9868-57a2d4851a1d" relativeResultsDirectory="e4e14f8d-0717-4654-909f-bbf25d44e023" />
    <UnitTestResult executionId="1df056d8-89fe-4175-9f62-333fbca4cc39" testId="a06fe6b8-8346-52cc-d2f8-00b0215d7401" testName="rogue3-behavior.game scores and re-serves when the ball passes an undefended edge" computerName="def47eb67c33" duration="00:00:00.0010000" startTime="2026-08-01T16:15:24.0871147+02:00" endTime="2026-08-01T16:15:24.0897280+02:00" testType="13cdc9d9-ddb5-4fa4-a97d-d965ccfc6d4b" outcome="Passed" testListId="8c84fa94-04c1-424b-9868-57a2d4851a1d" relativeResultsDirectory="1df056d8-89fe-4175-9f62-333fbca4cc39" />
    <UnitTestResult executionId="e65c2fc7-cff1-406b-9e1f-64e5233b46e8" testId="2a722c52-7105-8aa0-c703-5899cd9ac48f" testName="M5 entities bosses rooms.grub split is floor bounded and cannot recursively split" computerName="def47eb67c33" duration="00:00:00.0020000" startTime="2026-08-01T16:15:23.9901009+02:00" endTime="2026-08-01T16:15:23.9930032+02:00" testType="13cdc9d9-ddb5-4fa4-a97d-d965ccfc6d4b" outcome="Passed" testListId="8c84fa94-04c1-424b-9868-57a2d4851a1d" relativeResultsDirectory="e65c2fc7-cff1-406b-9e1f-64e5233b46e8" />
    <UnitTestResult executionId="328be7e3-d074-4ec8-a453-bec06fa4324a" testId="15a94cea-7eb4-c6d1-231b-53266dad676c" testName="M6 rendering and enemy symbology.production renderer preserves the eleven back-to-front layers" computerName="def47eb67c33" duration="00:00:00.0150000" startTime="2026-08-01T16:15:23.9342360+02:00" endTime="2026-08-01T16:15:23.9498407+02:00" testType="13cdc9d9-ddb5-4fa4-a97d-d965ccfc6d4b" outcome="Passed" testListId="8c84fa94-04c1-424b-9868-57a2d4851a1d" relativeResultsDirectory="328be7e3-d074-4ec8-a453-bec06fa4324a" />
    <UnitTestResult executionId="97626bcf-3b3d-4b1a-8705-87e77f3b371a" testId="9372ed4a-a2ad-07da-b9b9-04b9fee3c98d" testName="game-shell router + menu (#991/#1002).settings opened from a pause returns to the pause, not the main menu (SettingsReturn)" computerName="def47eb67c33" duration="00:00:00.0110000" startTime="2026-08-01T16:15:23.8323661+02:00" endTime="2026-08-01T16:15:23.8701869+02:00" testType="13cdc9d9-ddb5-4fa4-a97d-d965ccfc6d4b" outcome="Passed" testListId="8c84fa94-04c1-424b-9868-57a2d4851a1d" relativeResultsDirectory="97626bcf-3b3d-4b1a-8705-87e77f3b371a" />
    <UnitTestResult executionId="e452aae9-868b-4f42-9465-d1f17e27f651" testId="f4d2e78c-8a46-b3bb-bb26-c39c02afa30b" testName="M5 entities bosses rooms.all timed behavior parameters emit documented patterns" computerName="def47eb67c33" duration="00:00:00.0060000" startTime="2026-08-01T16:15:23.9898468+02:00" endTime="2026-08-01T16:15:23.9968471+02:00" testType="13cdc9d9-ddb5-4fa4-a97d-d965ccfc6d4b" outcome="Passed" testListId="8c84fa94-04c1-424b-9868-57a2d4851a1d" relativeResultsDirectory="e452aae9-868b-4f42-9465-d1f17e27f651" />
    <UnitTestResult executionId="5849f41f-7a53-44c7-9f6a-83c36c111ca5" testId="71de6ae5-0aea-398a-2f73-5a16a075e654" testName="visual-coverage-gate.catalog, element-bound registry, and representative runtime rendering are complete" computerName="def47eb67c33" duration="00:00:00.0360000" startTime="2026-08-01T16:15:24.1774472+02:00" endTime="2026-08-01T16:15:24.2142522+02:00" testType="13cdc9d9-ddb5-4fa4-a97d-d965ccfc6d4b" outcome="Passed" testListId="8c84fa94-04c1-424b-9868-57a2d4851a1d" relativeResultsDirectory="5849f41f-7a53-44c7-9f6a-83c36c111ca5" />
    <UnitTestResult executionId="26fd268b-62e3-417c-85e8-26535ac7669e" testId="622cbf19-6cea-924e-5178-a91033535afb" testName="M8 requested audio.every fixed-step event maps to the exact §10 cue value and order" computerName="def47eb67c33" duration="00:00:00.0840000" startTime="2026-08-01T16:15:23.8857444+02:00" endTime="2026-08-01T16:15:23.9704876+02:00" testType="13cdc9d9-ddb5-4fa4-a97d-d965ccfc6d4b" outcome="Passed" testListId="8c84fa94-04c1-424b-9868-57a2d4851a1d" relativeResultsDirectory="26fd268b-62e3-417c-85e8-26535ac7669e" />
    <UnitTestResult executionId="83ed5c1d-d880-45a6-9458-b8de66aae8cb" testId="b0c539a8-249b-d179-693f-7219b66d817c" testName="rogue3-governance.generated evidence commands are opt-in and not reported as ongoing interactive play" computerName="def47eb67c33" duration="00:00:00.0050000" startTime="2026-08-01T16:15:24.2273048+02:00" endTime="2026-08-01T16:15:24.2334861+02:00" testType="13cdc9d9-ddb5-4fa4-a97d-d965ccfc6d4b" outcome="Passed" testListId="8c84fa94-04c1-424b-9868-57a2d4851a1d" relativeResultsDirectory="83ed5c1d-d880-45a6-9458-b8de66aae8cb" />
    <UnitTestResult executionId="26f92513-4851-42cb-8d4c-bf743b82342a" testId="f1b02942-4429-278a-77fe-4b18b781b51e" testName="m1-input-twin-stick.AC 9 moves left while mouse-aimed shot travels right with velocity inheritance" computerName="def47eb67c33" duration="00:00:00.0010000" startTime="2026-08-01T16:15:24.0542640+02:00" endTime="2026-08-01T16:15:24.0589873+02:00" testType="13cdc9d9-ddb5-4fa4-a97d-d965ccfc6d4b" outcome="Passed" testListId="8c84fa94-04c1-424b-9868-57a2d4851a1d" relativeResultsDirectory="26f92513-4851-42cb-8d4c-bf743b82342a" />
    <UnitTestResult executionId="1a305394-a6d9-4015-8807-a9a955b7f93a" testId="e1bb82d7-41a7-6177-4d93-bcf4986e1aa2" testName="M3 combat.shot overlap uses the grid and applies damage knockback flash and pierce once" computerName="def47eb67c33" duration="00:00:00.0060000" startTime="2026-08-01T16:15:24.0330406+02:00" endTime="2026-08-01T16:15:24.0391348+02:00" testType="13cdc9d9-ddb5-4fa4-a97d-d965ccfc6d4b" outcome="Passed" testListId="8c84fa94-04c1-424b-9868-57a2d4851a1d" relativeResultsDirectory="1a305394-a6d9-4015-8807-a9a955b7f93a" />
    <UnitTestResult executionId="975fb9f7-5233-4d69-9859-e7fd8b4bba4c" testId="9b6e9930-d160-1a6b-9c9a-1960534149ad" testName="rogue3-behavior.game layout evidence re-points HUD onto the score strip and gameplay onto the playfield" computerName="def47eb67c33" duration="00:00:00.0140000" startTime="2026-08-01T16:15:24.1060806+02:00" endTime="2026-08-01T16:15:24.1209413+02:00" testType="13cdc9d9-ddb5-4fa4-a97d-d965ccfc6d4b" outcome="Passed" testListId="8c84fa94-04c1-424b-9868-57a2d4851a1d" relativeResultsDirectory="975fb9f7-5233-4d69-9859-e7fd8b4bba4c" />
    <UnitTestResult executionId="2f461d30-b371-46d9-ad0a-5cc4409143ee" testId="91a21c05-7c02-858d-f972-bc401a71271d" testName="M7 UI menus stats.a rebound movement key drives live gameplay through the production host" computerName="def47eb67c33" duration="00:00:00.0660000" startTime="2026-08-01T16:15:23.9239828+02:00" endTime="2026-08-01T16:15:23.9906372+02:00" testType="13cdc9d9-ddb5-4fa4-a97d-d965ccfc6d4b" outcome="Passed" testListId="8c84fa94-04c1-424b-9868-57a2d4851a1d" relativeResultsDirectory="2f461d30-b371-46d9-ad0a-5cc4409143ee" />
    <UnitTestResult executionId="0d36beed-c17b-446d-9c9e-bbfab04fbd76" testId="8ecf1eca-2949-1ea4-6ce7-5877b91a141d" testName="game-shell display mapping (#991/#1002).SetResolution / SetDisplayMode update the display and emit DisplayChanged; logicalSize follows the resolution" computerName="def47eb67c33" duration="00:00:00.0020000" startTime="2026-08-01T16:15:23.8816761+02:00" endTime="2026-08-01T16:15:23.8865411+02:00" testType="13cdc9d9-ddb5-4fa4-a97d-d965ccfc6d4b" outcome="Passed" testListId="8c84fa94-04c1-424b-9868-57a2d4851a1d" relativeResultsDirectory="0d36beed-c17b-446d-9c9e-bbfab04fbd76" />
    <UnitTestResult executionId="d01aacd9-11cc-4bbf-b146-f21c793e548b" testId="ff2994a5-4dbe-1bba-474a-0e2ed51ecfee" testName="rogue3-behavior.generated game host boots the shell main menu and cues the initial state through the same seam (#991/#1000/#458)" computerName="def47eb67c33" startTime="2026-08-01T16:15:24.0894480+02:00" endTime="2026-08-01T16:15:24.0904445+02:00" testType="13cdc9d9-ddb5-4fa4-a97d-d965ccfc6d4b" outcome="Passed" testListId="8c84fa94-04c1-424b-9868-57a2d4851a1d" relativeResultsDirectory="d01aacd9-11cc-4bbf-b146-f21c793e548b" />
    <UnitTestResult executionId="36b4cc0d-4e5b-483b-86e8-8bc759f5c0bd" testId="f8efa217-56cd-a82e-43d1-547a752338cd" testName="rogue3-behavior.view-image probe renders requested logical sizes and rejects invalid dimensions (#901/#1030)" computerName="def47eb67c33" duration="00:00:00.3410000" startTime="2026-08-01T16:15:24.1222237+02:00" endTime="2026-08-01T16:15:24.4633982+02:00" testType="13cdc9d9-ddb5-4fa4-a97d-d965ccfc6d4b" outcome="Passed" testListId="8c84fa94-04c1-424b-9868-57a2d4851a1d" relativeResultsDirectory="36b4cc0d-4e5b-483b-86e8-8bc759f5c0bd" />
    <UnitTestResult executionId="676774c4-026a-4c0c-bba2-586ea5317767" testId="77fcb5c6-47ca-5d36-5e11-ed94253de25e" testName="rogue3-behavior.game MovePaddle clamps paddles inside the playfield" computerName="def47eb67c33" duration="00:00:00.0020000" startTime="2026-08-01T16:15:24.0870780+02:00" endTime="2026-08-01T16:15:24.0896004+02:00" testType="13cdc9d9-ddb5-4fa4-a97d-d965ccfc6d4b" outcome="Passed" testListId="8c84fa94-04c1-424b-9868-57a2d4851a1d" relativeResultsDirectory="676774c4-026a-4c0c-bba2-586ea5317767" />
    <UnitTestResult executionId="8fb3e1ab-b6dc-4e4d-bee6-fb1719132f05" testId="4b1fe0a9-0ac0-426f-e7ba-7902c97a274a" testName="M5 entities bosses rooms.Charger telegraphs, locks dash, and wall hit recovers" computerName="def47eb67c33" duration="00:00:00.0050000" startTime="2026-08-01T16:15:23.9636438+02:00" endTime="2026-08-01T16:15:23.9693661+02:00" testType="13cdc9d9-ddb5-4fa4-a97d-d965ccfc6d4b" outcome="Passed" testListId="8c84fa94-04c1-424b-9868-57a2d4851a1d" relativeResultsDirectory="8fb3e1ab-b6dc-4e4d-bee6-fb1719132f05" />
    <UnitTestResult executionId="61d33eda-88ea-4f06-a222-fa34216ab8d6" testId="03118a50-f887-ebbc-94fc-b2bf9d61859f" testName="game-shell rebind capture (#991/#1002).capturing another action's key displaces it but keeps its catalog row, and reset restores defaults" computerName="def47eb67c33" duration="00:00:00.0300000" startTime="2026-08-01T16:15:23.8815523+02:00" endTime="2026-08-01T16:15:23.9125639+02:00" testType="13cdc9d9-ddb5-4fa4-a97d-d965ccfc6d4b" outcome="Passed" testListId="8c84fa94-04c1-424b-9868-57a2d4851a1d" relativeResultsDirectory="61d33eda-88ea-4f06-a222-fa34216ab8d6" />
    <UnitTestResult executionId="91006ed6-3c31-4579-b71f-30486b4044a3" testId="217f78a2-1cd8-92ad-1c8e-f68d1b62fe65" testName="rogue3-behavior.generated game host exposes viewer input and tick mapping and advances the game" computerName="def47eb67c33" duration="00:00:00.0100000" startTime="2026-08-01T16:15:24.0890012+02:00" endTime="2026-08-01T16:15:24.0997476+02:00" testType="13cdc9d9-ddb5-4fa4-a97d-d965ccfc6d4b" outcome="Passed" testListId="8c84fa94-04c1-424b-9868-57a2d4851a1d" relativeResultsDirectory="91006ed6-3c31-4579-b71f-30486b4044a3" />
    <UnitTestResult executionId="8376a6b6-71ea-4d43-8564-62d8a9b393ab" testId="e6d2141a-676e-ea14-6124-b0d221f61921" testName="scene-walker (#899).collectSceneNodes recurses through Translate and CachedSubtree; sceneText reads their text" computerName="def47eb67c33" duration="00:00:00.0090000" startTime="2026-08-01T16:15:24.0649254+02:00" endTime="2026-08-01T16:15:24.0749515+02:00" testType="13cdc9d9-ddb5-4fa4-a97d-d965ccfc6d4b" outcome="Passed" testListId="8c84fa94-04c1-424b-9868-57a2d4851a1d" relativeResultsDirectory="8376a6b6-71ea-4d43-8564-62d8a9b393ab" />
    <UnitTestResult executionId="4837898f-a62f-4c47-9bfd-aed860605d1e" testId="4f278071-8909-d178-0de2-e77de2379ae0" testName="M4 procedural floors.AC14 bomb reveal atomically opens reciprocal doors and graph adjacency" computerName="def47eb67c33" duration="00:00:00.0140000" startTime="2026-08-01T16:15:24.0130322+02:00" endTime="2026-08-01T16:15:24.0271530+02:00" testType="13cdc9d9-ddb5-4fa4-a97d-d965ccfc6d4b" outcome="Passed" testListId="8c84fa94-04c1-424b-9868-57a2d4851a1d" relativeResultsDirectory="4837898f-a62f-4c47-9bfd-aed860605d1e" />
    <UnitTestResult executionId="e7939b0b-d361-4fe1-9fa0-62ca2360c501" testId="5ded85f4-5971-a296-6da0-ffb8d04590f9" testName="rogue3-governance.generated build.fsx surfaces the build-target help banner" computerName="def47eb67c33" startTime="2026-08-01T16:15:24.2588686+02:00" endTime="2026-08-01T16:15:24.2618344+02:00" testType="13cdc9d9-ddb5-4fa4-a97d-d965ccfc6d4b" outcome="Passed" testListId="8c84fa94-04c1-424b-9868-57a2d4851a1d" relativeResultsDirectory="e7939b0b-d361-4fe1-9fa0-62ca2360c501" />
    <UnitTestResult executionId="0e4dd54b-da6b-4e83-abb5-55846653621f" testId="7498a382-1d11-e62e-6588-3d2d049b80df" testName="M8 requested audio.production settings host clamps volume and mute/unmute reaches AudioEvidence.Requested" computerName="def47eb67c33" duration="00:00:00.0480000" startTime="2026-08-01T16:15:23.8921677+02:00" endTime="2026-08-01T16:15:23.9403427+02:00" testType="13cdc9d9-ddb5-4fa4-a97d-d965ccfc6d4b" outcome="Passed" testListId="8c84fa94-04c1-424b-9868-57a2d4851a1d" relativeResultsDirectory="0e4dd54b-da6b-4e83-abb5-55846653621f" />
    <UnitTestResult executionId="40a2ed8a-8aa7-46cc-8aa7-4b7b1481fa52" testId="dfc8be6a-c30f-2d5f-9979-10ffecd0764a" testName="rogue3-behavior.generated game host SOURCES the intents a player must reach (handled-but-unwired guard)" computerName="def47eb67c33" duration="00:00:00.0090000" startTime="2026-08-01T16:15:24.0987482+02:00" endTime="2026-08-01T16:15:24.1083892+02:00" testType="13cdc9d9-ddb5-4fa4-a97d-d965ccfc6d4b" outcome="Passed" testListId="8c84fa94-04c1-424b-9868-57a2d4851a1d" relativeResultsDirectory="40a2ed8a-8aa7-46cc-8aa7-4b7b1481fa52" />
    <UnitTestResult executionId="fbcd93bc-0426-4279-918d-c8a2eb8e1b87" testId="01e71bca-ee68-c5ef-3447-d73f1c5b0397" testName="rogue3-governance.generated window diagnostics command derives its verdict from the real launch gate, not fabricated failures" computerName="def47eb67c33" duration="00:00:00.0010000" startTime="2026-08-01T16:15:24.2392957+02:00" endTime="2026-08-01T16:15:24.2427717+02:00" testType="13cdc9d9-ddb5-4fa4-a97d-d965ccfc6d4b" outcome="Passed" testListId="8c84fa94-04c1-424b-9868-57a2d4851a1d" relativeResultsDirectory="fbcd93bc-0426-4279-918d-c8a2eb8e1b87" />
    <UnitTestResult executionId="c5d454ce-d6d9-4270-9715-27b0d7612e55" testId="b66bbe3f-5013-9597-4727-3342026920b4" testName="rogue3-behavior.game keyboard input moves the paddles and records the last input" computerName="def47eb67c33" duration="00:00:00.0030000" startTime="2026-08-01T16:15:24.0869840+02:00" endTime="2026-08-01T16:15:24.0908619+02:00" testType="13cdc9d9-ddb5-4fa4-a97d-d965ccfc6d4b" outcome="Passed" testListId="8c84fa94-04c1-424b-9868-57a2d4851a1d" relativeResultsDirectory="c5d454ce-d6d9-4270-9715-27b0d7612e55" />
    <UnitTestResult executionId="5da6b1f1-5035-4b7f-8c6b-dcb53be2a317" testId="b5028580-bce1-e6d7-faf2-62aa1b4dc79a" testName="game-shell rebind capture (#991/#1002).Esc during a capture cancels it — a command never binds to the menu key" computerName="def47eb67c33" duration="00:00:00.0110000" startTime="2026-08-01T16:15:23.8334566+02:00" endTime="2026-08-01T16:15:23.8702482+02:00" testType="13cdc9d9-ddb5-4fa4-a97d-d965ccfc6d4b" outcome="Passed" testListId="8c84fa94-04c1-424b-9868-57a2d4851a1d" relativeResultsDirectory="5da6b1f1-5035-4b7f-8c6b-dcb53be2a317" />
    <UnitTestResult executionId="24e8d1e6-fd31-44c9-adab-e6c4f75781ac" testId="6313eea3-42d6-02a1-5dd4-63d49ca1e0b5" testName="rogue3-behavior.game default view renders gameplay and the Hollow Depths HUD as a scene" computerName="def47eb67c33" duration="00:00:00.0040000" startTime="2026-08-01T16:15:24.0698266+02:00" endTime="2026-08-01T16:15:24.0747820+02:00" testType="13cdc9d9-ddb5-4fa4-a97d-d965ccfc6d4b" outcome="Passed" testListId="8c84fa94-04c1-424b-9868-57a2d4851a1d" relativeResultsDirectory="24e8d1e6-fd31-44c9-adab-e6c4f75781ac" />
    <UnitTestResult executionId="1b47f46b-be68-46d9-9176-6246f01bde9c" testId="67b879ae-235b-b64b-9407-83cb9136107b" testName="game-shell router + menu (#991/#1002).main menu: Start enters play, Config opens settings, Exit requests host exit" computerName="def47eb67c33" duration="00:00:00.0120000" startTime="2026-08-01T16:15:23.8321453+02:00" endTime="2026-08-01T16:15:23.8701255+02:00" testType="13cdc9d9-ddb5-4fa4-a97d-d965ccfc6d4b" outcome="Passed" testListId="8c84fa94-04c1-424b-9868-57a2d4851a1d" relativeResultsDirectory="1b47f46b-be68-46d9-9176-6246f01bde9c" />
    <UnitTestResult executionId="0f627441-0c27-4041-87c8-eb38d56ec8d7" testId="aa8f3eb3-cc06-2c88-eb19-b53a3ea457dc" testName="game-shell routeKeyDown (#991/#1002).the menu key routes to EscapePressed" computerName="def47eb67c33" duration="00:00:00.0040000" startTime="2026-08-01T16:15:23.8815812+02:00" endTime="2026-08-01T16:15:23.8864034+02:00" testType="13cdc9d9-ddb5-4fa4-a97d-d965ccfc6d4b" outcome="Passed" testListId="8c84fa94-04c1-424b-9868-57a2d4851a1d" relativeResultsDirectory="0f627441-0c27-4041-87c8-eb38d56ec8d7" />
    <UnitTestResult executionId="1f0ff829-aa9f-48a6-a51d-7caa3e990fea" testId="0220b09e-84d9-d009-d976-577220adf740" testName="M8 requested audio.pickup, room, boss and run-end transitions retain exact product-owned values" computerName="def47eb67c33" duration="00:00:00.0290000" startTime="2026-08-01T16:15:23.8924098+02:00" endTime="2026-08-01T16:15:23.9217577+02:00" testType="13cdc9d9-ddb5-4fa4-a97d-d965ccfc6d4b" outcome="Passed" testListId="8c84fa94-04c1-424b-9868-57a2d4851a1d" relativeResultsDirectory="1f0ff829-aa9f-48a6-a51d-7caa3e990fea" />
    <UnitTestResult executionId="e4d3016f-d8b5-4d27-9a02-9875ee627eb3" testId="be18aaac-58e0-ec03-4002-edd8418f38c2" testName="rogue3-governance.generated evidence commands share Testing report conventions" computerName="def47eb67c33" duration="00:00:00.0010000" startTime="2026-08-01T16:15:24.2324078+02:00" endTime="2026-08-01T16:15:24.2335078+02:00" testType="13cdc9d9-ddb5-4fa4-a97d-d965ccfc6d4b" outcome="Passed" testListId="8c84fa94-04c1-424b-9868-57a2d4851a1d" relativeResultsDirectory="e4d3016f-d8b5-4d27-9a02-9875ee627eb3" />
    <UnitTestResult executionId="2956958b-be6b-4de3-ac3b-20a8866208e3" testId="efbc7012-091c-0572-0306-084d40357c03" testName="M7 UI menus stats.production settings host emits persistence and complete profile data" computerName="def47eb67c33" duration="00:00:00.0430000" startTime="2026-08-01T16:15:23.9039627+02:00" endTime="2026-08-01T16:15:23.9471976+02:00" testType="13cdc9d9-ddb5-4fa4-a97d-d965ccfc6d4b" outcome="Passed" testListId="8c84fa94-04c1-424b-9868-57a2d4851a1d" relativeResultsDirectory="2956958b-be6b-4de3-ac3b-20a8866208e3" />
    <UnitTestResult executionId="a310cb6b-daaa-4bdb-9c38-bfe95451117a" testId="5e3b0f2a-f7ad-da20-b33c-65a084ad9917" testName="M4 procedural floors.AC18 descent carries player run state and replaces every room-local collection" computerName="def47eb67c33" duration="00:00:00.0040000" startTime="2026-08-01T16:15:24.0223306+02:00" endTime="2026-08-01T16:15:24.0273300+02:00" testType="13cdc9d9-ddb5-4fa4-a97d-d965ccfc6d4b" outcome="Passed" testListId="8c84fa94-04c1-424b-9868-57a2d4851a1d" relativeResultsDirectory="a310cb6b-daaa-4bdb-9c38-bfe95451117a" />
    <UnitTestResult executionId="71266a4c-f61c-46af-8dd1-df95b0e053a4" testId="c24a4bef-9116-7fb2-3f50-960d04715701" testName="game-shell router + menu (#991/#1002).the pause overlay is the same menu: play pauses and resumes" computerName="def47eb67c33" duration="00:00:00.0110000" startTime="2026-08-01T16:15:23.8321808+02:00" endTime="2026-08-01T16:15:23.8701042+02:00" testType="13cdc9d9-ddb5-4fa4-a97d-d965ccfc6d4b" outcome="Passed" testListId="8c84fa94-04c1-424b-9868-57a2d4851a1d" relativeResultsDirectory="71266a4c-f61c-46af-8dd1-df95b0e053a4" />
    <UnitTestResult executionId="cd3b4c03-f3de-4e99-aca0-8ed6784b5a38" testId="79dae25b-d874-ebae-1821-3c42ee3a59b5" testName="M5 entities bosses rooms.production obstacles block ground not shots hurt on spikes and destroy once" computerName="def47eb67c33" duration="00:00:00.0210000" startTime="2026-08-01T16:15:24.0010972+02:00" endTime="2026-08-01T16:15:24.0222118+02:00" testType="13cdc9d9-ddb5-4fa4-a97d-d965ccfc6d4b" outcome="Passed" testListId="8c84fa94-04c1-424b-9868-57a2d4851a1d" relativeResultsDirectory="cd3b4c03-f3de-4e99-aca0-8ed6784b5a38" />
    <UnitTestResult executionId="911341b5-4df8-4d0d-988d-3f6c71367dc9" testId="776f7a54-d050-8e9b-cc6a-722b3360a5a1" testName="M5 entities bosses rooms.production choir deaths drive deterministic outside-window revival" computerName="def47eb67c33" duration="00:00:00.0120000" startTime="2026-08-01T16:15:24.0113118+02:00" endTime="2026-08-01T16:15:24.0234015+02:00" testType="13cdc9d9-ddb5-4fa4-a97d-d965ccfc6d4b" outcome="Passed" testListId="8c84fa94-04c1-424b-9868-57a2d4851a1d" relativeResultsDirectory="911341b5-4df8-4d0d-988d-3f6c71367dc9" />
    <UnitTestResult executionId="6bbe0b6d-7a6b-44d4-bd58-003185ca83c2" testId="90acb1f6-247c-6b9b-72d3-76162442d31f" testName="visual-coverage-gate.the typed runtime inventory is exhaustive, readable, non-empty, and unique" computerName="def47eb67c33" startTime="2026-08-01T16:15:24.1359069+02:00" endTime="2026-08-01T16:15:24.1420547+02:00" testType="13cdc9d9-ddb5-4fa4-a97d-d965ccfc6d4b" outcome="Passed" testListId="8c84fa94-04c1-424b-9868-57a2d4851a1d" relativeResultsDirectory="6bbe0b6d-7a6b-44d4-bd58-003185ca83c2" />
    <UnitTestResult executionId="ce7ee5db-c736-4389-857e-31afc3d53370" testId="34cdbef4-785c-d9c0-3125-6efc6117defc" testName="game-shell routeKeyDown (#991/#1002).while playing, a bound key resolves through the keymap to a game value" computerName="def47eb67c33" duration="00:00:00.0280000" startTime="2026-08-01T16:15:23.8815893+02:00" endTime="2026-08-01T16:15:23.9102909+02:00" testType="13cdc9d9-ddb5-4fa4-a97d-d965ccfc6d4b" outcome="Passed" testListId="8c84fa94-04c1-424b-9868-57a2d4851a1d" relativeResultsDirectory="ce7ee5db-c736-4389-857e-31afc3d53370" />
    <UnitTestResult executionId="42c6b2b8-6786-408b-ad5a-05dec7a41de6" testId="d5c36b48-df15-b89c-ca13-a4bdbd89f1fb" testName="M6 rendering and enemy symbology.legibility pins only the physics-faithful Size warning" computerName="def47eb67c33" duration="00:00:00.0470000" startTime="2026-08-01T16:15:23.9444634+02:00" endTime="2026-08-01T16:15:23.9925146+02:00" testType="13cdc9d9-ddb5-4fa4-a97d-d965ccfc6d4b" outcome="Passed" testListId="8c84fa94-04c1-424b-9868-57a2d4851a1d" relativeResultsDirectory="42c6b2b8-6786-408b-ad5a-05dec7a41de6" />
    <UnitTestResult executionId="d1dea953-e2ce-4221-bef6-5abc1fde0fb3" testId="2ff95e7b-ca98-ce28-8371-83424269aa2d" testName="M4 procedural floors.room budget is bounded and placement is connected through orthogonal doors" computerName="def47eb67c33" duration="00:00:00.0340000" startTime="2026-08-01T16:15:24.0127151+02:00" endTime="2026-08-01T16:15:24.0471446+02:00" testType="13cdc9d9-ddb5-4fa4-a97d-d965ccfc6d4b" outcome="Passed" testListId="8c84fa94-04c1-424b-9868-57a2d4851a1d" relativeResultsDirectory="d1dea953-e2ce-4221-bef6-5abc1fde0fb3" />
    <UnitTestResult executionId="4da8f5a1-fdbf-4bc7-bc0e-83e0c028ea6c" testId="25513a59-6acb-a537-e1e4-f6011f726460" testName="M5 entities bosses rooms.roster definitions and floor scaling are exact" computerName="def47eb67c33" duration="00:00:00.0070000" startTime="2026-08-01T16:15:23.9557117+02:00" endTime="2026-08-01T16:15:23.9691743+02:00" testType="13cdc9d9-ddb5-4fa4-a97d-d965ccfc6d4b" outcome="Passed" testListId="8c84fa94-04c1-424b-9868-57a2d4851a1d" relativeResultsDirectory="4da8f5a1-fdbf-4bc7-bc0e-83e0c028ea6c" />
    <UnitTestResult executionId="04a78083-1bee-44fd-90f4-c8a4679e4c02" testId="d54659ea-73dc-3ae9-41c7-64c4faa9ef53" testName="rogue3-governance.generated rogue3 ships the SWAP-CHECKLIST discoverability doc" computerName="def47eb67c33" startTime="2026-08-01T16:15:24.2584482+02:00" endTime="2026-08-01T16:15:24.2617294+02:00" testType="13cdc9d9-ddb5-4fa4-a97d-d965ccfc6d4b" outcome="Passed" testListId="8c84fa94-04c1-424b-9868-57a2d4851a1d" relativeResultsDirectory="04a78083-1bee-44fd-90f4-c8a4679e4c02" />
    <UnitTestResult executionId="f5add745-fdcb-4cca-a175-b157bdbb8728" testId="61c3b9b8-1035-e718-c721-d12ac0480a65" testName="rogue3-governance.generated normal launch reports desktop session diagnostics without evidence fallback" computerName="def47eb67c33" startTime="2026-08-01T16:15:24.2375985+02:00" endTime="2026-08-01T16:15:24.2427578+02:00" testType="13cdc9d9-ddb5-4fa4-a97d-d965ccfc6d4b" outcome="Passed" testListId="8c84fa94-04c1-424b-9868-57a2d4851a1d" relativeResultsDirectory="f5add745-fdcb-4cca-a175-b157bdbb8728" />
    <UnitTestResult executionId="398fb973-a4c0-45a9-aaf5-90e3eb4ce839" testId="61cfda3f-1586-fe98-ad14-3f83f91ca49d" testName="rogue3-governance.generated rogue3 source is split by responsibility in compile order" computerName="def47eb67c33" duration="00:00:00.0020000" startTime="2026-08-01T16:15:24.2143770+02:00" endTime="2026-08-01T16:15:24.2170265+02:00" testType="13cdc9d9-ddb5-4fa4-a97d-d965ccfc6d4b" outcome="Passed" testListId="8c84fa94-04c1-424b-9868-57a2d4851a1d" relativeResultsDirectory="398fb973-a4c0-45a9-aaf5-90e3eb4ce839" />
    <UnitTestResult executionId="afc49d3b-fcca-4b21-a690-6d45efe9b487" testId="f01707a0-325c-4d2b-8436-487372df3c5d" testName="rogue3-behavior.DisplayChanged reaches the live native window-mode boundary (#1022)" computerName="def47eb67c33" duration="00:00:00.8820000" startTime="2026-08-01T16:15:24.0895115+02:00" endTime="2026-08-01T16:15:24.9718486+02:00" testType="13cdc9d9-ddb5-4fa4-a97d-d965ccfc6d4b" outcome="Passed" testListId="8c84fa94-04c1-424b-9868-57a2d4851a1d" relativeResultsDirectory="afc49d3b-fcca-4b21-a690-6d45efe9b487" />
    <UnitTestResult executionId="11d014b5-ced1-419a-ac67-a2800801baba" testId="2439c8c3-df8f-0f6f-a639-a36184ddde80" testName="M5 entities bosses rooms.boss phases and declarative pattern payloads are complete" computerName="def47eb67c33" duration="00:00:00.0020000" startTime="2026-08-01T16:15:23.9899256+02:00" endTime="2026-08-01T16:15:23.9938012+02:00" testType="13cdc9d9-ddb5-4fa4-a97d-d965ccfc6d4b" outcome="Passed" testListId="8c84fa94-04c1-424b-9868-57a2d4851a1d" relativeResultsDirectory="11d014b5-ced1-419a-ac67-a2800801baba" />
    <UnitTestResult executionId="2d1804ae-5945-45aa-b488-c738a1e128cc" testId="5040b5df-7f67-2eaa-7503-ef5c42c24140" testName="M7 UI menus stats.game setting transition emits an honest record-only MetaProfile request" computerName="def47eb67c33" duration="00:00:00.0380000" startTime="2026-08-01T16:15:23.9031483+02:00" endTime="2026-08-01T16:15:23.9416882+02:00" testType="13cdc9d9-ddb5-4fa4-a97d-d965ccfc6d4b" outcome="Passed" testListId="8c84fa94-04c1-424b-9868-57a2d4851a1d" relativeResultsDirectory="2d1804ae-5945-45aa-b488-c738a1e128cc" />
    <UnitTestResult executionId="e439d03b-ca31-4475-8314-4c9b7eb93b5b" testId="98f94406-ede6-ffae-25bc-dad79e9e6e6e" testName="M6 rendering and enemy symbology.room camera slide is active before 0.35 seconds and identity at 42 ticks" computerName="def47eb67c33" duration="00:00:00.0180000" startTime="2026-08-01T16:15:23.9555122+02:00" endTime="2026-08-01T16:15:23.9740361+02:00" testType="13cdc9d9-ddb5-4fa4-a97d-d965ccfc6d4b" outcome="Passed" testListId="8c84fa94-04c1-424b-9868-57a2d4851a1d" relativeResultsDirectory="e439d03b-ca31-4475-8314-4c9b7eb93b5b" />
    <UnitTestResult executionId="70ce3bb5-ccca-4cc8-aec7-44a1e8808c69" testId="c119d501-0a01-db03-60ea-cdd27019b36e" testName="M5 entities bosses rooms.shop has three deterministic slots prices locks and no restock" computerName="def47eb67c33" duration="00:00:00.0060000" startTime="2026-08-01T16:15:24.0000613+02:00" endTime="2026-08-01T16:15:24.0076332+02:00" testType="13cdc9d9-ddb5-4fa4-a97d-d965ccfc6d4b" outcome="Passed" testListId="8c84fa94-04c1-424b-9868-57a2d4851a1d" relativeResultsDirectory="70ce3bb5-ccca-4cc8-aec7-44a1e8808c69" />
    <UnitTestResult executionId="673d5dd0-e6bc-4177-a2cc-ecdeedcd9a1c" testId="61d423c0-5431-b0dd-ff21-98ffdccbe7e8" testName="rogue3-behavior.generated rogue3 test suite is wired" computerName="def47eb67c33" duration="00:00:00.0040000" startTime="2026-08-01T16:15:24.0649421+02:00" endTime="2026-08-01T16:15:24.0700275+02:00" testType="13cdc9d9-ddb5-4fa4-a97d-d965ccfc6d4b" outcome="Passed" testListId="8c84fa94-04c1-424b-9868-57a2d4851a1d" relativeResultsDirectory="673d5dd0-e6bc-4177-a2cc-ecdeedcd9a1c" />
    <UnitTestResult executionId="67ab9cf9-80a8-4d1c-9be7-15539a4f3de4" testId="cc56498c-797a-7439-a164-fc42e9a15265" testName="M5 entities bosses rooms.split children join the live set before room clear" computerName="def47eb67c33" duration="00:00:00.0030000" startTime="2026-08-01T16:15:24.0103148+02:00" endTime="2026-08-01T16:15:24.0145119+02:00" testType="13cdc9d9-ddb5-4fa4-a97d-d965ccfc6d4b" outcome="Passed" testListId="8c84fa94-04c1-424b-9868-57a2d4851a1d" relativeResultsDirectory="67ab9cf9-80a8-4d1c-9be7-15539a4f3de4" />
    <UnitTestResult executionId="cc6fd7ac-011a-411f-8fa7-90416f40901f" testId="32244521-65a7-3b85-b4a7-f528f5770859" testName="visual-coverage-gate.Rogue2 open, locked/sealed, and trapdoor states are element-bound, rendered, and visually distinct" computerName="def47eb67c33" duration="00:00:00.0080000" startTime="2026-08-01T16:15:24.2136305+02:00" endTime="2026-08-01T16:15:24.2217086+02:00" testType="13cdc9d9-ddb5-4fa4-a97d-d965ccfc6d4b" outcome="Passed" testListId="8c84fa94-04c1-424b-9868-57a2d4851a1d" relativeResultsDirectory="cc6fd7ac-011a-411f-8fa7-90416f40901f" />
    <UnitTestResult executionId="8bcdb60c-1244-4099-94d2-ae55d5178493" testId="4bae20ec-549d-1a91-7637-1ab916aaf33b" testName="m1-input-twin-stick.gamepad left and right sticks remain independent and analog" computerName="def47eb67c33" startTime="2026-08-01T16:15:24.0555224+02:00" endTime="2026-08-01T16:15:24.0566188+02:00" testType="13cdc9d9-ddb5-4fa4-a97d-d965ccfc6d4b" outcome="Passed" testListId="8c84fa94-04c1-424b-9868-57a2d4851a1d" relativeResultsDirectory="8bcdb60c-1244-4099-94d2-ae55d5178493" />
    <UnitTestResult executionId="e1b7ae7a-1fda-4fa2-85fd-07fbecabec68" testId="c72e6dd5-1806-54d7-92fd-5f11d39e00dc" testName="M4 procedural floors.boss clear creates exactly one trapdoor" computerName="def47eb67c33" duration="00:00:00.0060000" startTime="2026-08-01T16:15:24.0221373+02:00" endTime="2026-08-01T16:15:24.0282864+02:00" testType="13cdc9d9-ddb5-4fa4-a97d-d965ccfc6d4b" outcome="Passed" testListId="8c84fa94-04c1-424b-9868-57a2d4851a1d" relativeResultsDirectory="e1b7ae7a-1fda-4fa2-85fd-07fbecabec68" />
    <UnitTestResult executionId="cc3ff315-8604-4866-be33-9f2b6cb991e8" testId="b4bdadfc-8b82-aff9-1db3-e3ff7626e377" testName="M5 entities bosses rooms.obstacle policy covers blocking fly-over hazard and claimed destruction" computerName="def47eb67c33" duration="00:00:00.0010000" startTime="2026-08-01T16:15:24.0000144+02:00" endTime="2026-08-01T16:15:24.0024292+02:00" testType="13cdc9d9-ddb5-4fa4-a97d-d965ccfc6d4b" outcome="Passed" testListId="8c84fa94-04c1-424b-9868-57a2d4851a1d" relativeResultsDirectory="cc3ff315-8604-4866-be33-9f2b6cb991e8" />
    <UnitTestResult executionId="0b5b8415-2e8c-4656-b04e-876ca43082a7" testId="5e9787ce-cee8-82fc-908f-6da835391c25" testName="M5 entities bosses rooms.production shop purchase empties slot and never restocks" computerName="def47eb67c33" duration="00:00:00.0050000" startTime="2026-08-01T16:15:24.0002063+02:00" endTime="2026-08-01T16:15:24.0093699+02:00" testType="13cdc9d9-ddb5-4fa4-a97d-d965ccfc6d4b" outcome="Passed" testListId="8c84fa94-04c1-424b-9868-57a2d4851a1d" relativeResultsDirectory="0b5b8415-2e8c-4656-b04e-876ca43082a7" />
    <UnitTestResult executionId="eeb91c34-415f-4f66-9295-c18e4b00915f" testId="a2a586e8-4399-001e-0688-29f2adda4161" testName="rogue3-governance.generated graphical app default executable path uses persistent host" computerName="def47eb67c33" duration="00:00:00.0050000" startTime="2026-08-01T16:15:24.2373270+02:00" endTime="2026-08-01T16:15:24.2426404+02:00" testType="13cdc9d9-ddb5-4fa4-a97d-d965ccfc6d4b" outcome="Passed" testListId="8c84fa94-04c1-424b-9868-57a2d4851a1d" relativeResultsDirectory="eeb91c34-415f-4f66-9295-c18e4b00915f" />
    <UnitTestResult executionId="95686031-44e8-4c35-ab92-ad6b6fdf3307" testId="6344d895-8ad1-66ba-39a8-f42258955caf" testName="rogue3-governance.generated app Synthetic exposes window behavior flags and option diagnostics without leaving interactive launch" computerName="def47eb67c33" duration="00:00:00.0050000" startTime="2026-08-01T16:15:24.2408574+02:00" endTime="2026-08-01T16:15:24.2466445+02:00" testType="13cdc9d9-ddb5-4fa4-a97d-d965ccfc6d4b" outcome="Passed" testListId="8c84fa94-04c1-424b-9868-57a2d4851a1d" relativeResultsDirectory="95686031-44e8-4c35-ab92-ad6b6fdf3307" />
    <UnitTestResult executionId="9c26e5cd-31df-4e2f-84dd-59f051cc2164" testId="1934d25e-53a8-af89-939c-e5d5d109f3ff" testName="game-shell rebind capture (#991/#1002).CancelRebind abandons an in-flight capture without rebinding" computerName="def47eb67c33" duration="00:00:00.0110000" startTime="2026-08-01T16:15:23.8334685+02:00" endTime="2026-08-01T16:15:23.8701579+02:00" testType="13cdc9d9-ddb5-4fa4-a97d-d965ccfc6d4b" outcome="Passed" testListId="8c84fa94-04c1-424b-9868-57a2d4851a1d" relativeResultsDirectory="9c26e5cd-31df-4e2f-84dd-59f051cc2164" />
    <UnitTestResult executionId="5a6b9024-4089-412d-ab32-c1dceb591643" testId="c397ffb5-77ba-7cb5-2beb-7706778de4cb" testName="M8 requested audio.startup reaches the production launch host as clamped volume plus one title loop" computerName="def47eb67c33" duration="00:00:00.0210000" startTime="2026-08-01T16:15:23.8919331+02:00" endTime="2026-08-01T16:15:23.9135085+02:00" testType="13cdc9d9-ddb5-4fa4-a97d-d965ccfc6d4b" outcome="Passed" testListId="8c84fa94-04c1-424b-9868-57a2d4851a1d" relativeResultsDirectory="5a6b9024-4089-412d-ab32-c1dceb591643" />
    <UnitTestResult executionId="82c94773-b231-4199-9afc-d496b07021ed" testId="1e1c9220-e347-0e10-b099-69b39b57e3a8" testName="game-shell keymap persistence (#991/#1002).encodeKeymap / decodeKeymap round-trips a rebound keymap onto a fresh model" computerName="def47eb67c33" duration="00:00:00.0110000" startTime="2026-08-01T16:15:23.8817657+02:00" endTime="2026-08-01T16:15:23.8935754+02:00" testType="13cdc9d9-ddb5-4fa4-a97d-d965ccfc6d4b" outcome="Passed" testListId="8c84fa94-04c1-424b-9868-57a2d4851a1d" relativeResultsDirectory="82c94773-b231-4199-9afc-d496b07021ed" />
    <UnitTestResult executionId="c5a0c858-54a4-46d1-b2a4-20bdf23090db" testId="79a8ebc1-13cd-84a4-7c50-2b908a1081d5" testName="game-shell rebind capture (#991/#1002).ArmRebind only arms on the settings screen (the rebind UI lives there)" computerName="def47eb67c33" startTime="2026-08-01T16:15:23.8646674+02:00" endTime="2026-08-01T16:15:23.8764606+02:00" testType="13cdc9d9-ddb5-4fa4-a97d-d965ccfc6d4b" outcome="Passed" testListId="8c84fa94-04c1-424b-9868-57a2d4851a1d" relativeResultsDirectory="c5a0c858-54a4-46d1-b2a4-20bdf23090db" />
    <UnitTestResult executionId="e4836a01-c1da-477d-a477-f2c41c073253" testId="a9c84432-9cc6-623e-8186-079cca5da584" testName="M3 deterministic stats.AC3 additive phase precedes multiplicative phase independent of pickup ordering" computerName="def47eb67c33" duration="00:00:00.0100000" startTime="2026-08-01T16:15:24.0330288+02:00" endTime="2026-08-01T16:15:24.0438788+02:00" testType="13cdc9d9-ddb5-4fa4-a97d-d965ccfc6d4b" outcome="Passed" testListId="8c84fa94-04c1-424b-9868-57a2d4851a1d" relativeResultsDirectory="e4836a01-c1da-477d-a477-f2c41c073253" />
    <UnitTestResult executionId="ef984538-333d-4f7c-8655-8a183fa9adb7" testId="262967ba-bc18-398c-092d-bbb0f1d6ad7d" testName="game-shell rebind capture (#991/#1002).a captured key with no armed command is ignored (no stray rebind)" computerName="def47eb67c33" startTime="2026-08-01T16:15:23.8646674+02:00" endTime="2026-08-01T16:15:23.8764606+02:00" testType="13cdc9d9-ddb5-4fa4-a97d-d965ccfc6d4b" outcome="Passed" testListId="8c84fa94-04c1-424b-9868-57a2d4851a1d" relativeResultsDirectory="ef984538-333d-4f7c-8655-8a183fa9adb7" />
    <UnitTestResult executionId="6bb93bd2-f9af-49c9-8294-4293156da8fc" testId="5bacc623-c94d-955a-d5ad-faab757b1d7c" testName="M2 projectiles.homing turn is capped, stable, and range still guarantees termination" computerName="def47eb67c33" duration="00:00:00.0070000" startTime="2026-08-01T16:15:24.0540159+02:00" endTime="2026-08-01T16:15:24.0624340+02:00" testType="13cdc9d9-ddb5-4fa4-a97d-d965ccfc6d4b" outcome="Passed" testListId="8c84fa94-04c1-424b-9868-57a2d4851a1d" relativeResultsDirectory="6bb93bd2-f9af-49c9-8294-4293156da8fc" />
    <UnitTestResult executionId="2d38bc7a-5649-4891-aad9-f3da1264e427" testId="7fdce0de-8628-0060-8611-493c9489006b" testName="rogue3-behavior.M0 logical 1280x720 world-to-screen transform is centered, uniform, and invertible" computerName="def47eb67c33" duration="00:00:00.0030000" startTime="2026-08-01T16:15:24.0771286+02:00" endTime="2026-08-01T16:15:24.0829200+02:00" testType="13cdc9d9-ddb5-4fa4-a97d-d965ccfc6d4b" outcome="Passed" testListId="8c84fa94-04c1-424b-9868-57a2d4851a1d" relativeResultsDirectory="2d38bc7a-5649-4891-aad9-f3da1264e427" />
    <UnitTestResult executionId="df9379f4-a65f-49a2-b42d-f80eeb298b03" testId="c50db150-9910-87fb-6f25-63ef4d96eb66" testName="M7 UI menus stats.stats aggregate into five depth buckets and two damage-per-floor series" computerName="def47eb67c33" duration="00:00:00.0170000" startTime="2026-08-01T16:15:23.9123746+02:00" endTime="2026-08-01T16:15:23.9300450+02:00" testType="13cdc9d9-ddb5-4fa4-a97d-d965ccfc6d4b" outcome="Passed" testListId="8c84fa94-04c1-424b-9868-57a2d4851a1d" relativeResultsDirectory="df9379f4-a65f-49a2-b42d-f80eeb298b03" />
    <UnitTestResult executionId="7432cac9-b0ac-489a-a047-466d72e16c94" testId="45799ded-513b-f775-dcc8-5570df392ab9" testName="rogue3-governance.generated Verify redirected output is clean text" computerName="def47eb67c33" startTime="2026-08-01T16:15:24.2583843+02:00" endTime="2026-08-01T16:15:24.2616984+02:00" testType="13cdc9d9-ddb5-4fa4-a97d-d965ccfc6d4b" outcome="Passed" testListId="8c84fa94-04c1-424b-9868-57a2d4851a1d" relativeResultsDirectory="7432cac9-b0ac-489a-a047-466d72e16c94" />
    <UnitTestResult executionId="31ce8755-d5a1-42ad-a186-11b65e3ce38a" testId="c549ae72-d333-14a6-0cc5-420e8eb2922d" testName="m1-input-twin-stick.mouse aim preserves a non-cardinal 360-degree direction" computerName="def47eb67c33" duration="00:00:00.0050000" startTime="2026-08-01T16:15:24.0643396+02:00" endTime="2026-08-01T16:15:24.0698586+02:00" testType="13cdc9d9-ddb5-4fa4-a97d-d965ccfc6d4b" outcome="Passed" testListId="8c84fa94-04c1-424b-9868-57a2d4851a1d" relativeResultsDirectory="31ce8755-d5a1-42ad-a186-11b65e3ce38a" />
    <UnitTestResult executionId="3caa98a0-3b54-45f8-83e4-6a8a7933cc67" testId="7e24cda2-59bc-4ca2-143c-66988d41a197" testName="visual-coverage-gate.Rogue2 old self-declared control stays green while typed runtime inventory names Door and Trapdoor omissions" computerName="def47eb67c33" duration="00:00:00.0080000" startTime="2026-08-01T16:15:24.2056213+02:00" endTime="2026-08-01T16:15:24.2169860+02:00" testType="13cdc9d9-ddb5-4fa4-a97d-d965ccfc6d4b" outcome="Passed" testListId="8c84fa94-04c1-424b-9868-57a2d4851a1d" relativeResultsDirectory="3caa98a0-3b54-45f8-83e4-6a8a7933cc67" />
    <UnitTestResult executionId="13f256bc-0fbd-4467-bdb9-bd3d50173399" testId="7d9fd765-f0a7-7556-84c2-41d976ef21f7" testName="game-shell display mapping (#991/#1002).windowBehavior maps each display mode to its window startup state and resize policy" computerName="def47eb67c33" duration="00:00:00.0090000" startTime="2026-08-01T16:15:23.8817361+02:00" endTime="2026-08-01T16:15:23.8922945+02:00" testType="13cdc9d9-ddb5-4fa4-a97d-d965ccfc6d4b" outcome="Passed" testListId="8c84fa94-04c1-424b-9868-57a2d4851a1d" relativeResultsDirectory="13f256bc-0fbd-4467-bdb9-bd3d50173399" />
    <UnitTestResult executionId="581098c7-6921-4e9d-9090-0c82b72aa5fe" testId="eecdb315-b557-dc48-c55d-d3a6a9958e69" testName="M3 combat.AC6 bullet hit grants 0.80 seconds and roll i-frames reject damage" computerName="def47eb67c33" duration="00:00:00.0020000" startTime="2026-08-01T16:15:24.0330693+02:00" endTime="2026-08-01T16:15:24.0363497+02:00" testType="13cdc9d9-ddb5-4fa4-a97d-d965ccfc6d4b" outcome="Passed" testListId="8c84fa94-04c1-424b-9868-57a2d4851a1d" relativeResultsDirectory="581098c7-6921-4e9d-9090-0c82b72aa5fe" />
    <UnitTestResult executionId="0db86f19-c8b9-437c-8add-fbb0d6d5b02e" testId="00a6e621-35d2-6746-48da-b9b6f5e21feb" testName="M2 movement.acceleration friction normalization and speed clamp are fixed-step bounded" computerName="def47eb67c33" duration="00:00:00.0040000" startTime="2026-08-01T16:15:24.0434460+02:00" endTime="2026-08-01T16:15:24.0481697+02:00" testType="13cdc9d9-ddb5-4fa4-a97d-d965ccfc6d4b" outcome="Passed" testListId="8c84fa94-04c1-424b-9868-57a2d4851a1d" relativeResultsDirectory="0db86f19-c8b9-437c-8add-fbb0d6d5b02e" />
    <UnitTestResult executionId="8589a886-644b-42a7-82ff-51b089913c99" testId="8903916b-a311-066b-637f-4d1d03730e07" testName="visual-coverage-gate.representative states traverse View.view and yield non-empty runtime frames" computerName="def47eb67c33" duration="00:00:00.0690000" startTime="2026-08-01T16:15:24.1362556+02:00" endTime="2026-08-01T16:15:24.2053767+02:00" testType="13cdc9d9-ddb5-4fa4-a97d-d965ccfc6d4b" outcome="Passed" testListId="8c84fa94-04c1-424b-9868-57a2d4851a1d" relativeResultsDirectory="8589a886-644b-42a7-82ff-51b089913c99" />
    <UnitTestResult executionId="3265547c-d34e-4464-a886-ae77c045adbd" testId="8ed31a13-05f6-0aab-1038-da87a3db3499" testName="rogue3-behavior.game tick advances the ball and the tick count (the default is a live, moving rogue3)" computerName="def47eb67c33" startTime="2026-08-01T16:15:24.0760948+02:00" endTime="2026-08-01T16:15:24.0799452+02:00" testType="13cdc9d9-ddb5-4fa4-a97d-d965ccfc6d4b" outcome="Passed" testListId="8c84fa94-04c1-424b-9868-57a2d4851a1d" relativeResultsDirectory="3265547c-d34e-4464-a886-ae77c045adbd" />
    <UnitTestResult executionId="c6ca2415-6242-4840-83b8-8c57d74dc2dd" testId="de19ad07-dff8-5751-1db2-6130cf6d57a2" testName="m1-input-twin-stick.a sub-step Tick retains an unconsumed edge for the next simulation step" computerName="def47eb67c33" duration="00:00:00.0030000" startTime="2026-08-01T16:15:24.0542320+02:00" endTime="2026-08-01T16:15:24.0609076+02:00" testType="13cdc9d9-ddb5-4fa4-a97d-d965ccfc6d4b" outcome="Passed" testListId="8c84fa94-04c1-424b-9868-57a2d4851a1d" relativeResultsDirectory="c6ca2415-6242-4840-83b8-8c57d74dc2dd" />
    <UnitTestResult executionId="627edd5b-2f64-4659-8120-1e88902ebe5c" testId="9b46f086-2565-f619-374a-24c463cfb9af" testName="M2 projectiles.non-finite projectile state terminates instead of poisoning the replay" computerName="def47eb67c33" startTime="2026-08-01T16:15:24.0541195+02:00" endTime="2026-08-01T16:15:24.0564902+02:00" testType="13cdc9d9-ddb5-4fa4-a97d-d965ccfc6d4b" outcome="Passed" testListId="8c84fa94-04c1-424b-9868-57a2d4851a1d" relativeResultsDirectory="627edd5b-2f64-4659-8120-1e88902ebe5c" />
    <UnitTestResult executionId="ecc9b5bb-ec35-413f-a820-e2ce27e5b198" testId="ed6bf64c-9785-7788-adb1-71fabff495f9" testName="M7 UI menus stats.actual host new-run click and Esc pause/resume use one router" computerName="def47eb67c33" duration="00:00:00.3430000" startTime="2026-08-01T16:15:23.9342346+02:00" endTime="2026-08-01T16:15:24.2778723+02:00" testType="13cdc9d9-ddb5-4fa4-a97d-d965ccfc6d4b" outcome="Passed" testListId="8c84fa94-04c1-424b-9868-57a2d4851a1d" relativeResultsDirectory="ecc9b5bb-ec35-413f-a820-e2ce27e5b198" />
    <UnitTestResult executionId="078ed526-aa69-4925-b662-78307fd15954" testId="42be3123-ee8b-9e70-d262-f49ea700e80b" testName="M5 entities bosses rooms.production update enters combat, kills roster, clears doors, and rolls once" computerName="def47eb67c33" duration="00:00:00.0090000" startTime="2026-08-01T16:15:24.0001672+02:00" endTime="2026-08-01T16:15:24.0112779+02:00" testType="13cdc9d9-ddb5-4fa4-a97d-d965ccfc6d4b" outcome="Passed" testListId="8c84fa94-04c1-424b-9868-57a2d4851a1d" relativeResultsDirectory="078ed526-aa69-4925-b662-78307fd15954" />
    <UnitTestResult executionId="9611f84d-b83e-48de-a45d-711e9f0ac601" testId="984fe0d4-f8f9-1029-46f7-d068ab716c85" testName="M2 projectiles.AC10 age and room exit terminate and bounce is finite" computerName="def47eb67c33" duration="00:00:00.0050000" startTime="2026-08-01T16:15:24.0455882+02:00" endTime="2026-08-01T16:15:24.0510016+02:00" testType="13cdc9d9-ddb5-4fa4-a97d-d965ccfc6d4b" outcome="Passed" testListId="8c84fa94-04c1-424b-9868-57a2d4851a1d" relativeResultsDirectory="9611f84d-b83e-48de-a45d-711e9f0ac601" />
    <UnitTestResult executionId="08041ed4-c0ac-4424-b51f-484cf6d8ac1a" testId="9ae2b132-9a86-866b-bfd0-9070aa606424" testName="game-shell routeKeyDown (#991/#1002).routeKeyEvent preserves both gameplay edges on one normalized seam" computerName="def47eb67c33" duration="00:00:00.0050000" startTime="2026-08-01T16:15:23.8816479+02:00" endTime="2026-08-01T16:15:23.8876093+02:00" testType="13cdc9d9-ddb5-4fa4-a97d-d965ccfc6d4b" outcome="Passed" testListId="8c84fa94-04c1-424b-9868-57a2d4851a1d" relativeResultsDirectory="08041ed4-c0ac-4424-b51f-484cf6d8ac1a" />
    <UnitTestResult executionId="d8452a8d-1834-49bd-917e-0f0240634b53" testId="88a06ea2-3244-7ecc-e51c-8026fa8eb073" testName="M5 entities bosses rooms.production boss runs phase-three pattern and defeat grants reward trapdoor" computerName="def47eb67c33" duration="00:00:00.0060000" startTime="2026-08-01T16:15:24.0001949+02:00" endTime="2026-08-01T16:15:24.0095092+02:00" testType="13cdc9d9-ddb5-4fa4-a97d-d965ccfc6d4b" outcome="Passed" testListId="8c84fa94-04c1-424b-9868-57a2d4851a1d" relativeResultsDirectory="d8452a8d-1834-49bd-917e-0f0240634b53" />
    <UnitTestResult executionId="da46c1a8-182a-4788-b663-6e9995d85094" testId="9bc92205-356a-3475-74a6-1adefae1a769" testName="M3 health currency bombs and shops.AC11 shop accepts affordable item and rejects unaffordable item" computerName="def47eb67c33" duration="00:00:00.0050000" startTime="2026-08-01T16:15:24.0331896+02:00" endTime="2026-08-01T16:15:24.0452407+02:00" testType="13cdc9d9-ddb5-4fa4-a97d-d965ccfc6d4b" outcome="Passed" testListId="8c84fa94-04c1-424b-9868-57a2d4851a1d" relativeResultsDirectory="da46c1a8-182a-4788-b663-6e9995d85094" />
    <UnitTestResult executionId="72f9adf4-a2f8-46a2-8450-0ae7ed2318d9" testId="55391b12-8720-52b7-2f53-29bca2f35f84" testName="game-shell keymap persistence (#991/#1002).decodeKeymap degrades to the current keymap on a corrupt blob (total, never throws)" computerName="def47eb67c33" duration="00:00:00.0030000" startTime="2026-08-01T16:15:23.8817826+02:00" endTime="2026-08-01T16:15:23.8865465+02:00" testType="13cdc9d9-ddb5-4fa4-a97d-d965ccfc6d4b" outcome="Passed" testListId="8c84fa94-04c1-424b-9868-57a2d4851a1d" relativeResultsDirectory="72f9adf4-a2f8-46a2-8450-0ae7ed2318d9" />
    <UnitTestResult executionId="5a8f7d50-ca13-4abf-bddc-e972b9720477" testId="ce43ee41-268d-c155-e635-50907eb30dad" testName="rogue3-governance.generated build.fsx carries no pre-rebrand engine identifier" computerName="def47eb67c33" duration="00:00:00.0040000" startTime="2026-08-01T16:15:24.2491506+02:00" endTime="2026-08-01T16:15:24.2554466+02:00" testType="13cdc9d9-ddb5-4fa4-a97d-d965ccfc6d4b" outcome="Passed" testListId="8c84fa94-04c1-424b-9868-57a2d4851a1d" relativeResultsDirectory="5a8f7d50-ca13-4abf-bddc-e972b9720477" />
    <UnitTestResult executionId="bbe81251-3604-42a3-b804-53423d954047" testId="aaf22bb6-db1d-007b-1232-a726324b57b5" testName="rogue3-governance.compile-order scan anchors to Compile Include and survives additive filenames and comments" computerName="def47eb67c33" startTime="2026-08-01T16:15:24.2170390+02:00" endTime="2026-08-01T16:15:24.2173326+02:00" testType="13cdc9d9-ddb5-4fa4-a97d-d965ccfc6d4b" outcome="Passed" testListId="8c84fa94-04c1-424b-9868-57a2d4851a1d" relativeResultsDirectory="bbe81251-3604-42a3-b804-53423d954047" />
    <UnitTestResult executionId="0ffd2c97-f789-4f6c-8053-fc2ff6e4a044" testId="998ffa6c-56d3-b6e3-594f-eb7e6a3eb7bc" testName="m1-input-twin-stick.the production shell host carries raw key down, held ticks, and key up" computerName="def47eb67c33" duration="00:00:00.0050000" startTime="2026-08-01T16:15:24.0643834+02:00" endTime="2026-08-01T16:15:24.0703893+02:00" testType="13cdc9d9-ddb5-4fa4-a97d-d965ccfc6d4b" outcome="Passed" testListId="8c84fa94-04c1-424b-9868-57a2d4851a1d" relativeResultsDirectory="0ffd2c97-f789-4f6c-8053-fc2ff6e4a044" />
    <UnitTestResult executionId="75a00129-ee69-4f3c-8b34-66a91dbc2b6e" testId="912a4144-9f45-512b-0856-7b8e08259c91" testName="m1-input-twin-stick.arrow-key aiming snaps to all eight directions" computerName="def47eb67c33" duration="00:00:00.0170000" startTime="2026-08-01T16:15:24.0643067+02:00" endTime="2026-08-01T16:15:24.0818324+02:00" testType="13cdc9d9-ddb5-4fa4-a97d-d965ccfc6d4b" outcome="Passed" testListId="8c84fa94-04c1-424b-9868-57a2d4851a1d" relativeResultsDirectory="75a00129-ee69-4f3c-8b34-66a91dbc2b6e" />
    <UnitTestResult executionId="6082dd97-6f21-41ac-9a1a-10057b94d2b4" testId="0f0f52ce-669d-5c25-8461-ffe583e8c91d" testName="m1-input-twin-stick.held fire emits immediately and at the 2.5 per-second cadence" computerName="def47eb67c33" duration="00:00:00.1120000" startTime="2026-08-01T16:15:24.0643573+02:00" endTime="2026-08-01T16:15:24.1772391+02:00" testType="13cdc9d9-ddb5-4fa4-a97d-d965ccfc6d4b" outcome="Passed" testListId="8c84fa94-04c1-424b-9868-57a2d4851a1d" relativeResultsDirectory="6082dd97-6f21-41ac-9a1a-10057b94d2b4" />
    <UnitTestResult executionId="bd569b8c-59c1-436a-8f18-28a77b6bdb5a" testId="10c8019a-fa30-ed2a-f463-010c8fa23e4d" testName="M5 entities bosses rooms.exhausted item tags generate deterministic consumable fallback fixtures" computerName="def47eb67c33" duration="00:00:00.0020000" startTime="2026-08-01T16:15:24.0001334+02:00" endTime="2026-08-01T16:15:24.0044640+02:00" testType="13cdc9d9-ddb5-4fa4-a97d-d965ccfc6d4b" outcome="Passed" testListId="8c84fa94-04c1-424b-9868-57a2d4851a1d" relativeResultsDirectory="bd569b8c-59c1-436a-8f18-28a77b6bdb5a" />
[...]
    <TestEntry testId="5f1b8fe5-89f2-15b5-d6d0-5f05d2d7c07c" executionId="8ac4458c-be7d-4c55-ac46-1103e2d9290c" testListId="8c84fa94-04c1-424b-9868-57a2d4851a1d" />
    <TestEntry testId="2fe1f16a-c87e-6083-0bf5-be64a7bccadb" executionId="f2c539e1-ecd5-4d97-b0d0-9dc6cf8a1cdb" testListId="8c84fa94-04c1-424b-9868-57a2d4851a1d" />
    <TestEntry testId="237d76b9-2c5a-240c-4350-0e411df6ae6d" executionId="9330112c-c3a6-4fd8-91ef-7f7c6a3294b1" testListId="8c84fa94-04c1-424b-9868-57a2d4851a1d" />
    <TestEntry testId="4c666de3-63cc-f935-08d9-b143ec9fdccc" executionId="e4e14f8d-0717-4654-909f-bbf25d44e023" testListId="8c84fa94-04c1-424b-9868-57a2d4851a1d" />
    <TestEntry testId="a06fe6b8-8346-52cc-d2f8-00b0215d7401" executionId="1df056d8-89fe-4175-9f62-333fbca4cc39" testListId="8c84fa94-04c1-424b-9868-57a2d4851a1d" />
    <TestEntry testId="2a722c52-7105-8aa0-c703-5899cd9ac48f" executionId="e65c2fc7-cff1-406b-9e1f-64e5233b46e8" testListId="8c84fa94-04c1-424b-9868-57a2d4851a1d" />
    <TestEntry testId="15a94cea-7eb4-c6d1-231b-53266dad676c" executionId="328be7e3-d074-4ec8-a453-bec06fa4324a" testListId="8c84fa94-04c1-424b-9868-57a2d4851a1d" />
    <TestEntry testId="9372ed4a-a2ad-07da-b9b9-04b9fee3c98d" executionId="97626bcf-3b3d-4b1a-8705-87e77f3b371a" testListId="8c84fa94-04c1-424b-9868-57a2d4851a1d" />
    <TestEntry testId="f4d2e78c-8a46-b3bb-bb26-c39c02afa30b" executionId="e452aae9-868b-4f42-9465-d1f17e27f651" testListId="8c84fa94-04c1-424b-9868-57a2d4851a1d" />
    <TestEntry testId="71de6ae5-0aea-398a-2f73-5a16a075e654" executionId="5849f41f-7a53-44c7-9f6a-83c36c111ca5" testListId="8c84fa94-04c1-424b-9868-57a2d4851a1d" />
    <TestEntry testId="622cbf19-6cea-924e-5178-a91033535afb" executionId="26fd268b-62e3-417c-85e8-26535ac7669e" testListId="8c84fa94-04c1-424b-9868-57a2d4851a1d" />
    <TestEntry testId="b0c539a8-249b-d179-693f-7219b66d817c" executionId="83ed5c1d-d880-45a6-9458-b8de66aae8cb" testListId="8c84fa94-04c1-424b-9868-57a2d4851a1d" />
    <TestEntry testId="f1b02942-4429-278a-77fe-4b18b781b51e" executionId="26f92513-4851-42cb-8d4c-bf743b82342a" testListId="8c84fa94-04c1-424b-9868-57a2d4851a1d" />
    <TestEntry testId="e1bb82d7-41a7-6177-4d93-bcf4986e1aa2" executionId="1a305394-a6d9-4015-8807-a9a955b7f93a" testListId="8c84fa94-04c1-424b-9868-57a2d4851a1d" />
    <TestEntry testId="9b6e9930-d160-1a6b-9c9a-1960534149ad" executionId="975fb9f7-5233-4d69-9859-e7fd8b4bba4c" testListId="8c84fa94-04c1-424b-9868-57a2d4851a1d" />
    <TestEntry testId="91a21c05-7c02-858d-f972-bc401a71271d" executionId="2f461d30-b371-46d9-ad0a-5cc4409143ee" testListId="8c84fa94-04c1-424b-9868-57a2d4851a1d" />
    <TestEntry testId="8ecf1eca-2949-1ea4-6ce7-5877b91a141d" executionId="0d36beed-c17b-446d-9c9e-bbfab04fbd76" testListId="8c84fa94-04c1-424b-9868-57a2d4851a1d" />
    <TestEntry testId="ff2994a5-4dbe-1bba-474a-0e2ed51ecfee" executionId="d01aacd9-11cc-4bbf-b146-f21c793e548b" testListId="8c84fa94-04c1-424b-9868-57a2d4851a1d" />
    <TestEntry testId="f8efa217-56cd-a82e-43d1-547a752338cd" executionId="36b4cc0d-4e5b-483b-86e8-8bc759f5c0bd" testListId="8c84fa94-04c1-424b-9868-57a2d4851a1d" />
    <TestEntry testId="77fcb5c6-47ca-5d36-5e11-ed94253de25e" executionId="676774c4-026a-4c0c-bba2-586ea5317767" testListId="8c84fa94-04c1-424b-9868-57a2d4851a1d" />
    <TestEntry testId="4b1fe0a9-0ac0-426f-e7ba-7902c97a274a" executionId="8fb3e1ab-b6dc-4e4d-bee6-fb1719132f05" testListId="8c84fa94-04c1-424b-9868-57a2d4851a1d" />
    <TestEntry testId="03118a50-f887-ebbc-94fc-b2bf9d61859f" executionId="61d33eda-88ea-4f06-a222-fa34216ab8d6" testListId="8c84fa94-04c1-424b-9868-57a2d4851a1d" />
    <TestEntry testId="217f78a2-1cd8-92ad-1c8e-f68d1b62fe65" executionId="91006ed6-3c31-4579-b71f-30486b4044a3" testListId="8c84fa94-04c1-424b-9868-57a2d4851a1d" />
    <TestEntry testId="e6d2141a-676e-ea14-6124-b0d221f61921" executionId="8376a6b6-71ea-4d43-8564-62d8a9b393ab" testListId="8c84fa94-04c1-424b-9868-57a2d4851a1d" />
    <TestEntry testId="4f278071-8909-d178-0de2-e77de2379ae0" executionId="4837898f-a62f-4c47-9bfd-aed860605d1e" testListId="8c84fa94-04c1-424b-9868-57a2d4851a1d" />
    <TestEntry testId="5ded85f4-5971-a296-6da0-ffb8d04590f9" executionId="e7939b0b-d361-4fe1-9fa0-62ca2360c501" testListId="8c84fa94-04c1-424b-9868-57a2d4851a1d" />
    <TestEntry testId="7498a382-1d11-e62e-6588-3d2d049b80df" executionId="0e4dd54b-da6b-4e83-abb5-55846653621f" testListId="8c84fa94-04c1-424b-9868-57a2d4851a1d" />
    <TestEntry testId="dfc8be6a-c30f-2d5f-9979-10ffecd0764a" executionId="40a2ed8a-8aa7-46cc-8aa7-4b7b1481fa52" testListId="8c84fa94-04c1-424b-9868-57a2d4851a1d" />
    <TestEntry testId="01e71bca-ee68-c5ef-3447-d73f1c5b0397" executionId="fbcd93bc-0426-4279-918d-c8a2eb8e1b87" testListId="8c84fa94-04c1-424b-9868-57a2d4851a1d" />
    <TestEntry testId="b66bbe3f-5013-9597-4727-3342026920b4" executionId="c5d454ce-d6d9-4270-9715-27b0d7612e55" testListId="8c84fa94-04c1-424b-9868-57a2d4851a1d" />
    <TestEntry testId="b5028580-bce1-e6d7-faf2-62aa1b4dc79a" executionId="5da6b1f1-5035-4b7f-8c6b-dcb53be2a317" testListId="8c84fa94-04c1-424b-9868-57a2d4851a1d" />
    <TestEntry testId="6313eea3-42d6-02a1-5dd4-63d49ca1e0b5" executionId="24e8d1e6-fd31-44c9-adab-e6c4f75781ac" testListId="8c84fa94-04c1-424b-9868-57a2d4851a1d" />
    <TestEntry testId="67b879ae-235b-b64b-9407-83cb9136107b" executionId="1b47f46b-be68-46d9-9176-6246f01bde9c" testListId="8c84fa94-04c1-424b-9868-57a2d4851a1d" />
    <TestEntry testId="aa8f3eb3-cc06-2c88-eb19-b53a3ea457dc" executionId="0f627441-0c27-4041-87c8-eb38d56ec8d7" testListId="8c84fa94-04c1-424b-9868-57a2d4851a1d" />
    <TestEntry testId="0220b09e-84d9-d009-d976-577220adf740" executionId="1f0ff829-aa9f-48a6-a51d-7caa3e990fea" testListId="8c84fa94-04c1-424b-9868-57a2d4851a1d" />
    <TestEntry testId="be18aaac-58e0-ec03-4002-edd8418f38c2" executionId="e4d3016f-d8b5-4d27-9a02-9875ee627eb3" testListId="8c84fa94-04c1-424b-9868-57a2d4851a1d" />
    <TestEntry testId="efbc7012-091c-0572-0306-084d40357c03" executionId="2956958b-be6b-4de3-ac3b-20a8866208e3" testListId="8c84fa94-04c1-424b-9868-57a2d4851a1d" />
    <TestEntry testId="5e3b0f2a-f7ad-da20-b33c-65a084ad9917" executionId="a310cb6b-daaa-4bdb-9c38-bfe95451117a" testListId="8c84fa94-04c1-424b-9868-57a2d4851a1d" />
    <TestEntry testId="c24a4bef-9116-7fb2-3f50-960d04715701" executionId="71266a4c-f61c-46af-8dd1-df95b0e053a4" testListId="8c84fa94-04c1-424b-9868-57a2d4851a1d" />
    <TestEntry testId="79dae25b-d874-ebae-1821-3c42ee3a59b5" executionId="cd3b4c03-f3de-4e99-aca0-8ed6784b5a38" testListId="8c84fa94-04c1-424b-9868-57a2d4851a1d" />
    <TestEntry testId="776f7a54-d050-8e9b-cc6a-722b3360a5a1" executionId="911341b5-4df8-4d0d-988d-3f6c71367dc9" testListId="8c84fa94-04c1-424b-9868-57a2d4851a1d" />
    <TestEntry testId="90acb1f6-247c-6b9b-72d3-76162442d31f" executionId="6bbe0b6d-7a6b-44d4-bd58-003185ca83c2" testListId="8c84fa94-04c1-424b-9868-57a2d4851a1d" />
    <TestEntry testId="34cdbef4-785c-d9c0-3125-6efc6117defc" executionId="ce7ee5db-c736-4389-857e-31afc3d53370" testListId="8c84fa94-04c1-424b-9868-57a2d4851a1d" />
    <TestEntry testId="d5c36b48-df15-b89c-ca13-a4bdbd89f1fb" executionId="42c6b2b8-6786-408b-ad5a-05dec7a41de6" testListId="8c84fa94-04c1-424b-9868-57a2d4851a1d" />
    <TestEntry testId="2ff95e7b-ca98-ce28-8371-83424269aa2d" executionId="d1dea953-e2ce-4221-bef6-5abc1fde0fb3" testListId="8c84fa94-04c1-424b-9868-57a2d4851a1d" />
    <TestEntry testId="25513a59-6acb-a537-e1e4-f6011f726460" executionId="4da8f5a1-fdbf-4bc7-bc0e-83e0c028ea6c" testListId="8c84fa94-04c1-424b-9868-57a2d4851a1d" />
    <TestEntry testId="d54659ea-73dc-3ae9-41c7-64c4faa9ef53" executionId="04a78083-1bee-44fd-90f4-c8a4679e4c02" testListId="8c84fa94-04c1-424b-9868-57a2d4851a1d" />
    <TestEntry testId="61c3b9b8-1035-e718-c721-d12ac0480a65" executionId="f5add745-fdcb-4cca-a175-b157bdbb8728" testListId="8c84fa94-04c1-424b-9868-57a2d4851a1d" />
    <TestEntry testId="61cfda3f-1586-fe98-ad14-3f83f91ca49d" executionId="398fb973-a4c0-45a9-aaf5-90e3eb4ce839" testListId="8c84fa94-04c1-424b-9868-57a2d4851a1d" />
    <TestEntry testId="f01707a0-325c-4d2b-8436-487372df3c5d" executionId="afc49d3b-fcca-4b21-a690-6d45efe9b487" testListId="8c84fa94-04c1-424b-9868-57a2d4851a1d" />
    <TestEntry testId="2439c8c3-df8f-0f6f-a639-a36184ddde80" executionId="11d014b5-ced1-419a-ac67-a2800801baba" testListId="8c84fa94-04c1-424b-9868-57a2d4851a1d" />
    <TestEntry testId="5040b5df-7f67-2eaa-7503-ef5c42c24140" executionId="2d1804ae-5945-45aa-b488-c738a1e128cc" testListId="8c84fa94-04c1-424b-9868-57a2d4851a1d" />
    <TestEntry testId="98f94406-ede6-ffae-25bc-dad79e9e6e6e" executionId="e439d03b-ca31-4475-8314-4c9b7eb93b5b" testListId="8c84fa94-04c1-424b-9868-57a2d4851a1d" />
    <TestEntry testId="c119d501-0a01-db03-60ea-cdd27019b36e" executionId="70ce3bb5-ccca-4cc8-aec7-44a1e8808c69" testListId="8c84fa94-04c1-424b-9868-57a2d4851a1d" />
    <TestEntry testId="61d423c0-5431-b0dd-ff21-98ffdccbe7e8" executionId="673d5dd0-e6bc-4177-a2cc-ecdeedcd9a1c" testListId="8c84fa94-04c1-424b-9868-57a2d4851a1d" />
    <TestEntry testId="cc56498c-797a-7439-a164-fc42e9a15265" executionId="67ab9cf9-80a8-4d1c-9be7-15539a4f3de4" testListId="8c84fa94-04c1-424b-9868-57a2d4851a1d" />
    <TestEntry testId="32244521-65a7-3b85-b4a7-f528f5770859" executionId="cc6fd7ac-011a-411f-8fa7-90416f40901f" testListId="8c84fa94-04c1-424b-9868-57a2d4851a1d" />
    <TestEntry testId="4bae20ec-549d-1a91-7637-1ab916aaf33b" executionId="8bcdb60c-1244-4099-94d2-ae55d5178493" testListId="8c84fa94-04c1-424b-9868-57a2d4851a1d" />
    <TestEntry testId="c72e6dd5-1806-54d7-92fd-5f11d39e00dc" executionId="e1b7ae7a-1fda-4fa2-85fd-07fbecabec68" testListId="8c84fa94-04c1-424b-9868-57a2d4851a1d" />
    <TestEntry testId="b4bdadfc-8b82-aff9-1db3-e3ff7626e377" executionId="cc3ff315-8604-4866-be33-9f2b6cb991e8" testListId="8c84fa94-04c1-424b-9868-57a2d4851a1d" />
    <TestEntry testId="5e9787ce-cee8-82fc-908f-6da835391c25" executionId="0b5b8415-2e8c-4656-b04e-876ca43082a7" testListId="8c84fa94-04c1-424b-9868-57a2d4851a1d" />
    <TestEntry testId="a2a586e8-4399-001e-0688-29f2adda4161" executionId="eeb91c34-415f-4f66-9295-c18e4b00915f" testListId="8c84fa94-04c1-424b-9868-57a2d4851a1d" />
    <TestEntry testId="6344d895-8ad1-66ba-39a8-f42258955caf" executionId="95686031-44e8-4c35-ab92-ad6b6fdf3307" testListId="8c84fa94-04c1-424b-9868-57a2d4851a1d" />
    <TestEntry testId="1934d25e-53a8-af89-939c-e5d5d109f3ff" executionId="9c26e5cd-31df-4e2f-84dd-59f051cc2164" testListId="8c84fa94-04c1-424b-9868-57a2d4851a1d" />
    <TestEntry testId="c397ffb5-77ba-7cb5-2beb-7706778de4cb" executionId="5a6b9024-4089-412d-ab32-c1dceb591643" testListId="8c84fa94-04c1-424b-9868-57a2d4851a1d" />
    <TestEntry testId="1e1c9220-e347-0e10-b099-69b39b57e3a8" executionId="82c94773-b231-4199-9afc-d496b07021ed" testListId="8c84fa94-04c1-424b-9868-57a2d4851a1d" />
    <TestEntry testId="79a8ebc1-13cd-84a4-7c50-2b908a1081d5" executionId="c5a0c858-54a4-46d1-b2a4-20bdf23090db" testListId="8c84fa94-04c1-424b-9868-57a2d4851a1d" />
    <TestEntry testId="a9c84432-9cc6-623e-8186-079cca5da584" executionId="e4836a01-c1da-477d-a477-f2c41c073253" testListId="8c84fa94-04c1-424b-9868-57a2d4851a1d" />
    <TestEntry testId="262967ba-bc18-398c-092d-bbb0f1d6ad7d" executionId="ef984538-333d-4f7c-8655-8a183fa9adb7" testListId="8c84fa94-04c1-424b-9868-57a2d4851a1d" />
    <TestEntry testId="5bacc623-c94d-955a-d5ad-faab757b1d7c" executionId="6bb93bd2-f9af-49c9-8294-4293156da8fc" testListId="8c84fa94-04c1-424b-9868-57a2d4851a1d" />
    <TestEntry testId="7fdce0de-8628-0060-8611-493c9489006b" executionId="2d38bc7a-5649-4891-aad9-f3da1264e427" testListId="8c84fa94-04c1-424b-9868-57a2d4851a1d" />
    <TestEntry testId="c50db150-9910-87fb-6f25-63ef4d96eb66" executionId="df9379f4-a65f-49a2-b42d-f80eeb298b03" testListId="8c84fa94-04c1-424b-9868-57a2d4851a1d" />
    <TestEntry testId="45799ded-513b-f775-dcc8-5570df392ab9" executionId="7432cac9-b0ac-489a-a047-466d72e16c94" testListId="8c84fa94-04c1-424b-9868-57a2d4851a1d" />
    <TestEntry testId="c549ae72-d333-14a6-0cc5-420e8eb2922d" executionId="31ce8755-d5a1-42ad-a186-11b65e3ce38a" testListId="8c84fa94-04c1-424b-9868-57a2d4851a1d" />
    <TestEntry testId="7e24cda2-59bc-4ca2-143c-66988d41a197" executionId="3caa98a0-3b54-45f8-83e4-6a8a7933cc67" testListId="8c84fa94-04c1-424b-9868-57a2d4851a1d" />
    <TestEntry testId="7d9fd765-f0a7-7556-84c2-41d976ef21f7" executionId="13f256bc-0fbd-4467-bdb9-bd3d50173399" testListId="8c84fa94-04c1-424b-9868-57a2d4851a1d" />
    <TestEntry testId="eecdb315-b557-dc48-c55d-d3a6a9958e69" executionId="581098c7-6921-4e9d-9090-0c82b72aa5fe" testListId="8c84fa94-04c1-424b-9868-57a2d4851a1d" />
    <TestEntry testId="00a6e621-35d2-6746-48da-b9b6f5e21feb" executionId="0db86f19-c8b9-437c-8add-fbb0d6d5b02e" testListId="8c84fa94-04c1-424b-9868-57a2d4851a1d" />
    <TestEntry testId="8903916b-a311-066b-637f-4d1d03730e07" executionId="8589a886-644b-42a7-82ff-51b089913c99" testListId="8c84fa94-04c1-424b-9868-57a2d4851a1d" />
    <TestEntry testId="8ed31a13-05f6-0aab-1038-da87a3db3499" executionId="3265547c-d34e-4464-a886-ae77c045adbd" testListId="8c84fa94-04c1-424b-9868-57a2d4851a1d" />
    <TestEntry testId="de19ad07-dff8-5751-1db2-6130cf6d57a2" executionId="c6ca2415-6242-4840-83b8-8c57d74dc2dd" testListId="8c84fa94-04c1-424b-9868-57a2d4851a1d" />
    <TestEntry testId="9b46f086-2565-f619-374a-24c463cfb9af" executionId="627edd5b-2f64-4659-8120-1e88902ebe5c" testListId="8c84fa94-04c1-424b-9868-57a2d4851a1d" />
    <TestEntry testId="ed6bf64c-9785-7788-adb1-71fabff495f9" executionId="ecc9b5bb-ec35-413f-a820-e2ce27e5b198" testListId="8c84fa94-04c1-424b-9868-57a2d4851a1d" />
    <TestEntry testId="42be3123-ee8b-9e70-d262-f49ea700e80b" executionId="078ed526-aa69-4925-b662-78307fd15954" testListId="8c84fa94-04c1-424b-9868-57a2d4851a1d" />
    <TestEntry testId="984fe0d4-f8f9-1029-46f7-d068ab716c85" executionId="9611f84d-b83e-48de-a45d-711e9f0ac601" testListId="8c84fa94-04c1-424b-9868-57a2d4851a1d" />
    <TestEntry testId="9ae2b132-9a86-866b-bfd0-9070aa606424" executionId="08041ed4-c0ac-4424-b51f-484cf6d8ac1a" testListId="8c84fa94-04c1-424b-9868-57a2d4851a1d" />
    <TestEntry testId="88a06ea2-3244-7ecc-e51c-8026fa8eb073" executionId="d8452a8d-1834-49bd-917e-0f0240634b53" testListId="8c84fa94-04c1-424b-9868-57a2d4851a1d" />
    <TestEntry testId="9bc92205-356a-3475-74a6-1adefae1a769" executionId="da46c1a8-182a-4788-b663-6e9995d85094" testListId="8c84fa94-04c1-424b-9868-57a2d4851a1d" />
    <TestEntry testId="55391b12-8720-52b7-2f53-29bca2f35f84" executionId="72f9adf4-a2f8-46a2-8450-0ae7ed2318d9" testListId="8c84fa94-04c1-424b-9868-57a2d4851a1d" />
    <TestEntry testId="ce43ee41-268d-c155-e635-50907eb30dad" executionId="5a8f7d50-ca13-4abf-bddc-e972b9720477" testListId="8c84fa94-04c1-424b-9868-57a2d4851a1d" />
    <TestEntry testId="aaf22bb6-db1d-007b-1232-a726324b57b5" executionId="bbe81251-3604-42a3-b804-53423d954047" testListId="8c84fa94-04c1-424b-9868-57a2d4851a1d" />
    <TestEntry testId="998ffa6c-56d3-b6e3-594f-eb7e6a3eb7bc" executionId="0ffd2c97-f789-4f6c-8053-fc2ff6e4a044" testListId="8c84fa94-04c1-424b-9868-57a2d4851a1d" />
    <TestEntry testId="912a4144-9f45-512b-0856-7b8e08259c91" executionId="75a00129-ee69-4f3c-8b34-66a91dbc2b6e" testListId="8c84fa94-04c1-424b-9868-57a2d4851a1d" />
    <TestEntry testId="0f0f52ce-669d-5c25-8461-ffe583e8c91d" executionId="6082dd97-6f21-41ac-9a1a-10057b94d2b4" testListId="8c84fa94-04c1-424b-9868-57a2d4851a1d" />
    <TestEntry testId="10c8019a-fa30-ed2a-f463-010c8fa23e4d" executionId="bd569b8c-59c1-436a-8f18-28a77b6bdb5a" testListId="8c84fa94-04c1-424b-9868-57a2d4851a1d" />
    <TestEntry testId="a56f8e86-980e-6f88-4722-3faf77867c3e" executionId="b723d9c3-8bd7-4b6d-8182-78a50be25121" testListId="8c84fa94-04c1-424b-9868-57a2d4851a1d" />
  </TestEntries>
  <TestLists>
    <TestList name="Results Not in a List" id="8c84fa94-04c1-424b-9868-57a2d4851a1d" />
    <TestList name="All Loaded Results" id="19431567-8539-422a-85d7-44ee4e166bda" />
  </TestLists>
  <ResultSummary outcome="Completed">
    <Counters total="145" executed="145" passed="145" failed="0" error="0" timeout="0" aborted="0" inconclusive="0" passedButRunAborted="0" notRunnable="0" notExecuted="0" disconnected="0" warning="0" completed="0" inProgress="0" pending="0" />
    <Output>
      <StdOut>status=ok mode=interactive-window command=--window-diagnostics diagnostic-class=environment-session persistent-window-supported=true native-handle=unsupported visible=unsupported focusable=unsupported focused=unsupported minimized=unsupported maximized=unsupported client-size=unavailable renderable-surface=unsupported input-devices=unsupported fallback-is-full-desktop-session=False message=Desktop session prerequisites are present.
status=degraded mode=interactive-window command=--window-diagnostics diagnostic-class=window-visibility persistent-window-supported=true native-handle=unsupported visible=unsupported focusable=unsupported focused=unsupported minimized=unsupported maximized=unsupported client-size=unavailable renderable-surface=unsupported input-devices=unsupported message=window-visibility not exercised by headless window-diagnostics; interactive live-window path is supported on this host (persistent-window-supported=true) — this probe opens no live window and asserts no failure
status=degraded mode=interactive-window command=--window-diagnostics diagnostic-class=app-lifecycle persistent-window-supported=true native-handle=unsupported visible=unsupported focusable=unsupported focused=unsupported minimized=unsupported maximized=unsupported client-size=unavailable renderable-surface=unsupported input-devices=unsupported message=app-lifecycle not exercised by headless window-diagnostics; interactive live-window path is supported on this host (persistent-window-supported=true) — this probe opens no live window and asserts no failure
status=degraded mode=interactive-window command=--window-diagnostics diagnostic-class=rogue3-defect persistent-window-supported=true native-handle=unsupported visible=unsupported focusable=unsupported focused=unsupported minimized=unsupported maximized=unsupported client-size=unavailable renderable-surface=unsupported input-devices=unsupported message=rogue3-defect not exercised by headless window-diagnostics; interactive live-window path is supported on this host (persistent-window-supported=true) — this probe opens no live window and asserts no failure
status=ok
command=--view-image
output=/tmp/view-image-c95b84a3c7f449aeb3c7be2cfc569b81/view-image.png.metadata.txt
mode=headless-readback
evidence-kind=view-image
path=/tmp/view-image-c95b84a3c7f449aeb3c7be2cfc569b81/view-image.png
requested-size=320x200
output-size=320x200
actual-size=320x200
dimensions-match=True
image-decodable=True
png-bytes=5047
renders-full-view=true
renderer-mode=headless-cpu-readback
readback-frame=logical-canvas
input-dispatch=not-required
self-closed-for-evidence=true
Failed to load plugin 'libdecor-gtk.so': failed to init
status=ok
command=--view-image
output=/tmp/view-image-f8c553ebb7e44fe0871f053d5efbde99/view-image.png.metadata.txt
mode=headless-readback
evidence-kind=view-image
path=/tmp/view-image-f8c553ebb7e44fe0871f053d5efbde99/view-image.png
requested-size=901x507
output-size=901x507
actual-size=901x507
dimensions-match=True
image-decodable=True
png-bytes=7882
renders-full-view=true
renderer-mode=headless-cpu-readback
readback-frame=logical-canvas
input-dispatch=not-required
self-closed-for-evidence=true
status=failed command=--view-image diagnostic-category=invalid-dimensions diagnostics=width and height must be positive integers
status=failed command=--view-image diagnostic-category=resource-limit requested-size=2000000000x2000000000 requested-pixels=4000000000000000000 max-dimension=8192 max-pixels=16777216 diagnostics=request exceeds the safe CPU raster budget
</StdOut>
    </Output>
  </ResultSummary>
</TestRun>