<?xml version="1.0" encoding="utf-8"?>
<TestRun id="2789b760-669c-4454-8481-b7dc1fadcbe9" name="@0bc8bbef51b6 2026-08-02 05:34:13" xmlns="http://microsoft.com/schemas/VisualStudio/TeamTest/2010">
  <Times creation="2026-08-02T05:34:13.1536298+02:00" queuing="2026-08-02T05:34:13.1536299+02:00" start="2026-08-02T05:34:10.0239588+02:00" finish="2026-08-02T05:34:14.9647712+02:00" />
  <TestSettings name="default" id="53430e18-f0e0-4fce-a5a6-cb0963246758">
    <Deployment runDeploymentRoot="_0bc8bbef51b6_2026-08-02_05_34_13" />
  </TestSettings>
  <Results>
    <UnitTestResult executionId="6aa34ef1-7f74-4446-9195-424f9aefcf6b" testId="306327b3-6633-4869-cc9d-5c7e0a46a4cb" testName="M10 acceptance and determinism.AC15 open door traversal is bidirectional and lands at the matching doorway" computerName="0bc8bbef51b6" duration="00:00:00.0070000" startTime="2026-08-02T05:34:13.1745111+02:00" endTime="2026-08-02T05:34:13.1873649+02:00" testType="13cdc9d9-ddb5-4fa4-a97d-d965ccfc6d4b" outcome="Passed" testListId="8c84fa94-04c1-424b-9868-57a2d4851a1d" relativeResultsDirectory="6aa34ef1-7f74-4446-9195-424f9aefcf6b" />
    <UnitTestResult executionId="1d9950a0-1361-46a6-88c9-1e8868752d9a" testId="2a722c52-7105-8aa0-c703-5899cd9ac48f" testName="M5 entities bosses rooms.grub split is floor bounded and cannot recursively split" computerName="0bc8bbef51b6" startTime="2026-08-02T05:34:13.2507269+02:00" endTime="2026-08-02T05:34:13.2514952+02:00" testType="13cdc9d9-ddb5-4fa4-a97d-d965ccfc6d4b" outcome="Passed" testListId="8c84fa94-04c1-424b-9868-57a2d4851a1d" relativeResultsDirectory="1d9950a0-1361-46a6-88c9-1e8868752d9a" />
    <UnitTestResult executionId="88f49526-13c0-4168-8c22-30fe81167a04" testId="f19c1243-56f7-4f12-0f24-7d0d9cc4566b" testName="M7 UI menus stats.live projectile hits feed damage-per-floor and typed kill stats exactly once" computerName="0bc8bbef51b6" duration="00:00:00.0010000" startTime="2026-08-02T05:34:13.2319437+02:00" endTime="2026-08-02T05:34:13.2341200+02:00" testType="13cdc9d9-ddb5-4fa4-a97d-d965ccfc6d4b" outcome="Passed" testListId="8c84fa94-04c1-424b-9868-57a2d4851a1d" relativeResultsDirectory="88f49526-13c0-4168-8c22-30fe81167a04" />
    <UnitTestResult executionId="5208d334-cf8f-4447-b29b-30d8fc74ec2d" testId="c028ca36-c0ea-0661-864a-ab3ddade2613" testName="M3 combat.contact damage has per-enemy retick and 90 px per second knockback" computerName="0bc8bbef51b6" startTime="2026-08-02T05:34:13.2618366+02:00" endTime="2026-08-02T05:34:13.2628928+02:00" testType="13cdc9d9-ddb5-4fa4-a97d-d965ccfc6d4b" outcome="Passed" testListId="8c84fa94-04c1-424b-9868-57a2d4851a1d" relativeResultsDirectory="5208d334-cf8f-4447-b29b-30d8fc74ec2d" />
    <UnitTestResult executionId="5d0400ac-7d38-4fe2-99d0-ea81b813e2c6" testId="665c8aef-68e7-9003-10e3-81a349eecaf2" testName="M11 playability and visual legibility.FR-009 standing on the trapdoor is visible, and the drawn fixture is the one the guard tests" computerName="0bc8bbef51b6" duration="00:00:00.0030000" startTime="2026-08-02T05:34:13.1546842+02:00" endTime="2026-08-02T05:34:13.1582106+02:00" testType="13cdc9d9-ddb5-4fa4-a97d-d965ccfc6d4b" outcome="Passed" testListId="8c84fa94-04c1-424b-9868-57a2d4851a1d" relativeResultsDirectory="5d0400ac-7d38-4fe2-99d0-ea81b813e2c6" />
    <UnitTestResult executionId="42086189-cfa5-49b8-a153-b828686786ac" testId="5bacc623-c94d-955a-d5ad-faab757b1d7c" testName="M2 projectiles.homing turn is capped, stable, and range still guarantees termination" computerName="0bc8bbef51b6" duration="00:00:00.0010000" startTime="2026-08-02T05:34:13.2719600+02:00" endTime="2026-08-02T05:34:13.2738162+02:00" testType="13cdc9d9-ddb5-4fa4-a97d-d965ccfc6d4b" outcome="Passed" testListId="8c84fa94-04c1-424b-9868-57a2d4851a1d" relativeResultsDirectory="42086189-cfa5-49b8-a153-b828686786ac" />
    <UnitTestResult executionId="026a31ed-681b-457e-9db7-cfb079027b04" testId="61c3b9b8-1035-e718-c721-d12ac0480a65" testName="rogue3-governance.generated normal launch reports desktop session diagnostics without evidence fallback" computerName="0bc8bbef51b6" startTime="2026-08-02T05:34:13.3126588+02:00" endTime="2026-08-02T05:34:13.3129870+02:00" testType="13cdc9d9-ddb5-4fa4-a97d-d965ccfc6d4b" outcome="Passed" testListId="8c84fa94-04c1-424b-9868-57a2d4851a1d" relativeResultsDirectory="026a31ed-681b-457e-9db7-cfb079027b04" />
    <UnitTestResult executionId="4a56c5dc-d022-4e85-8092-7e67d731ade0" testId="40c6da6c-1fe1-dede-3611-6ebe8f8f4f4b" testName="M10 acceptance and determinism.AC24 pause and restart isolate all simulation state" computerName="0bc8bbef51b6" duration="00:00:00.0460000" startTime="2026-08-02T05:34:13.2014040+02:00" endTime="2026-08-02T05:34:13.2475880+02:00" testType="13cdc9d9-ddb5-4fa4-a97d-d965ccfc6d4b" outcome="Passed" testListId="8c84fa94-04c1-424b-9868-57a2d4851a1d" relativeResultsDirectory="4a56c5dc-d022-4e85-8092-7e67d731ade0" />
    <UnitTestResult executionId="bff173af-9e07-4e5f-9907-f6d6e9a95d3c" testId="77fbcaff-8ce1-0289-28fa-4eb8838504f0" testName="M10 acceptance and determinism.AC11 currency and shop purchase spend, add and reject" computerName="0bc8bbef51b6" duration="00:00:00.0030000" startTime="2026-08-02T05:34:13.1681469+02:00" endTime="2026-08-02T05:34:13.1719590+02:00" testType="13cdc9d9-ddb5-4fa4-a97d-d965ccfc6d4b" outcome="Passed" testListId="8c84fa94-04c1-424b-9868-57a2d4851a1d" relativeResultsDirectory="bff173af-9e07-4e5f-9907-f6d6e9a95d3c" />
    <UnitTestResult executionId="c20b0aba-c67c-4be9-bc42-268dcf4a0fab" testId="8903916b-a311-066b-637f-4d1d03730e07" testName="visual-coverage-gate.representative states traverse View.view and yield non-empty runtime frames" computerName="0bc8bbef51b6" duration="00:00:00.0660000" startTime="2026-08-02T05:34:13.3024289+02:00" endTime="2026-08-02T05:34:13.3693319+02:00" testType="13cdc9d9-ddb5-4fa4-a97d-d965ccfc6d4b" outcome="Passed" testListId="8c84fa94-04c1-424b-9868-57a2d4851a1d" relativeResultsDirectory="c20b0aba-c67c-4be9-bc42-268dcf4a0fab" />
    <UnitTestResult executionId="ec110e84-10de-4b90-a776-855660918d0f" testId="19810a36-4373-d246-b4da-b577543bf84f" testName="M10 acceptance and determinism.the canonical encoding is stable, total and value-determined" computerName="0bc8bbef51b6" duration="00:00:00.0420000" startTime="2026-08-02T05:34:13.2095312+02:00" endTime="2026-08-02T05:34:13.2516566+02:00" testType="13cdc9d9-ddb5-4fa4-a97d-d965ccfc6d4b" outcome="Passed" testListId="8c84fa94-04c1-424b-9868-57a2d4851a1d" relativeResultsDirectory="ec110e84-10de-4b90-a776-855660918d0f" />
    <UnitTestResult executionId="ebb86af0-6aab-487d-8205-6d98559f1027" testId="42be3123-ee8b-9e70-d262-f49ea700e80b" testName="M5 entities bosses rooms.production update enters combat, kills roster, clears doors, and rolls once" computerName="0bc8bbef51b6" duration="00:00:00.0030000" startTime="2026-08-02T05:34:13.2513929+02:00" endTime="2026-08-02T05:34:13.2547997+02:00" testType="13cdc9d9-ddb5-4fa4-a97d-d965ccfc6d4b" outcome="Passed" testListId="8c84fa94-04c1-424b-9868-57a2d4851a1d" relativeResultsDirectory="ebb86af0-6aab-487d-8205-6d98559f1027" />
    <UnitTestResult executionId="b071b716-f20b-4033-a86b-2c45f72e4fcc" testId="05302acc-1f93-20ac-b09b-029990311269" testName="M2 projectiles.swept obstacle hit cannot tunnel and consumes bounce" computerName="0bc8bbef51b6" startTime="2026-08-02T05:34:13.2719516+02:00" endTime="2026-08-02T05:34:13.2730679+02:00" testType="13cdc9d9-ddb5-4fa4-a97d-d965ccfc6d4b" outcome="Passed" testListId="8c84fa94-04c1-424b-9868-57a2d4851a1d" relativeResultsDirectory="b071b716-f20b-4033-a86b-2c45f72e4fcc" />
    <UnitTestResult executionId="231b2d34-d7e4-43cc-9f0e-4e7a0adf65e9" testId="91a21c05-7c02-858d-f972-bc401a71271d" testName="M7 UI menus stats.a rebound movement key drives live gameplay through the production host" computerName="0bc8bbef51b6" duration="00:00:00.0040000" startTime="2026-08-02T05:34:13.2398787+02:00" endTime="2026-08-02T05:34:13.2440629+02:00" testType="13cdc9d9-ddb5-4fa4-a97d-d965ccfc6d4b" outcome="Passed" testListId="8c84fa94-04c1-424b-9868-57a2d4851a1d" relativeResultsDirectory="231b2d34-d7e4-43cc-9f0e-4e7a0adf65e9" />
    <UnitTestResult executionId="a7c0faf1-72b3-4620-aeb7-9a53af023d64" testId="55e70b4e-6751-4ebf-c937-1d2cc473734d" testName="M10 acceptance and determinism.AC04 multishot and spread produce the right projectiles" computerName="0bc8bbef51b6" duration="00:00:00.0030000" startTime="2026-08-02T05:34:13.1646331+02:00" endTime="2026-08-02T05:34:13.1704336+02:00" testType="13cdc9d9-ddb5-4fa4-a97d-d965ccfc6d4b" outcome="Passed" testListId="8c84fa94-04c1-424b-9868-57a2d4851a1d" relativeResultsDirectory="a7c0faf1-72b3-4620-aeb7-9a53af023d64" />
    <UnitTestResult executionId="43af22ac-643b-4732-810f-b651ff2d26dd" testId="61cfda3f-1586-fe98-ad14-3f83f91ca49d" testName="rogue3-governance.generated rogue3 source is split by responsibility in compile order" computerName="0bc8bbef51b6" startTime="2026-08-02T05:34:13.3024827+02:00" endTime="2026-08-02T05:34:13.3031722+02:00" testType="13cdc9d9-ddb5-4fa4-a97d-d965ccfc6d4b" outcome="Passed" testListId="8c84fa94-04c1-424b-9868-57a2d4851a1d" relativeResultsDirectory="43af22ac-643b-4732-810f-b651ff2d26dd" />
    <UnitTestResult executionId="b5a622fd-f205-4178-818a-a480b2598fa8" testId="1c742eb7-c71f-14b2-a0ef-e0ddfd46efbf" testName="rogue3-governance.generated evidence graph and audit do not shell the decommissioned scripts" computerName="0bc8bbef51b6" startTime="2026-08-02T05:34:13.3127128+02:00" endTime="2026-08-02T05:34:13.3132954+02:00" testType="13cdc9d9-ddb5-4fa4-a97d-d965ccfc6d4b" outcome="Passed" testListId="8c84fa94-04c1-424b-9868-57a2d4851a1d" relativeResultsDirectory="b5a622fd-f205-4178-818a-a480b2598fa8" />
    <UnitTestResult executionId="8c6c9461-dbc1-4927-8061-b6e259a6bec4" testId="f8efa217-56cd-a82e-43d1-547a752338cd" testName="rogue3-behavior.view-image probe renders requested logical sizes and rejects invalid dimensions (#901/#1030)" computerName="0bc8bbef51b6" duration="00:00:00.1440000" startTime="2026-08-02T05:34:13.2923839+02:00" endTime="2026-08-02T05:34:13.4365638+02:00" testType="13cdc9d9-ddb5-4fa4-a97d-d965ccfc6d4b" outcome="Passed" testListId="8c84fa94-04c1-424b-9868-57a2d4851a1d" relativeResultsDirectory="8c6c9461-dbc1-4927-8061-b6e259a6bec4" />
    <UnitTestResult executionId="a5670570-2a37-4a59-90a9-5fb8116a1f20" testId="c50e5f45-fd2b-c7e8-ccac-ae5a71b4efde" testName="M8 requested audio.context changes stop before one replacement loop and stable context does not restart" computerName="0bc8bbef51b6" duration="00:00:00.0230000" startTime="2026-08-02T05:34:13.2193493+02:00" endTime="2026-08-02T05:34:13.2433432+02:00" testType="13cdc9d9-ddb5-4fa4-a97d-d965ccfc6d4b" outcome="Passed" testListId="8c84fa94-04c1-424b-9868-57a2d4851a1d" relativeResultsDirectory="a5670570-2a37-4a59-90a9-5fb8116a1f20" />
    <UnitTestResult executionId="e8c2367c-41e8-4e19-a488-d847a79dd551" testId="2e798a44-a47e-6b57-153b-b8b662389450" testName="game-shell routeKeyDown (#991/#1002).chrome screens never feed the keymap — a bound key is inert off the play screen" computerName="0bc8bbef51b6" duration="00:00:00.0060000" startTime="2026-08-02T05:34:13.1101355+02:00" endTime="2026-08-02T05:34:13.1423320+02:00" testType="13cdc9d9-ddb5-4fa4-a97d-d965ccfc6d4b" outcome="Passed" testListId="8c84fa94-04c1-424b-9868-57a2d4851a1d" relativeResultsDirectory="e8c2367c-41e8-4e19-a488-d847a79dd551" />
    <UnitTestResult executionId="9959a7f6-5cd0-45e9-83c4-839967aaf48b" testId="912a4144-9f45-512b-0856-7b8e08259c91" testName="m1-input-twin-stick.arrow-key aiming snaps to all eight directions" computerName="0bc8bbef51b6" duration="00:00:00.0040000" startTime="2026-08-02T05:34:13.2820708+02:00" endTime="2026-08-02T05:34:13.2861115+02:00" testType="13cdc9d9-ddb5-4fa4-a97d-d965ccfc6d4b" outcome="Passed" testListId="8c84fa94-04c1-424b-9868-57a2d4851a1d" relativeResultsDirectory="9959a7f6-5cd0-45e9-83c4-839967aaf48b" />
    <UnitTestResult executionId="8b07fb54-2a1e-48de-b622-3efa8b75bbed" testId="c72e6dd5-1806-54d7-92fd-5f11d39e00dc" testName="M4 procedural floors.boss clear creates exactly one trapdoor" computerName="0bc8bbef51b6" duration="00:00:00.0010000" startTime="2026-08-02T05:34:13.2617733+02:00" endTime="2026-08-02T05:34:13.2638600+02:00" testType="13cdc9d9-ddb5-4fa4-a97d-d965ccfc6d4b" outcome="Passed" testListId="8c84fa94-04c1-424b-9868-57a2d4851a1d" relativeResultsDirectory="8b07fb54-2a1e-48de-b622-3efa8b75bbed" />
    <UnitTestResult executionId="d76bfa23-1427-4912-88bb-a8f3a9625c86" testId="79a8ebc1-13cd-84a4-7c50-2b908a1081d5" testName="game-shell rebind capture (#991/#1002).ArmRebind only arms on the settings screen (the rebind UI lives there)" computerName="0bc8bbef51b6" duration="00:00:00.0060000" startTime="2026-08-02T05:34:13.1096500+02:00" endTime="2026-08-02T05:34:13.1287450+02:00" testType="13cdc9d9-ddb5-4fa4-a97d-d965ccfc6d4b" outcome="Passed" testListId="8c84fa94-04c1-424b-9868-57a2d4851a1d" relativeResultsDirectory="d76bfa23-1427-4912-88bb-a8f3a9625c86" />
    <UnitTestResult executionId="d49922f3-8f04-41e9-a77d-cf1c41e4b991" testId="a1c07f50-ff97-edfa-9edf-17d30a07cda4" testName="rogue3-behavior.M0 same seed reproduces independent LayoutRng and DropRng streams" computerName="0bc8bbef51b6" duration="00:00:00.0010000" startTime="2026-08-02T05:34:13.2821937+02:00" endTime="2026-08-02T05:34:13.2834700+02:00" testType="13cdc9d9-ddb5-4fa4-a97d-d965ccfc6d4b" outcome="Passed" testListId="8c84fa94-04c1-424b-9868-57a2d4851a1d" relativeResultsDirectory="d49922f3-8f04-41e9-a77d-cf1c41e4b991" />
    <UnitTestResult executionId="1f283bef-ed3f-4c46-85ea-147fdda4b9a7" testId="c0296d0d-5b4e-adf4-525c-79485421087f" testName="game-shell keymap persistence (#991/#1002).the pre-catalog v1 codec payload migrates into catalog-backed settings without losing actions" computerName="0bc8bbef51b6" duration="00:00:00.0160000" startTime="2026-08-02T05:34:13.1259094+02:00" endTime="2026-08-02T05:34:13.1429636+02:00" testType="13cdc9d9-ddb5-4fa4-a97d-d965ccfc6d4b" outcome="Passed" testListId="8c84fa94-04c1-424b-9868-57a2d4851a1d" relativeResultsDirectory="1f283bef-ed3f-4c46-85ea-147fdda4b9a7" />
    <UnitTestResult executionId="7361125d-f3a5-40aa-9f1e-c46b20830eba" testId="6db7436c-beb1-a11f-0dee-99d3f5fba877" testName="M9 win loss permadeath and profile persistence.§11 score is exact and cosmetic while end-run unlocks use milestones" computerName="0bc8bbef51b6" duration="00:00:00.0060000" startTime="2026-08-02T05:34:13.2095825+02:00" endTime="2026-08-02T05:34:13.2165355+02:00" testType="13cdc9d9-ddb5-4fa4-a97d-d965ccfc6d4b" outcome="Passed" testListId="8c84fa94-04c1-424b-9868-57a2d4851a1d" relativeResultsDirectory="7361125d-f3a5-40aa-9f1e-c46b20830eba" />
    <UnitTestResult executionId="e51be316-6de2-4310-951f-169c056a9c6a" testId="c6eaca31-c705-ff66-7029-af13444644c6" testName="M2 projectiles.velocity inheritance offsets live shots without rotating their base directions" computerName="0bc8bbef51b6" startTime="2026-08-02T05:34:13.2719223+02:00" endTime="2026-08-02T05:34:13.2729538+02:00" testType="13cdc9d9-ddb5-4fa4-a97d-d965ccfc6d4b" outcome="Passed" testListId="8c84fa94-04c1-424b-9868-57a2d4851a1d" relativeResultsDirectory="e51be316-6de2-4310-951f-169c056a9c6a" />
    <UnitTestResult executionId="fc8bf24b-d062-4695-b0bc-ff569aa4079c" testId="4f278071-8909-d178-0de2-e77de2379ae0" testName="M4 procedural floors.AC14 bomb reveal atomically opens reciprocal doors and graph adjacency" computerName="0bc8bbef51b6" duration="00:00:00.0020000" startTime="2026-08-02T05:34:13.2617642+02:00" endTime="2026-08-02T05:34:13.2645270+02:00" testType="13cdc9d9-ddb5-4fa4-a97d-d965ccfc6d4b" outcome="Passed" testListId="8c84fa94-04c1-424b-9868-57a2d4851a1d" relativeResultsDirectory="fc8bf24b-d062-4695-b0bc-ff569aa4079c" />
    <UnitTestResult executionId="bb55b3eb-6002-4344-94c3-e82053836ecb" testId="f91a1745-848b-5c2f-9d5f-0da7b5545075" testName="M6 rendering and enemy symbology.particle pool keeps the newest 600 and fixed steps advance fade and expiry" computerName="0bc8bbef51b6" duration="00:00:00.0030000" startTime="2026-08-02T05:34:13.2399626+02:00" endTime="2026-08-02T05:34:13.2434780+02:00" testType="13cdc9d9-ddb5-4fa4-a97d-d965ccfc6d4b" outcome="Passed" testListId="8c84fa94-04c1-424b-9868-57a2d4851a1d" relativeResultsDirectory="bb55b3eb-6002-4344-94c3-e82053836ecb" />
    <UnitTestResult executionId="3597bfa3-8a0a-402f-b051-fe8134bf710e" testId="34cdbef4-785c-d9c0-3125-6efc6117defc" testName="game-shell routeKeyDown (#991/#1002).while playing, a bound key resolves through the keymap to a game value" computerName="0bc8bbef51b6" duration="00:00:00.0240000" startTime="2026-08-02T05:34:13.1100635+02:00" endTime="2026-08-02T05:34:13.1422583+02:00" testType="13cdc9d9-ddb5-4fa4-a97d-d965ccfc6d4b" outcome="Passed" testListId="8c84fa94-04c1-424b-9868-57a2d4851a1d" relativeResultsDirectory="3597bfa3-8a0a-402f-b051-fe8134bf710e" />
    <UnitTestResult executionId="d989a64b-9bc7-4d17-83f0-b5c0c4e9bd0a" testId="9c8cba31-6559-1b02-e818-1a15976563c3" testName="M11 playability and visual legibility.FR-004 each door is drawn on its own wall and every state looks different" computerName="0bc8bbef51b6" duration="00:00:00.0180000" startTime="2026-08-02T05:34:13.1545679+02:00" endTime="2026-08-02T05:34:13.1732101+02:00" testType="13cdc9d9-ddb5-4fa4-a97d-d965ccfc6d4b" outcome="Passed" testListId="8c84fa94-04c1-424b-9868-57a2d4851a1d" relativeResultsDirectory="d989a64b-9bc7-4d17-83f0-b5c0c4e9bd0a" />
    <UnitTestResult executionId="6d9eba53-188f-4edc-8aa3-49de23dd678f" testId="1ee09d94-412d-6e24-c7a5-e431563446fe" testName="M11 playability and visual legibility.FR-009 the trapdoor is reachable: cross doors to the boss room, beat it, descend" computerName="0bc8bbef51b6" duration="00:00:00.0550000" startTime="2026-08-02T05:34:13.1546277+02:00" endTime="2026-08-02T05:34:13.2102008+02:00" testType="13cdc9d9-ddb5-4fa4-a97d-d965ccfc6d4b" outcome="Passed" testListId="8c84fa94-04c1-424b-9868-57a2d4851a1d" relativeResultsDirectory="6d9eba53-188f-4edc-8aa3-49de23dd678f" />
    <UnitTestResult executionId="af37bb22-6ff6-48d1-94eb-34b604fe0976" testId="4d3e1cff-9a48-91d4-113a-696f32837fa6" testName="M9 win loss permadeath and profile persistence.terminal performance cost driver fails closed against measured UI evidence" computerName="0bc8bbef51b6" duration="00:00:00.6830000" startTime="2026-08-02T05:34:13.2102977+02:00" endTime="2026-08-02T05:34:13.8937091+02:00" testType="13cdc9d9-ddb5-4fa4-a97d-d965ccfc6d4b" outcome="Passed" testListId="8c84fa94-04c1-424b-9868-57a2d4851a1d" relativeResultsDirectory="af37bb22-6ff6-48d1-94eb-34b604fe0976" />
    <UnitTestResult executionId="7781d673-0891-4482-99df-b1f085a4b6fc" testId="9138ea7b-1e0f-87a6-4618-5e7c2c8058d6" testName="M5 entities bosses rooms.weighted tables use exact weights and deterministic DropRng continuation" computerName="0bc8bbef51b6" duration="00:00:00.0010000" startTime="2026-08-02T05:34:13.2507400+02:00" endTime="2026-08-02T05:34:13.2518466+02:00" testType="13cdc9d9-ddb5-4fa4-a97d-d965ccfc6d4b" outcome="Passed" testListId="8c84fa94-04c1-424b-9868-57a2d4851a1d" relativeResultsDirectory="7781d673-0891-4482-99df-b1f085a4b6fc" />
    <UnitTestResult executionId="f1df85b8-9ca1-4684-919e-8a9bf162686f" testId="a743bfd3-d3c7-4eb4-9bb3-c337baaeb5eb" testName="M4 procedural floors.AC2 same seed and index reproduce byte-identical floor values" computerName="0bc8bbef51b6" duration="00:00:00.0020000" startTime="2026-08-02T05:34:13.2617308+02:00" endTime="2026-08-02T05:34:13.2643931+02:00" testType="13cdc9d9-ddb5-4fa4-a97d-d965ccfc6d4b" outcome="Passed" testListId="8c84fa94-04c1-424b-9868-57a2d4851a1d" relativeResultsDirectory="f1df85b8-9ca1-4684-919e-8a9bf162686f" />
    <UnitTestResult executionId="6a33b6cd-b2fd-45d4-9a37-42bc0b19f7eb" testId="b5028580-bce1-e6d7-faf2-62aa1b4dc79a" testName="game-shell rebind capture (#991/#1002).Esc during a capture cancels it — a command never binds to the menu key" computerName="0bc8bbef51b6" duration="00:00:00.0060000" startTime="2026-08-02T05:34:13.1093978+02:00" endTime="2026-08-02T05:34:13.1288056+02:00" testType="13cdc9d9-ddb5-4fa4-a97d-d965ccfc6d4b" outcome="Passed" testListId="8c84fa94-04c1-424b-9868-57a2d4851a1d" relativeResultsDirectory="6a33b6cd-b2fd-45d4-9a37-42bc0b19f7eb" />
    <UnitTestResult executionId="3c6d8a4c-d1e8-487c-938d-87f96b79a89e" testId="0b93335a-2562-7827-7792-38b3cd0945d1" testName="M10 acceptance and determinism.AC21 enemy and boss state machines respect cadence and ownership" computerName="0bc8bbef51b6" duration="00:00:00.0380000" startTime="2026-08-02T05:34:13.1986127+02:00" endTime="2026-08-02T05:34:13.2372909+02:00" testType="13cdc9d9-ddb5-4fa4-a97d-d965ccfc6d4b" outcome="Passed" testListId="8c84fa94-04c1-424b-9868-57a2d4851a1d" relativeResultsDirectory="3c6d8a4c-d1e8-487c-938d-87f96b79a89e" />
    <UnitTestResult executionId="b4b174f9-1ee6-458a-886a-5d00150794a4" testId="792bbcd9-8786-6c6f-e694-0c7844a55d0f" testName="M5 entities bosses rooms.layout item pool is deterministic and dupe free across fixtures" computerName="0bc8bbef51b6" startTime="2026-08-02T05:34:13.2507903+02:00" endTime="2026-08-02T05:34:13.2518795+02:00" testType="13cdc9d9-ddb5-4fa4-a97d-d965ccfc6d4b" outcome="Passed" testListId="8c84fa94-04c1-424b-9868-57a2d4851a1d" relativeResultsDirectory="b4b174f9-1ee6-458a-886a-5d00150794a4" />
    <UnitTestResult executionId="668ac432-a2de-4c2a-97ff-8186fae8f8ba" testId="622cbf19-6cea-924e-5178-a91033535afb" testName="M8 requested audio.every fixed-step event maps to the exact §10 cue value and order" computerName="0bc8bbef51b6" duration="00:00:00.0070000" startTime="2026-08-02T05:34:13.2193311+02:00" endTime="2026-08-02T05:34:13.2267786+02:00" testType="13cdc9d9-ddb5-4fa4-a97d-d965ccfc6d4b" outcome="Passed" testListId="8c84fa94-04c1-424b-9868-57a2d4851a1d" relativeResultsDirectory="668ac432-a2de-4c2a-97ff-8186fae8f8ba" />
    <UnitTestResult executionId="01e52e58-c8cb-4cac-b8fc-a613bd8ec420" testId="f4d2e78c-8a46-b3bb-bb26-c39c02afa30b" testName="M5 entities bosses rooms.all timed behavior parameters emit documented patterns" computerName="0bc8bbef51b6" duration="00:00:00.0050000" startTime="2026-08-02T05:34:13.2507130+02:00" endTime="2026-08-02T05:34:13.2557985+02:00" testType="13cdc9d9-ddb5-4fa4-a97d-d965ccfc6d4b" outcome="Passed" testListId="8c84fa94-04c1-424b-9868-57a2d4851a1d" relativeResultsDirectory="01e52e58-c8cb-4cac-b8fc-a613bd8ec420" />
    <UnitTestResult executionId="c1b6f60c-be0f-421c-a934-c81a1c502d88" testId="69133d12-95b5-8550-b224-2b6ed330683e" testName="M5 entities bosses rooms.room seals and only final death opens and rolls once" computerName="0bc8bbef51b6" duration="00:00:00.0030000" startTime="2026-08-02T05:34:13.2507553+02:00" endTime="2026-08-02T05:34:13.2540762+02:00" testType="13cdc9d9-ddb5-4fa4-a97d-d965ccfc6d4b" outcome="Passed" testListId="8c84fa94-04c1-424b-9868-57a2d4851a1d" relativeResultsDirectory="c1b6f60c-be0f-421c-a934-c81a1c502d88" />
    <UnitTestResult executionId="eda125c7-1741-4b32-97d8-1d4cda028dbd" testId="05141331-f93e-893d-6fcb-e2e3654a5ea1" testName="M7 UI menus stats.run events and completion populate all requested counters" computerName="0bc8bbef51b6" duration="00:00:00.0040000" startTime="2026-08-02T05:34:13.2297552+02:00" endTime="2026-08-02T05:34:13.2342887+02:00" testType="13cdc9d9-ddb5-4fa4-a97d-d965ccfc6d4b" outcome="Passed" testListId="8c84fa94-04c1-424b-9868-57a2d4851a1d" relativeResultsDirectory="eda125c7-1741-4b32-97d8-1d4cda028dbd" />
    <UnitTestResult executionId="e64ad77e-27fb-4407-869c-9d68664162d9" testId="61d423c0-5431-b0dd-ff21-98ffdccbe7e8" testName="rogue3-behavior.generated rogue3 test suite is wired" computerName="0bc8bbef51b6" startTime="2026-08-02T05:34:13.2821417+02:00" endTime="2026-08-02T05:34:13.2823583+02:00" testType="13cdc9d9-ddb5-4fa4-a97d-d965ccfc6d4b" outcome="Passed" testListId="8c84fa94-04c1-424b-9868-57a2d4851a1d" relativeResultsDirectory="e64ad77e-27fb-4407-869c-9d68664162d9" />
    <UnitTestResult executionId="e5a0d04b-313a-4d54-942e-2bfa27a86a84" testId="8afd5530-e795-b07f-00f5-ce1ec83f9106" testName="M10 acceptance and determinism.AC13 difficulty latches at StartRun and scales the simulation" computerName="0bc8bbef51b6" duration="00:00:00.0270000" startTime="2026-08-02T05:34:13.1745034+02:00" endTime="2026-08-02T05:34:13.2021815+02:00" testType="13cdc9d9-ddb5-4fa4-a97d-d965ccfc6d4b" outcome="Passed" testListId="8c84fa94-04c1-424b-9868-57a2d4851a1d" relativeResultsDirectory="e5a0d04b-313a-4d54-942e-2bfa27a86a84" />
    <UnitTestResult executionId="ae5e8e24-b038-4360-b83e-3c05d00a8aa7" testId="c50db150-9910-87fb-6f25-63ef4d96eb66" testName="M7 UI menus stats.stats aggregate into five depth buckets and two damage-per-floor series" computerName="0bc8bbef51b6" duration="00:00:00.0070000" startTime="2026-08-02T05:34:13.2297474+02:00" endTime="2026-08-02T05:34:13.2376023+02:00" testType="13cdc9d9-ddb5-4fa4-a97d-d965ccfc6d4b" outcome="Passed" testListId="8c84fa94-04c1-424b-9868-57a2d4851a1d" relativeResultsDirectory="ae5e8e24-b038-4360-b83e-3c05d00a8aa7" />
    <UnitTestResult executionId="0bce57e1-5e26-4ea0-84b7-122ab99daea9" testId="1cd2f25a-33ab-a59e-25e5-a8cf3ed04700" testName="M7 UI menus stats.HUD exposes distinct soul/black hearts, special rooms, and a radial charge meter" computerName="0bc8bbef51b6" duration="00:00:00.0070000" startTime="2026-08-02T05:34:13.2398576+02:00" endTime="2026-08-02T05:34:13.2473049+02:00" testType="13cdc9d9-ddb5-4fa4-a97d-d965ccfc6d4b" outcome="Passed" testListId="8c84fa94-04c1-424b-9868-57a2d4851a1d" relativeResultsDirectory="0bce57e1-5e26-4ea0-84b7-122ab99daea9" />
    <UnitTestResult executionId="d6333428-0402-4776-be4a-396a1fcc9548" testId="f0dc4764-59de-e67d-a94c-e8aa6682e4bc" testName="M11 playability and visual legibility.FR-003 every rendered door comes from the current room's floor-graph door records" computerName="0bc8bbef51b6" duration="00:00:00.0070000" startTime="2026-08-02T05:34:13.1545609+02:00" endTime="2026-08-02T05:34:13.1628533+02:00" testType="13cdc9d9-ddb5-4fa4-a97d-d965ccfc6d4b" outcome="Passed" testListId="8c84fa94-04c1-424b-9868-57a2d4851a1d" relativeResultsDirectory="d6333428-0402-4776-be4a-396a1fcc9548" />
    <UnitTestResult executionId="54a7e30b-b473-430e-a627-a31dd3aadbfe" testId="2dd5a75f-f12c-2a2e-f425-dbdc00ef4ddc" testName="M11 playability and visual legibility.FR-002 walking into a key door with a key opens it and spends exactly one key" computerName="0bc8bbef51b6" duration="00:00:00.0710000" startTime="2026-08-02T05:34:13.1545514+02:00" endTime="2026-08-02T05:34:13.2268781+02:00" testType="13cdc9d9-ddb5-4fa4-a97d-d965ccfc6d4b" outcome="Passed" testListId="8c84fa94-04c1-424b-9868-57a2d4851a1d" relativeResultsDirectory="54a7e30b-b473-430e-a627-a31dd3aadbfe" />
    <UnitTestResult executionId="34c443ca-c4c4-4ca7-8e4e-bafcce2b76ff" testId="0157b4e4-f7f7-c188-d015-a11f55c0828b" testName="M9 win loss permadeath and profile persistence.production fixed-step death at zero half-hearts yields GameOver and discards the run" computerName="0bc8bbef51b6" duration="00:00:00.0010000" startTime="2026-08-02T05:34:13.2098784+02:00" endTime="2026-08-02T05:34:13.2114733+02:00" testType="13cdc9d9-ddb5-4fa4-a97d-d965ccfc6d4b" outcome="Passed" testListId="8c84fa94-04c1-424b-9868-57a2d4851a1d" relativeResultsDirectory="34c443ca-c4c4-4ca7-8e4e-bafcce2b76ff" />
    <UnitTestResult executionId="44d9eba6-4780-4934-ae1b-3d9bbab8f6b5" testId="0220b09e-84d9-d009-d976-577220adf740" testName="M8 requested audio.pickup, room, boss and run-end transitions retain exact product-owned values" computerName="0bc8bbef51b6" duration="00:00:00.0100000" startTime="2026-08-02T05:34:13.2193611+02:00" endTime="2026-08-02T05:34:13.2303339+02:00" testType="13cdc9d9-ddb5-4fa4-a97d-d965ccfc6d4b" outcome="Passed" testListId="8c84fa94-04c1-424b-9868-57a2d4851a1d" relativeResultsDirectory="44d9eba6-4780-4934-ae1b-3d9bbab8f6b5" />
    <UnitTestResult executionId="e5e46766-29db-4385-81c9-514d9965da73" testId="0f0f52ce-669d-5c25-8461-ffe583e8c91d" testName="m1-input-twin-stick.held fire emits immediately and at the 2.5 per-second cadence" computerName="0bc8bbef51b6" duration="00:00:00.0600000" startTime="2026-08-02T05:34:13.2820950+02:00" endTime="2026-08-02T05:34:13.3426361+02:00" testType="13cdc9d9-ddb5-4fa4-a97d-d965ccfc6d4b" outcome="Passed" testListId="8c84fa94-04c1-424b-9868-57a2d4851a1d" relativeResultsDirectory="e5e46766-29db-4385-81c9-514d9965da73" />
    <UnitTestResult executionId="1b6e8208-f816-411f-b021-851a1569be92" testId="5e3b0f2a-f7ad-da20-b33c-65a084ad9917" testName="M4 procedural floors.AC18 descent carries player run state and replaces every room-local collection" computerName="0bc8bbef51b6" duration="00:00:00.0020000" startTime="2026-08-02T05:34:13.2617811+02:00" endTime="2026-08-02T05:34:13.2645179+02:00" testType="13cdc9d9-ddb5-4fa4-a97d-d965ccfc6d4b" outcome="Passed" testListId="8c84fa94-04c1-424b-9868-57a2d4851a1d" relativeResultsDirectory="1b6e8208-f816-411f-b021-851a1569be92" />
    <UnitTestResult executionId="060745b5-8702-4418-9dae-6b45756b4bb2" testId="2f50a1fb-dbd7-4817-1d6d-391d3d4d763b" testName="M11 playability and visual legibility.FR-005 the HUD never paints over a doorway, and pickups are drawn in the room" computerName="0bc8bbef51b6" duration="00:00:00.0170000" startTime="2026-08-02T05:34:13.1546766+02:00" endTime="2026-08-02T05:34:13.1719542+02:00" testType="13cdc9d9-ddb5-4fa4-a97d-d965ccfc6d4b" outcome="Passed" testListId="8c84fa94-04c1-424b-9868-57a2d4851a1d" relativeResultsDirectory="060745b5-8702-4418-9dae-6b45756b4bb2" />
    <UnitTestResult executionId="543ac644-42ba-4159-8206-a1e1299384ef" testId="ed6bf64c-9785-7788-adb1-71fabff495f9" testName="M7 UI menus stats.actual host new-run click and Esc pause/resume use one router" computerName="0bc8bbef51b6" duration="00:00:00.1170000" startTime="2026-08-02T05:34:13.2399001+02:00" endTime="2026-08-02T05:34:13.3573858+02:00" testType="13cdc9d9-ddb5-4fa4-a97d-d965ccfc6d4b" outcome="Passed" testListId="8c84fa94-04c1-424b-9868-57a2d4851a1d" relativeResultsDirectory="543ac644-42ba-4159-8206-a1e1299384ef" />
    <UnitTestResult executionId="2ef38a5c-188b-4924-8ad9-6a810cb00c1f" testId="32040b54-9ea3-e665-dff0-e05ad5040a73" testName="M10 acceptance and determinism.AC05 room-clear gating opens doors only when the last enemy dies" computerName="0bc8bbef51b6" duration="00:00:00.0030000" startTime="2026-08-02T05:34:13.1646447+02:00" endTime="2026-08-02T05:34:13.1704388+02:00" testType="13cdc9d9-ddb5-4fa4-a97d-d965ccfc6d4b" outcome="Passed" testListId="8c84fa94-04c1-424b-9868-57a2d4851a1d" relativeResultsDirectory="2ef38a5c-188b-4924-8ad9-6a810cb00c1f" />
    <UnitTestResult executionId="70f5892d-8d36-4e42-8f18-78a8081fd872" testId="082852db-c6a7-0884-ce09-87f45e5c4681" testName="M3 health currency bombs and shops.black then soul then red ordering emits one burst per depleted black heart and death is local" computerName="0bc8bbef51b6" startTime="2026-08-02T05:34:13.2618466+02:00" endTime="2026-08-02T05:34:13.2628337+02:00" testType="13cdc9d9-ddb5-4fa4-a97d-d965ccfc6d4b" outcome="Passed" testListId="8c84fa94-04c1-424b-9868-57a2d4851a1d" relativeResultsDirectory="70f5892d-8d36-4e42-8f18-78a8081fd872" />
    <UnitTestResult executionId="7a64f03c-0794-4be5-860c-f8387492f492" testId="7fdce0de-8628-0060-8611-493c9489006b" testName="rogue3-behavior.M0 logical 1280x720 world-to-screen transform is centered, uniform, and invertible" computerName="0bc8bbef51b6" startTime="2026-08-02T05:34:13.2822047+02:00" endTime="2026-08-02T05:34:13.2830810+02:00" testType="13cdc9d9-ddb5-4fa4-a97d-d965ccfc6d4b" outcome="Passed" testListId="8c84fa94-04c1-424b-9868-57a2d4851a1d" relativeResultsDirectory="7a64f03c-0794-4be5-860c-f8387492f492" />
    <UnitTestResult executionId="47458ff3-288c-443a-b05a-3df1ce93318a" testId="ce43ee41-268d-c155-e635-50907eb30dad" testName="rogue3-governance.generated build.fsx carries no pre-rebrand engine identifier" computerName="0bc8bbef51b6" duration="00:00:00.0010000" startTime="2026-08-02T05:34:13.3127144+02:00" endTime="2026-08-02T05:34:13.3139569+02:00" testType="13cdc9d9-ddb5-4fa4-a97d-d965ccfc6d4b" outcome="Passed" testListId="8c84fa94-04c1-424b-9868-57a2d4851a1d" relativeResultsDirectory="47458ff3-288c-443a-b05a-3df1ce93318a" />
    <UnitTestResult executionId="010fc6f5-32ee-4214-9073-eac6c7a1ce02" testId="8ffa290a-79d6-d4d6-7129-bdecffb7c4b1" testName="rogue3-behavior.interactive shell host proves default geometry, retained menu/rebind clicks, and key down -&gt; ticks -&gt; up (#1012)" computerName="0bc8bbef51b6" duration="00:00:00.0840000" startTime="2026-08-02T05:34:13.2922728+02:00" endTime="2026-08-02T05:34:13.3769477+02:00" testType="13cdc9d9-ddb5-4fa4-a97d-d965ccfc6d4b" outcome="Passed" testListId="8c84fa94-04c1-424b-9868-57a2d4851a1d" relativeResultsDirectory="010fc6f5-32ee-4214-9073-eac6c7a1ce02" />
    <UnitTestResult executionId="39567ada-e8da-408c-b93a-76542104a880" testId="90acb1f6-247c-6b9b-72d3-76162442d31f" testName="visual-coverage-gate.the typed runtime inventory is exhaustive, readable, non-empty, and unique" computerName="0bc8bbef51b6" startTime="2026-08-02T05:34:13.2926369+02:00" endTime="2026-08-02T05:34:13.2929735+02:00" testType="13cdc9d9-ddb5-4fa4-a97d-d965ccfc6d4b" outcome="Passed" testListId="8c84fa94-04c1-424b-9868-57a2d4851a1d" relativeResultsDirectory="39567ada-e8da-408c-b93a-76542104a880" />
    <UnitTestResult executionId="84d3d003-5763-4ae2-abee-0749894e13d7" testId="b0c539a8-249b-d179-693f-7219b66d817c" testName="rogue3-governance.generated evidence commands are opt-in and not reported as ongoing interactive play" computerName="0bc8bbef51b6" duration="00:00:00.0060000" startTime="2026-08-02T05:34:13.3025112+02:00" endTime="2026-08-02T05:34:13.3090596+02:00" testType="13cdc9d9-ddb5-4fa4-a97d-d965ccfc6d4b" outcome="Passed" testListId="8c84fa94-04c1-424b-9868-57a2d4851a1d" relativeResultsDirectory="84d3d003-5763-4ae2-abee-0749894e13d7" />
    <UnitTestResult executionId="ff9be9db-f622-4a12-9d29-78866cd425d0" testId="5e9787ce-cee8-82fc-908f-6da835391c25" testName="M5 entities bosses rooms.production shop purchase empties slot and never restocks" computerName="0bc8bbef51b6" duration="00:00:00.0020000" startTime="2026-08-02T05:34:13.2616928+02:00" endTime="2026-08-02T05:34:13.2639135+02:00" testType="13cdc9d9-ddb5-4fa4-a97d-d965ccfc6d4b" outcome="Passed" testListId="8c84fa94-04c1-424b-9868-57a2d4851a1d" relativeResultsDirectory="ff9be9db-f622-4a12-9d29-78866cd425d0" />
    <UnitTestResult executionId="1855cf7d-6cfa-4f78-bcc5-02e0f0806fe8" testId="a2a586e8-4399-001e-0688-29f2adda4161" testName="rogue3-governance.generated graphical app default executable path uses persistent host" computerName="0bc8bbef51b6" duration="00:00:00.0060000" startTime="2026-08-02T05:34:13.3031243+02:00" endTime="2026-08-02T05:34:13.3094147+02:00" testType="13cdc9d9-ddb5-4fa4-a97d-d965ccfc6d4b" outcome="Passed" testListId="8c84fa94-04c1-424b-9868-57a2d4851a1d" relativeResultsDirectory="1855cf7d-6cfa-4f78-bcc5-02e0f0806fe8" />
    <UnitTestResult executionId="e10e9b6e-743f-4ff3-bd19-ee197944ecd6" testId="9b6e9930-d160-1a6b-9c9a-1960534149ad" testName="rogue3-behavior.game layout evidence re-points HUD onto the score strip and gameplay onto the playfield" computerName="0bc8bbef51b6" duration="00:00:00.0050000" startTime="2026-08-02T05:34:13.2923358+02:00" endTime="2026-08-02T05:34:13.2980794+02:00" testType="13cdc9d9-ddb5-4fa4-a97d-d965ccfc6d4b" outcome="Passed" testListId="8c84fa94-04c1-424b-9868-57a2d4851a1d" relativeResultsDirectory="e10e9b6e-743f-4ff3-bd19-ee197944ecd6" />
    <UnitTestResult executionId="4887f5f4-c99c-4a33-a6e3-efdd1d4185c7" testId="32244521-65a7-3b85-b4a7-f528f5770859" testName="visual-coverage-gate.Rogue2 open, locked/sealed, and trapdoor states are element-bound, rendered, and visually distinct" computerName="0bc8bbef51b6" duration="00:00:00.0070000" startTime="2026-08-02T05:34:13.3024638+02:00" endTime="2026-08-02T05:34:13.3103404+02:00" testType="13cdc9d9-ddb5-4fa4-a97d-d965ccfc6d4b" outcome="Passed" testListId="8c84fa94-04c1-424b-9868-57a2d4851a1d" relativeResultsDirectory="4887f5f4-c99c-4a33-a6e3-efdd1d4185c7" />
    <UnitTestResult executionId="9344af41-a9ee-4741-a115-5f26ada683d5" testId="4f770864-8a0f-5964-ff7c-723a675a1561" testName="game-shell rebind capture (#991/#1002).rebind round-trip: ArmRebind then CaptureKey rebinds the command and emits KeymapChanged" computerName="0bc8bbef51b6" duration="00:00:00.0060000" startTime="2026-08-02T05:34:13.1092661+02:00" endTime="2026-08-02T05:34:13.1287217+02:00" testType="13cdc9d9-ddb5-4fa4-a97d-d965ccfc6d4b" outcome="Passed" testListId="8c84fa94-04c1-424b-9868-57a2d4851a1d" relativeResultsDirectory="9344af41-a9ee-4741-a115-5f26ada683d5" />
    <UnitTestResult executionId="b714c0a2-ca3f-471f-b23d-1ad4f54fb39a" testId="58de3ae1-26a5-0fba-7efe-98d348a83bf3" testName="M4 procedural floors.required special rooms, templates, and exact threat budgets are assigned" computerName="0bc8bbef51b6" duration="00:00:00.0020000" startTime="2026-08-02T05:34:13.2617549+02:00" endTime="2026-08-02T05:34:13.2640695+02:00" testType="13cdc9d9-ddb5-4fa4-a97d-d965ccfc6d4b" outcome="Passed" testListId="8c84fa94-04c1-424b-9868-57a2d4851a1d" relativeResultsDirectory="b714c0a2-ca3f-471f-b23d-1ad4f54fb39a" />
    <UnitTestResult executionId="bd6a9d59-d343-4568-82ed-c3bbbe46e6d0" testId="a56f8e86-980e-6f88-4722-3faf77867c3e" testName="game-shell router + menu (#991/#1002).Start only fires from the main menu (it is a no-op elsewhere)" computerName="0bc8bbef51b6" duration="00:00:00.0060000" startTime="2026-08-02T05:34:13.1088413+02:00" endTime="2026-08-02T05:34:13.1287911+02:00" testType="13cdc9d9-ddb5-4fa4-a97d-d965ccfc6d4b" outcome="Passed" testListId="8c84fa94-04c1-424b-9868-57a2d4851a1d" relativeResultsDirectory="bd6a9d59-d343-4568-82ed-c3bbbe46e6d0" />
    <UnitTestResult executionId="3e16ce22-f3f1-4afd-87f8-d4964f3f8144" testId="4571a868-ea57-4c00-b547-a3fd20fd9f8a" testName="rogue3-behavior.M0 fixed 120 Hz drain banks fractions and clamps a huge stall to five steps (AC #8)" computerName="0bc8bbef51b6" startTime="2026-08-02T05:34:13.2821666+02:00" endTime="2026-08-02T05:34:13.2829546+02:00" testType="13cdc9d9-ddb5-4fa4-a97d-d965ccfc6d4b" outcome="Passed" testListId="8c84fa94-04c1-424b-9868-57a2d4851a1d" relativeResultsDirectory="3e16ce22-f3f1-4afd-87f8-d4964f3f8144" />
    <UnitTestResult executionId="8412d04a-742c-4234-ac19-22205faa1abe" testId="7ac6619f-7fb3-ca88-3e6d-69cdb45d6456" testName="M11 playability and visual legibility.FR-008 the interact key descends only from a trapdoor, through keys and ticks alone" computerName="0bc8bbef51b6" duration="00:00:00.0470000" startTime="2026-08-02T05:34:13.1546174+02:00" endTime="2026-08-02T05:34:13.2020742+02:00" testType="13cdc9d9-ddb5-4fa4-a97d-d965ccfc6d4b" outcome="Passed" testListId="8c84fa94-04c1-424b-9868-57a2d4851a1d" relativeResultsDirectory="8412d04a-742c-4234-ac19-22205faa1abe" />
    <UnitTestResult executionId="194e6d07-84cb-4703-88fe-677007c7c7ae" testId="e6d79cd2-b8ef-67da-b831-23e8b23138b1" testName="rogue3-behavior.game layout validation accepts a readable report and rejects a factless one" computerName="0bc8bbef51b6" duration="00:00:00.0050000" startTime="2026-08-02T05:34:13.2923471+02:00" endTime="2026-08-02T05:34:13.2984217+02:00" testType="13cdc9d9-ddb5-4fa4-a97d-d965ccfc6d4b" outcome="Passed" testListId="8c84fa94-04c1-424b-9868-57a2d4851a1d" relativeResultsDirectory="194e6d07-84cb-4703-88fe-677007c7c7ae" />
    <UnitTestResult executionId="af2536b3-2213-4b2a-96b6-4a674229c23a" testId="7d9fd765-f0a7-7556-84c2-41d976ef21f7" testName="game-shell display mapping (#991/#1002).windowBehavior maps each display mode to its window startup state and resize policy" computerName="0bc8bbef51b6" duration="00:00:00.0060000" startTime="2026-08-02T05:34:13.1104597+02:00" endTime="2026-08-02T05:34:13.1287784+02:00" testType="13cdc9d9-ddb5-4fa4-a97d-d965ccfc6d4b" outcome="Passed" testListId="8c84fa94-04c1-424b-9868-57a2d4851a1d" relativeResultsDirectory="af2536b3-2213-4b2a-96b6-4a674229c23a" />
    <UnitTestResult executionId="95dc62d0-010d-49ab-8c6a-5ffd5514c84c" testId="1e1c9220-e347-0e10-b099-69b39b57e3a8" testName="game-shell keymap persistence (#991/#1002).encodeKeymap / decodeKeymap round-trips a rebound keymap onto a fresh model" computerName="0bc8bbef51b6" duration="00:00:00.0090000" startTime="2026-08-02T05:34:13.1105248+02:00" endTime="2026-08-02T05:34:13.1429093+02:00" testType="13cdc9d9-ddb5-4fa4-a97d-d965ccfc6d4b" outcome="Passed" testListId="8c84fa94-04c1-424b-9868-57a2d4851a1d" relativeResultsDirectory="95dc62d0-010d-49ab-8c6a-5ffd5514c84c" />
    <UnitTestResult executionId="f5f1e298-dd7a-42d5-88b9-5aa11159ad79" testId="e1ba37f1-6235-7541-1af3-444f6f2d2b6d" testName="M6 rendering and enemy symbology.EnemyActor ChannelMap preserves hitboxes and distinguishes the whole roster" computerName="0bc8bbef51b6" duration="00:00:00.0040000" startTime="2026-08-02T05:34:13.2399299+02:00" endTime="2026-08-02T05:34:13.2447056+02:00" testType="13cdc9d9-ddb5-4fa4-a97d-d965ccfc6d4b" outcome="Passed" testListId="8c84fa94-04c1-424b-9868-57a2d4851a1d" relativeResultsDirectory="f5f1e298-dd7a-42d5-88b9-5aa11159ad79" />
    <UnitTestResult executionId="f1fa525a-dbbd-4634-a3fd-02d857dd0d89" testId="01e71bca-ee68-c5ef-3447-d73f1c5b0397" testName="rogue3-governance.generated window diagnostics command derives its verdict from the real launch gate, not fabricated failures" computerName="0bc8bbef51b6" startTime="2026-08-02T05:34:13.3126712+02:00" endTime="2026-08-02T05:34:13.3138255+02:00" testType="13cdc9d9-ddb5-4fa4-a97d-d965ccfc6d4b" outcome="Passed" testListId="8c84fa94-04c1-424b-9868-57a2d4851a1d" relativeResultsDirectory="f1fa525a-dbbd-4634-a3fd-02d857dd0d89" />
    <UnitTestResult executionId="6b975a8b-3475-4b0d-8191-d4ba170a8ec5" testId="25513a59-6acb-a537-e1e4-f6011f726460" testName="M5 entities bosses rooms.roster definitions and floor scaling are exact" computerName="0bc8bbef51b6" duration="00:00:00.0050000" startTime="2026-08-02T05:34:13.2421325+02:00" endTime="2026-08-02T05:34:13.2480604+02:00" testType="13cdc9d9-ddb5-4fa4-a97d-d965ccfc6d4b" outcome="Passed" testListId="8c84fa94-04c1-424b-9868-57a2d4851a1d" relativeResultsDirectory="6b975a8b-3475-4b0d-8191-d4ba170a8ec5" />
    <UnitTestResult executionId="f8f41403-62ba-4051-9c92-30c3bcbe84ad" testId="d5c36b48-df15-b89c-ca13-a4bdbd89f1fb" testName="M6 rendering and enemy symbology.legibility pins only the physics-faithful Size warning" computerName="0bc8bbef51b6" duration="00:00:00.0190000" startTime="2026-08-02T05:34:13.2399467+02:00" endTime="2026-08-02T05:34:13.2594616+02:00" testType="13cdc9d9-ddb5-4fa4-a97d-d965ccfc6d4b" outcome="Passed" testListId="8c84fa94-04c1-424b-9868-57a2d4851a1d" relativeResultsDirectory="f8f41403-62ba-4051-9c92-30c3bcbe84ad" />
    <UnitTestResult executionId="ae286629-94b7-4a8c-b16d-28b7d8d04cb0" testId="9dbb8b8d-8737-d9f3-93aa-c959cc009b2f" testName="M11 playability and visual legibility.FR-008 the descent cue is audible on the route a player takes, not only on a dispatch" computerName="0bc8bbef51b6" duration="00:00:00.0480000" startTime="2026-08-02T05:34:13.1546673+02:00" endTime="2026-08-02T05:34:13.2036243+02:00" testType="13cdc9d9-ddb5-4fa4-a97d-d965ccfc6d4b" outcome="Passed" testListId="8c84fa94-04c1-424b-9868-57a2d4851a1d" relativeResultsDirectory="ae286629-94b7-4a8c-b16d-28b7d8d04cb0" />
    <UnitTestResult executionId="41d17531-2f2e-4964-9897-6613667bce04" testId="33c206a4-bb8c-e97c-de52-e7dab991d4ba" testName="rogue3-governance.generated graphical app exposes deterministic scene evidence command" computerName="0bc8bbef51b6" startTime="2026-08-02T05:34:13.3126921+02:00" endTime="2026-08-02T05:34:13.3132097+02:00" testType="13cdc9d9-ddb5-4fa4-a97d-d965ccfc6d4b" outcome="Passed" testListId="8c84fa94-04c1-424b-9868-57a2d4851a1d" relativeResultsDirectory="41d17531-2f2e-4964-9897-6613667bce04" />
    <UnitTestResult executionId="398df1a1-6da9-4409-80cd-4f305b627062" testId="1047df89-249f-5109-b8af-f3ce937e03d5" testName="rogue3-behavior.generated game host boundary keeps app commands separate from viewer effects" computerName="0bc8bbef51b6" duration="00:00:00.0020000" startTime="2026-08-02T05:34:13.2923163+02:00" endTime="2026-08-02T05:34:13.2946643+02:00" testType="13cdc9d9-ddb5-4fa4-a97d-d965ccfc6d4b" outcome="Passed" testListId="8c84fa94-04c1-424b-9868-57a2d4851a1d" relativeResultsDirectory="398df1a1-6da9-4409-80cd-4f305b627062" />
    <UnitTestResult executionId="73275e5d-dc89-4ef7-ab5a-6a71fbd6dbb4" testId="65f77a36-4dda-3866-dd83-0b83a852004c" testName="M10 acceptance and determinism.AC07 permadeath ends the run and evaluates unlocks" computerName="0bc8bbef51b6" duration="00:00:00.0710000" startTime="2026-08-02T05:34:13.1646593+02:00" endTime="2026-08-02T05:34:13.2367972+02:00" testType="13cdc9d9-ddb5-4fa4-a97d-d965ccfc6d4b" outcome="Passed" testListId="8c84fa94-04c1-424b-9868-57a2d4851a1d" relativeResultsDirectory="73275e5d-dc89-4ef7-ab5a-6a71fbd6dbb4" />
    <UnitTestResult executionId="86427025-8a1f-47d8-8b22-5d81caa29be2" testId="04fa183e-4f33-7e61-d034-c8eef99f896d" testName="rogue3-behavior.generated game host PLAYS THROUGH: a pressed key reaches gameplay, not just a message" computerName="0bc8bbef51b6" duration="00:00:00.0030000" startTime="2026-08-02T05:34:13.2923031+02:00" endTime="2026-08-02T05:34:13.2961881+02:00" testType="13cdc9d9-ddb5-4fa4-a97d-d965ccfc6d4b" outcome="Passed" testListId="8c84fa94-04c1-424b-9868-57a2d4851a1d" relativeResultsDirectory="86427025-8a1f-47d8-8b22-5d81caa29be2" />
    <UnitTestResult executionId="1d44bdde-48c2-4fae-a6fd-d1a7b99bc4a5" testId="e6d2141a-676e-ea14-6124-b0d221f61921" testName="scene-walker (#899).collectSceneNodes recurses through Translate and CachedSubtree; sceneText reads their text" computerName="0bc8bbef51b6" startTime="2026-08-02T05:34:13.2821288+02:00" endTime="2026-08-02T05:34:13.2830116+02:00" testType="13cdc9d9-ddb5-4fa4-a97d-d965ccfc6d4b" outcome="Passed" testListId="8c84fa94-04c1-424b-9868-57a2d4851a1d" relativeResultsDirectory="1d44bdde-48c2-4fae-a6fd-d1a7b99bc4a5" />
    <UnitTestResult executionId="e8c6ac81-884e-473e-81ce-40320db6f9f6" testId="03e1393a-353e-b339-1381-690c917a1395" testName="M11 playability and visual legibility.FR-008 DescendFloor is refused unless the room depicts a trapdoor and the player is on it" computerName="0bc8bbef51b6" duration="00:00:00.0360000" startTime="2026-08-02T05:34:13.1546058+02:00" endTime="2026-08-02T05:34:13.1915353+02:00" testType="13cdc9d9-ddb5-4fa4-a97d-d965ccfc6d4b" outcome="Passed" testListId="8c84fa94-04c1-424b-9868-57a2d4851a1d" relativeResultsDirectory="e8c6ac81-884e-473e-81ce-40320db6f9f6" />
    <UnitTestResult executionId="f41f5a0f-1255-4b33-a4ea-7aee71602893" testId="b9bd1b7c-8617-9d71-661b-06abd8aa8eb7" testName="M12 audio assets.the gate discriminates: an id with no asset fails the same predicate the declared ids pass" computerName="0bc8bbef51b6" duration="00:00:00.0030000" startTime="2026-08-02T05:34:13.1541390+02:00" endTime="2026-08-02T05:34:13.1575825+02:00" testType="13cdc9d9-ddb5-4fa4-a97d-d965ccfc6d4b" outcome="Passed" testListId="8c84fa94-04c1-424b-9868-57a2d4851a1d" relativeResultsDirectory="f41f5a0f-1255-4b33-a4ea-7aee71602893" />
    <UnitTestResult executionId="fac44bd2-e5b5-4361-a172-2022a6c612b3" testId="71de6ae5-0aea-398a-2f73-5a16a075e654" testName="visual-coverage-gate.catalog, element-bound registry, and representative runtime rendering are complete" computerName="0bc8bbef51b6" duration="00:00:00.0100000" startTime="2026-08-02T05:34:13.3024465+02:00" endTime="2026-08-02T05:34:13.3128011+02:00" testType="13cdc9d9-ddb5-4fa4-a97d-d965ccfc6d4b" outcome="Passed" testListId="8c84fa94-04c1-424b-9868-57a2d4851a1d" relativeResultsDirectory="fac44bd2-e5b5-4361-a172-2022a6c612b3" />
    <UnitTestResult executionId="e04a63ec-e287-4b24-8974-0c38d8e338b7" testId="4b1fe0a9-0ac0-426f-e7ba-7902c97a274a" testName="M5 entities bosses rooms.Charger telegraphs, locks dash, and wall hit recovers" computerName="0bc8bbef51b6" duration="00:00:00.0030000" startTime="2026-08-02T05:34:13.2506993+02:00" endTime="2026-08-02T05:34:13.2544647+02:00" testType="13cdc9d9-ddb5-4fa4-a97d-d965ccfc6d4b" outcome="Passed" testListId="8c84fa94-04c1-424b-9868-57a2d4851a1d" relativeResultsDirectory="e04a63ec-e287-4b24-8974-0c38d8e338b7" />
    <UnitTestResult executionId="a50beba8-a91e-4c62-b170-0dd488277c06" testId="d54659ea-73dc-3ae9-41c7-64c4faa9ef53" testName="rogue3-governance.generated rogue3 ships the SWAP-CHECKLIST discoverability doc" computerName="0bc8bbef51b6" startTime="2026-08-02T05:34:13.3129620+02:00" endTime="2026-08-02T05:34:13.3132801+02:00" testType="13cdc9d9-ddb5-4fa4-a97d-d965ccfc6d4b" outcome="Passed" testListId="8c84fa94-04c1-424b-9868-57a2d4851a1d" relativeResultsDirectory="a50beba8-a91e-4c62-b170-0dd488277c06" />
    <UnitTestResult executionId="3b190553-cc32-4f8b-825e-9aad1bd08ba4" testId="e1bb82d7-41a7-6177-4d93-bcf4986e1aa2" testName="M3 combat.shot overlap uses the grid and applies damage knockback flash and pierce once" computerName="0bc8bbef51b6" duration="00:00:00.0010000" startTime="2026-08-02T05:34:13.2618132+02:00" endTime="2026-08-02T05:34:13.2630743+02:00" testType="13cdc9d9-ddb5-4fa4-a97d-d965ccfc6d4b" outcome="Passed" testListId="8c84fa94-04c1-424b-9868-57a2d4851a1d" relativeResultsDirectory="3b190553-cc32-4f8b-825e-9aad1bd08ba4" />
    <UnitTestResult executionId="52462221-b8b8-4d24-b733-42c967a2e3e4" testId="5ba864d0-3f65-28c5-4565-41addca32182" testName="M7 UI menus stats.latched difficulty changes every promised runtime consumer" computerName="0bc8bbef51b6" duration="00:00:00.0070000" startTime="2026-08-02T05:34:13.2297199+02:00" endTime="2026-08-02T05:34:13.2368025+02:00" testType="13cdc9d9-ddb5-4fa4-a97d-d965ccfc6d4b" outcome="Passed" testListId="8c84fa94-04c1-424b-9868-57a2d4851a1d" relativeResultsDirectory="52462221-b8b8-4d24-b733-42c967a2e3e4" />
    <UnitTestResult executionId="a82ffe5b-f627-4f12-8340-594fb3457c9d" testId="be18aaac-58e0-ec03-4002-edd8418f38c2" testName="rogue3-governance.generated evidence commands share Testing report conventions" computerName="0bc8bbef51b6" duration="00:00:00.0020000" startTime="2026-08-02T05:34:13.3025194+02:00" endTime="2026-08-02T05:34:13.3050585+02:00" testType="13cdc9d9-ddb5-4fa4-a97d-d965ccfc6d4b" outcome="Passed" testListId="8c84fa94-04c1-424b-9868-57a2d4851a1d" relativeResultsDirectory="a82ffe5b-f627-4f12-8340-594fb3457c9d" />
    <UnitTestResult executionId="e69bd9fe-d6ea-4583-9390-f0a22c720408" testId="5ad84a72-d90a-5c87-e334-33ddc4065a9e" testName="rogue3-behavior.window diagnostics verdict matches the real runtime gate (#136 / epic #134)" computerName="0bc8bbef51b6" duration="00:00:00.0040000" startTime="2026-08-02T05:34:13.2923786+02:00" endTime="2026-08-02T05:34:13.2971224+02:00" testType="13cdc9d9-ddb5-4fa4-a97d-d965ccfc6d4b" outcome="Passed" testListId="8c84fa94-04c1-424b-9868-57a2d4851a1d" relativeResultsDirectory="e69bd9fe-d6ea-4583-9390-f0a22c720408" />
    <UnitTestResult executionId="2e21fa66-4223-4605-848d-7207b3cd0634" testId="2ed3572a-a20c-b82c-3b24-87c479def159" testName="visual-coverage-gate.required states differ per element and distinct elements cannot share byte-identical evidence" computerName="0bc8bbef51b6" duration="00:00:01.5910000" startTime="2026-08-02T05:34:13.3024377+02:00" endTime="2026-08-02T05:34:14.8937676+02:00" testType="13cdc9d9-ddb5-4fa4-a97d-d965ccfc6d4b" outcome="Passed" testListId="8c84fa94-04c1-424b-9868-57a2d4851a1d" relativeResultsDirectory="2e21fa66-4223-4605-848d-7207b3cd0634" />
    <UnitTestResult executionId="66da981d-9c83-4e3f-b14a-fc8488cc6bfb" testId="1cae4fe1-a95a-9f12-89f2-8bb197a48806" testName="M12 audio assets.the declaration is well formed" computerName="0bc8bbef51b6" duration="00:00:00.0040000" startTime="2026-08-02T05:34:13.1544907+02:00" endTime="2026-08-02T05:34:13.1595313+02:00" testType="13cdc9d9-ddb5-4fa4-a97d-d965ccfc6d4b" outcome="Passed" testListId="8c84fa94-04c1-424b-9868-57a2d4851a1d" relativeResultsDirectory="66da981d-9c83-4e3f-b14a-fc8488cc6bfb" />
    <UnitTestResult executionId="633e152d-0745-454c-9d13-f593ff1236fa" testId="6313eea3-42d6-02a1-5dd4-63d49ca1e0b5" testName="rogue3-behavior.game default view renders gameplay and the Hollow Depths HUD as a scene" computerName="0bc8bbef51b6" startTime="2026-08-02T05:34:13.2821543+02:00" endTime="2026-08-02T05:34:13.2827864+02:00" testType="13cdc9d9-ddb5-4fa4-a97d-d965ccfc6d4b" outcome="Passed" testListId="8c84fa94-04c1-424b-9868-57a2d4851a1d" relativeResultsDirectory="633e152d-0745-454c-9d13-f593ff1236fa" />
    <UnitTestResult executionId="473c27a8-b4b7-4dc1-97ac-3e032da00330" testId="cd8b6fb2-bd08-058b-44f0-75fee5ab2d86" testName="rogue3-behavior.game active item (the ball) stays inside the playfield region" computerName="0bc8bbef51b6" duration="00:00:00.0030000" startTime="2026-08-02T05:34:13.2923503+02:00" endTime="2026-08-02T05:34:13.2962006+02:00" testType="13cdc9d9-ddb5-4fa4-a97d-d965ccfc6d4b" outcome="Passed" testListId="8c84fa94-04c1-424b-9868-57a2d4851a1d" relativeResultsDirectory="473c27a8-b4b7-4dc1-97ac-3e032da00330" />
    <UnitTestResult executionId="cb12af18-1aad-4f0e-8526-d5c5de030991" testId="15a94cea-7eb4-c6d1-231b-53266dad676c" testName="M6 rendering and enemy symbology.production renderer preserves the eleven back-to-front layers" computerName="0bc8bbef51b6" duration="00:00:00.0090000" startTime="2026-08-02T05:34:13.2399172+02:00" endTime="2026-08-02T05:34:13.2497000+02:00" testType="13cdc9d9-ddb5-4fa4-a97d-d965ccfc6d4b" outcome="Passed" testListId="8c84fa94-04c1-424b-9868-57a2d4851a1d" relativeResultsDirectory="cb12af18-1aad-4f0e-8526-d5c5de030991" />
    <UnitTestResult executionId="5c65bcfa-d191-4473-83d4-2f9121965c8e" testId="af51adfb-61d7-a1ae-7e8c-8cdd9dd02167" testName="rogue3-governance.generated evidence graph command runs the in-process engine" computerName="0bc8bbef51b6" startTime="2026-08-02T05:34:13.3126989+02:00" endTime="2026-08-02T05:34:13.3134026+02:00" testType="13cdc9d9-ddb5-4fa4-a97d-d965ccfc6d4b" outcome="Passed" testListId="8c84fa94-04c1-424b-9868-57a2d4851a1d" relativeResultsDirectory="5c65bcfa-d191-4473-83d4-2f9121965c8e" />
    <UnitTestResult executionId="839197bf-6b0e-4931-807f-5fdcef06919f" testId="776f7a54-d050-8e9b-cc6a-722b3360a5a1" testName="M5 entities bosses rooms.production choir deaths drive deterministic outside-window revival" computerName="0bc8bbef51b6" duration="00:00:00.0030000" startTime="2026-08-02T05:34:13.2617270+02:00" endTime="2026-08-02T05:34:13.2650902+02:00" testType="13cdc9d9-ddb5-4fa4-a97d-d965ccfc6d4b" outcome="Passed" testListId="8c84fa94-04c1-424b-9868-57a2d4851a1d" relativeResultsDirectory="839197bf-6b0e-4931-807f-5fdcef06919f" />
    <UnitTestResult executionId="d7e237aa-08b8-48c9-808d-220867ba2563" testId="1c2aaa90-dfa0-8a8a-925d-33defb3aae43" testName="M10 acceptance and determinism.AC02 layout is independent of the combat RNG stream" computerName="0bc8bbef51b6" duration="00:00:00.0210000" startTime="2026-08-02T05:34:13.1558899+02:00" endTime="2026-08-02T05:34:13.1776273+02:00" testType="13cdc9d9-ddb5-4fa4-a97d-d965ccfc6d4b" outcome="Passed" testListId="8c84fa94-04c1-424b-9868-57a2d4851a1d" relativeResultsDirectory="d7e237aa-08b8-48c9-808d-220867ba2563" />
    <UnitTestResult executionId="b83b354a-ed65-4f43-977e-0feb0f12e3fb" testId="5f1b8fe5-89f2-15b5-d6d0-5f05d2d7c07c" testName="m1-input-twin-stick.Tick derives a key edge once, then commits previous after simulation" computerName="0bc8bbef51b6" duration="00:00:00.0010000" startTime="2026-08-02T05:34:13.2720059+02:00" endTime="2026-08-02T05:34:13.2733880+02:00" testType="13cdc9d9-ddb5-4fa4-a97d-d965ccfc6d4b" outcome="Passed" testListId="8c84fa94-04c1-424b-9868-57a2d4851a1d" relativeResultsDirectory="b83b354a-ed65-4f43-977e-0feb0f12e3fb" />
    <UnitTestResult executionId="8c0a8976-4a83-4e48-b788-e48521644157" testId="017be058-76aa-39bc-e2ed-2deea573cc09" testName="M11 playability and visual legibility.FR-005 the gameplay-visual inventory covers every door presentation and the room walls" computerName="0bc8bbef51b6" duration="00:00:00.9260000" startTime="2026-08-02T05:34:13.1545859+02:00" endTime="2026-08-02T05:34:14.0814301+02:00" testType="13cdc9d9-ddb5-4fa4-a97d-d965ccfc6d4b" outcome="Passed" testListId="8c84fa94-04c1-424b-9868-57a2d4851a1d" relativeResultsDirectory="8c0a8976-4a83-4e48-b788-e48521644157" />
    <UnitTestResult executionId="37183e1f-c3d1-47e1-b65a-dee0cdd66793" testId="279ecd16-fbeb-6784-cff3-5c5eed0f0b4e" testName="M12 audio assets.every declared cue id resolves through the production resolver to playable mono 16-bit PCM" computerName="0bc8bbef51b6" duration="00:00:00.0160000" startTime="2026-08-02T05:34:13.1259262+02:00" endTime="2026-08-02T05:34:13.1429649+02:00" testType="13cdc9d9-ddb5-4fa4-a97d-d965ccfc6d4b" outcome="Passed" testListId="8c84fa94-04c1-424b-9868-57a2d4851a1d" relativeResultsDirectory="37183e1f-c3d1-47e1-b65a-dee0cdd66793" />
    <UnitTestResult executionId="55aa6018-ae61-4431-9b94-0da1ffaa4e26" testId="38bf0de4-cc73-43e2-fb3d-f384705598af" testName="M10 acceptance and determinism.the sweep covers source-specification scenarios 1 through 24 exactly once" computerName="0bc8bbef51b6" startTime="2026-08-02T05:34:13.2095062+02:00" endTime="2026-08-02T05:34:13.2102574+02:00" testType="13cdc9d9-ddb5-4fa4-a97d-d965ccfc6d4b" outcome="Passed" testListId="8c84fa94-04c1-424b-9868-57a2d4851a1d" relativeResultsDirectory="55aa6018-ae61-4431-9b94-0da1ffaa4e26" />
    <UnitTestResult executionId="24bf5bca-b854-4fee-87c9-bc3193e2de82" testId="52aefdd2-b602-b779-f037-e912c32bb873" testName="M2 projectiles.AC4 centered three-shot fan is -9 0 +9 and snapshots stats" computerName="0bc8bbef51b6" duration="00:00:00.0010000" startTime="2026-08-02T05:34:13.2719207+02:00" endTime="2026-08-02T05:34:13.2734374+02:00" testType="13cdc9d9-ddb5-4fa4-a97d-d965ccfc6d4b" outcome="Passed" testListId="8c84fa94-04c1-424b-9868-57a2d4851a1d" relativeResultsDirectory="24bf5bca-b854-4fee-87c9-bc3193e2de82" />
    <UnitTestResult executionId="ec8e8f54-e4d9-4275-9068-b0dcb97fc5b8" testId="9b46f086-2565-f619-374a-24c463cfb9af" testName="M2 projectiles.non-finite projectile state terminates instead of poisoning the replay" computerName="0bc8bbef51b6" startTime="2026-08-02T05:34:13.2719729+02:00" endTime="2026-08-02T05:34:13.2730084+02:00" testType="13cdc9d9-ddb5-4fa4-a97d-d965ccfc6d4b" outcome="Passed" testListId="8c84fa94-04c1-424b-9868-57a2d4851a1d" relativeResultsDirectory="ec8e8f54-e4d9-4275-9068-b0dcb97fc5b8" />
    <UnitTestResult executionId="72afa6fe-5956-494d-860b-62d3e6c4797e" testId="50154aa3-0d35-f3e9-a20c-676e4aa520af" testName="M10 acceptance and determinism.AC22 obstacles use distinct collision and destruction rules" computerName="0bc8bbef51b6" duration="00:00:00.0030000" startTime="2026-08-02T05:34:13.1988281+02:00" endTime="2026-08-02T05:34:13.2026505+02:00" testType="13cdc9d9-ddb5-4fa4-a97d-d965ccfc6d4b" outcome="Passed" testListId="8c84fa94-04c1-424b-9868-57a2d4851a1d" relativeResultsDirectory="72afa6fe-5956-494d-860b-62d3e6c4797e" />
    <UnitTestResult executionId="864eb096-2345-4f16-bd8b-c8b29a3290b3" testId="e9648a57-1e9a-cd1e-880b-b5f704284011" testName="M10 acceptance and determinism.AC03 item stat modifiers stack additive-then-multiplicative and are order independent" computerName="0bc8bbef51b6" duration="00:00:00.0050000" startTime="2026-08-02T05:34:13.1646213+02:00" endTime="2026-08-02T05:34:13.1703932+02:00" testType="13cdc9d9-ddb5-4fa4-a97d-d965ccfc6d4b" outcome="Passed" testListId="8c84fa94-04c1-424b-9868-57a2d4851a1d" relativeResultsDirectory="864eb096-2345-4f16-bd8b-c8b29a3290b3" />
    <UnitTestResult executionId="05f7c702-4c3e-43cf-bbfd-ab66936acb88" testId="42d14f74-a2c2-0d08-6232-d9e14ca6c2bb" testName="game-shell Esc routing (#991/#1002).Esc cancels an in-flight rebind before it routes any screen" computerName="0bc8bbef51b6" duration="00:00:00.0060000" startTime="2026-08-02T05:34:13.1091165+02:00" endTime="2026-08-02T05:34:13.1287863+02:00" testType="13cdc9d9-ddb5-4fa4-a97d-d965ccfc6d4b" outcome="Passed" testListId="8c84fa94-04c1-424b-9868-57a2d4851a1d" relativeResultsDirectory="05f7c702-4c3e-43cf-bbfd-ab66936acb88" />
    <UnitTestResult executionId="62f8a4cc-9d1f-4c3b-9c3b-779fe44845cc" testId="5ecb1e17-fd70-7d27-2594-ede857761380" testName="M9 win loss permadeath and profile persistence.a production player shot defeats the floor-6 boss and terminal ticks freeze simulation" computerName="0bc8bbef51b6" duration="00:00:00.0080000" startTime="2026-08-02T05:34:13.2098581+02:00" endTime="2026-08-02T05:34:13.2186978+02:00" testType="13cdc9d9-ddb5-4fa4-a97d-d965ccfc6d4b" outcome="Passed" testListId="8c84fa94-04c1-424b-9868-57a2d4851a1d" relativeResultsDirectory="62f8a4cc-9d1f-4c3b-9c3b-779fe44845cc" />
    <UnitTestResult executionId="b7dba739-3d47-4247-9d99-b469b1ba78e8" testId="aa8f3eb3-cc06-2c88-eb19-b53a3ea457dc" testName="game-shell routeKeyDown (#991/#1002).the menu key routes to EscapePressed" computerName="0bc8bbef51b6" duration="00:00:00.0070000" startTime="2026-08-02T05:34:13.1099761+02:00" endTime="2026-08-02T05:34:13.1287392+02:00" testType="13cdc9d9-ddb5-4fa4-a97d-d965ccfc6d4b" outcome="Passed" testListId="8c84fa94-04c1-424b-9868-57a2d4851a1d" relativeResultsDirectory="b7dba739-3d47-4247-9d99-b469b1ba78e8" />
    <UnitTestResult executionId="656082b6-7634-438d-9408-0d04dd537344" testId="b66bbe3f-5013-9597-4727-3342026920b4" testName="rogue3-behavior.game keyboard input moves the paddles and records the last input" computerName="0bc8bbef51b6" duration="00:00:00.0010000" startTime="2026-08-02T05:34:13.2822149+02:00" endTime="2026-08-02T05:34:13.2840770+02:00" testType="13cdc9d9-ddb5-4fa4-a97d-d965ccfc6d4b" outcome="Passed" testListId="8c84fa94-04c1-424b-9868-57a2d4851a1d" relativeResultsDirectory="656082b6-7634-438d-9408-0d04dd537344" />
    <UnitTestResult executionId="81cc43b9-84f4-4aa0-b3c2-f70b28a8171e" testId="acdf7950-409e-d73c-9da4-1ad7a5b46ae0" testName="M10 acceptance and determinism.AC10 shot lifetime, range and pierce terminate projectiles" computerName="0bc8bbef51b6" duration="00:00:00.0330000" startTime="2026-08-02T05:34:13.1679767+02:00" endTime="2026-08-02T05:34:13.2014587+02:00" testType="13cdc9d9-ddb5-4fa4-a97d-d965ccfc6d4b" outcome="Passed" testListId="8c84fa94-04c1-424b-9868-57a2d4851a1d" relativeResultsDirectory="81cc43b9-84f4-4aa0-b3c2-f70b28a8171e" />
    <UnitTestResult executionId="033aa71d-94c6-4d1a-8cc9-f915dd72b74b" testId="fb3c9243-0f0a-7a05-97b0-667ef956a167" testName="M9 win loss permadeath and profile persistence.boot load distinguishes absent/unreadable/version fallback and production shell uses the store" computerName="0bc8bbef51b6" duration="00:00:00.0460000" startTime="2026-08-02T05:34:13.2102361+02:00" endTime="2026-08-02T05:34:13.2570581+02:00" testType="13cdc9d9-ddb5-4fa4-a97d-d965ccfc6d4b" outcome="Passed" testListId="8c84fa94-04c1-424b-9868-57a2d4851a1d" relativeResultsDirectory="033aa71d-94c6-4d1a-8cc9-f915dd72b74b" />
    <UnitTestResult executionId="3d0e4f32-9e41-4935-a24a-742333028afe" testId="81ff8760-805d-3d29-e4f2-0678c8fbe6af" testName="M10 acceptance and determinism.AC16 locked doors consume exactly one key and stay unlocked" computerName="0bc8bbef51b6" duration="00:00:00.0100000" startTime="2026-08-02T05:34:13.1776921+02:00" endTime="2026-08-02T05:34:13.1881177+02:00" testType="13cdc9d9-ddb5-4fa4-a97d-d965ccfc6d4b" outcome="Passed" testListId="8c84fa94-04c1-424b-9868-57a2d4851a1d" relativeResultsDirectory="3d0e4f32-9e41-4935-a24a-742333028afe" />
    <UnitTestResult executionId="d140b787-04fd-4141-aa86-d5560fb267a5" testId="db6e9b77-9c79-7c31-daf8-5e5daba83e68" testName="rogue3-governance.generated visual evidence commands require screenshot proof pixel fallback and unsupported diagnostics" computerName="0bc8bbef51b6" duration="00:00:00.0020000" startTime="2026-08-02T05:34:13.3025109+02:00" endTime="2026-08-02T05:34:13.3052532+02:00" testType="13cdc9d9-ddb5-4fa4-a97d-d965ccfc6d4b" outcome="Passed" testListId="8c84fa94-04c1-424b-9868-57a2d4851a1d" relativeResultsDirectory="d140b787-04fd-4141-aa86-d5560fb267a5" />
    <UnitTestResult executionId="cdc96d44-49e5-4f82-bc9a-249df76fe254" testId="8ecf1eca-2949-1ea4-6ce7-5877b91a141d" testName="game-shell display mapping (#991/#1002).SetResolution / SetDisplayMode update the display and emit DisplayChanged; logicalSize follows the resolution" computerName="0bc8bbef51b6" duration="00:00:00.0070000" startTime="2026-08-02T05:34:13.1103841+02:00" endTime="2026-08-02T05:34:13.1287304+02:00" testType="13cdc9d9-ddb5-4fa4-a97d-d965ccfc6d4b" outcome="Passed" testListId="8c84fa94-04c1-424b-9868-57a2d4851a1d" relativeResultsDirectory="cdc96d44-49e5-4f82-bc9a-249df76fe254" />
    <UnitTestResult executionId="1aedf2a9-02db-4b57-b5b2-1533301fb94d" testId="87790a95-0a96-193f-52e1-5582013bb1d3" testName="M10 acceptance and determinism.AC06 damage applies and both invulnerability windows protect" computerName="0bc8bbef51b6" duration="00:00:00.0360000" startTime="2026-08-02T05:34:13.1646546+02:00" endTime="2026-08-02T05:34:13.2018263+02:00" testType="13cdc9d9-ddb5-4fa4-a97d-d965ccfc6d4b" outcome="Passed" testListId="8c84fa94-04c1-424b-9868-57a2d4851a1d" relativeResultsDirectory="1aedf2a9-02db-4b57-b5b2-1533301fb94d" />
    <UnitTestResult executionId="83c8a90b-e80d-4bf8-933d-87623932025c" testId="808490ef-bfe8-d939-fbd8-a1a6273e50fb" testName="M10 acceptance and determinism.a log whose sequence numbers are not unique and increasing is rejected" computerName="0bc8bbef51b6" duration="00:00:00.0020000" startTime="2026-08-02T05:34:13.2095657+02:00" endTime="2026-08-02T05:34:13.2120493+02:00" testType="13cdc9d9-ddb5-4fa4-a97d-d965ccfc6d4b" outcome="Passed" testListId="8c84fa94-04c1-424b-9868-57a2d4851a1d" relativeResultsDirectory="83c8a90b-e80d-4bf8-933d-87623932025c" />
    <UnitTestResult executionId="4a4ef5d3-1b7d-476e-b657-4e6e47a88710" testId="54724166-1d21-d088-b454-121420d4219a" testName="M3 health currency bombs and shops.temporary hearts and currencies hard cap and descent carry preserves resources" computerName="0bc8bbef51b6" startTime="2026-08-02T05:34:13.2623778+02:00" endTime="2026-08-02T05:34:13.2630763+02:00" testType="13cdc9d9-ddb5-4fa4-a97d-d965ccfc6d4b" outcome="Passed" testListId="8c84fa94-04c1-424b-9868-57a2d4851a1d" relativeResultsDirectory="4a4ef5d3-1b7d-476e-b657-4e6e47a88710" />
    <UnitTestResult executionId="09f0ae6f-0a52-4edf-abc0-46463dd85778" testId="4bae20ec-549d-1a91-7637-1ab916aaf33b" testName="m1-input-twin-stick.gamepad left and right sticks remain independent and analog" computerName="0bc8bbef51b6" duration="00:00:00.0010000" startTime="2026-08-02T05:34:13.2720587+02:00" endTime="2026-08-02T05:34:13.2734969+02:00" testType="13cdc9d9-ddb5-4fa4-a97d-d965ccfc6d4b" outcome="Passed" testListId="8c84fa94-04c1-424b-9868-57a2d4851a1d" relativeResultsDirectory="09f0ae6f-0a52-4edf-abc0-46463dd85778" />
    <UnitTestResult executionId="947dfbe1-008e-4377-a9e1-78c1b550a5ce" testId="6344d895-8ad1-66ba-39a8-f42258955caf" testName="rogue3-governance.generated app Synthetic exposes window behavior flags and option diagnostics without leaving interactive launch" computerName="0bc8bbef51b6" duration="00:00:00.0010000" startTime="2026-08-02T05:34:13.3126788+02:00" endTime="2026-08-02T05:34:13.3146504+02:00" testType="13cdc9d9-ddb5-4fa4-a97d-d965ccfc6d4b" outcome="Passed" testListId="8c84fa94-04c1-424b-9868-57a2d4851a1d" relativeResultsDirectory="947dfbe1-008e-4377-a9e1-78c1b550a5ce" />
    <UnitTestResult executionId="3d945024-b3a7-4e20-93bb-fa4755ef443f" testId="a06fe6b8-8346-52cc-d2f8-00b0215d7401" testName="rogue3-behavior.game scores and re-serves when the ball passes an undefended edge" computerName="0bc8bbef51b6" startTime="2026-08-02T05:34:13.2822894+02:00" endTime="2026-08-02T05:34:13.2831099+02:00" testType="13cdc9d9-ddb5-4fa4-a97d-d965ccfc6d4b" outcome="Passed" testListId="8c84fa94-04c1-424b-9868-57a2d4851a1d" relativeResultsDirectory="3d945024-b3a7-4e20-93bb-fa4755ef443f" />
    <UnitTestResult executionId="64e412d6-db47-4207-9d5d-dbdcfd0c0677" testId="5ded85f4-5971-a296-6da0-ffb8d04590f9" testName="rogue3-governance.generated build.fsx surfaces the build-target help banner" computerName="0bc8bbef51b6" startTime="2026-08-02T05:34:13.3228206+02:00" endTime="2026-08-02T05:34:13.3231093+02:00" testType="13cdc9d9-ddb5-4fa4-a97d-d965ccfc6d4b" outcome="Passed" testListId="8c84fa94-04c1-424b-9868-57a2d4851a1d" relativeResultsDirectory="64e412d6-db47-4207-9d5d-dbdcfd0c0677" />
    <UnitTestResult executionId="2c0713bc-35fb-42c5-8ce3-c600840312d8" testId="4e5ea0ea-d722-d2e9-be34-b74b6359dfea" testName="M10 acceptance and determinism.AC12 shop, treasure and boss contents are layout-deterministic and dupe-free" computerName="0bc8bbef51b6" duration="00:00:00.0130000" startTime="2026-08-02T05:34:13.1744911+02:00" endTime="2026-08-02T05:34:13.1882934+02:00" testType="13cdc9d9-ddb5-4fa4-a97d-d965ccfc6d4b" outcome="Passed" testListId="8c84fa94-04c1-424b-9868-57a2d4851a1d" relativeResultsDirectory="2c0713bc-35fb-42c5-8ce3-c600840312d8" />
    <UnitTestResult executionId="414e8f7f-de69-4d1e-90b1-7995fe332e76" testId="c24a4bef-9116-7fb2-3f50-960d04715701" testName="game-shell router + menu (#991/#1002).the pause overlay is the same menu: play pauses and resumes" computerName="0bc8bbef51b6" duration="00:00:00.0060000" startTime="2026-08-02T05:34:13.1088450+02:00" endTime="2026-08-02T05:34:13.1287969+02:00" testType="13cdc9d9-ddb5-4fa4-a97d-d965ccfc6d4b" outcome="Passed" testListId="8c84fa94-04c1-424b-9868-57a2d4851a1d" relativeResultsDirectory="414e8f7f-de69-4d1e-90b1-7995fe332e76" />
    <UnitTestResult executionId="2f86e791-ed2b-44ed-9030-0e48212eb4f4" testId="f1b02942-4429-278a-77fe-4b18b781b51e" testName="m1-input-twin-stick.AC 9 moves left while mouse-aimed shot travels right with velocity inheritance" computerName="0bc8bbef51b6" duration="00:00:00.0010000" startTime="2026-08-02T05:34:13.2720265+02:00" endTime="2026-08-02T05:34:13.2733197+02:00" testType="13cdc9d9-ddb5-4fa4-a97d-d965ccfc6d4b" outcome="Passed" testListId="8c84fa94-04c1-424b-9868-57a2d4851a1d" relativeResultsDirectory="2f86e791-ed2b-44ed-9030-0e48212eb4f4" />
    <UnitTestResult executionId="3d300152-e3da-40ce-8848-a5f3e436cfb1" testId="5d0b8405-f231-0842-63cf-c9b8e185b5eb" testName="M9 win loss permadeath and profile persistence.production floor-6 boss defeat yields Victory, discard, unlock, persistence and audio" computerName="0bc8bbef51b6" duration="00:00:00.0300000" startTime="2026-08-02T05:34:13.2098470+02:00" endTime="2026-08-02T05:34:13.2400203+02:00" testType="13cdc9d9-ddb5-4fa4-a97d-d965ccfc6d4b" outcome="Passed" testListId="8c84fa94-04c1-424b-9868-57a2d4851a1d" relativeResultsDirectory="3d300152-e3da-40ce-8848-a5f3e436cfb1" />
    <UnitTestResult executionId="f1166190-f7cd-4689-b477-f37576e47543" testId="237d76b9-2c5a-240c-4350-0e411df6ae6d" testName="rogue3-governance.generated graphical app exposes bounded smoke command" computerName="0bc8bbef51b6" duration="00:00:00.0020000" startTime="2026-08-02T05:34:13.3024970+02:00" endTime="2026-08-02T05:34:13.3051085+02:00" testType="13cdc9d9-ddb5-4fa4-a97d-d965ccfc6d4b" outcome="Passed" testListId="8c84fa94-04c1-424b-9868-57a2d4851a1d" relativeResultsDirectory="f1166190-f7cd-4689-b477-f37576e47543" />
    <UnitTestResult executionId="fa2d4ead-d65a-4c43-8f13-c4907deb96d0" testId="824e4412-5576-7e62-aebd-3d4bd5a07539" testName="M10 acceptance and determinism.AC20 pickup caps and health ordering follow the resource rules" computerName="0bc8bbef51b6" duration="00:00:00.0030000" startTime="2026-08-02T05:34:13.1985997+02:00" endTime="2026-08-02T05:34:13.2018084+02:00" testType="13cdc9d9-ddb5-4fa4-a97d-d965ccfc6d4b" outcome="Passed" testListId="8c84fa94-04c1-424b-9868-57a2d4851a1d" relativeResultsDirectory="fa2d4ead-d65a-4c43-8f13-c4907deb96d0" />
    <UnitTestResult executionId="c6d406eb-26c5-48b6-b787-e2966bc5d95f" testId="00a6e621-35d2-6746-48da-b9b6f5e21feb" testName="M2 movement.acceleration friction normalization and speed clamp are fixed-step bounded" computerName="0bc8bbef51b6" duration="00:00:00.0010000" startTime="2026-08-02T05:34:13.2718878+02:00" endTime="2026-08-02T05:34:13.2738422+02:00" testType="13cdc9d9-ddb5-4fa4-a97d-d965ccfc6d4b" outcome="Passed" testListId="8c84fa94-04c1-424b-9868-57a2d4851a1d" relativeResultsDirectory="c6d406eb-26c5-48b6-b787-e2966bc5d95f" />
    <UnitTestResult executionId="b3395b59-63d5-4a3b-b2e3-62de3b8832e6" testId="72814813-5e7f-5f5a-2dc6-3a7a10eaafe8" testName="M11 playability and visual legibility.FR-004 floor generation emits the hidden-wall state a player can see and bomb" computerName="0bc8bbef51b6" duration="00:00:00.0080000" startTime="2026-08-02T05:34:13.1546900+02:00" endTime="2026-08-02T05:34:13.1628476+02:00" testType="13cdc9d9-ddb5-4fa4-a97d-d965ccfc6d4b" outcome="Passed" testListId="8c84fa94-04c1-424b-9868-57a2d4851a1d" relativeResultsDirectory="b3395b59-63d5-4a3b-b2e3-62de3b8832e6" />
    <UnitTestResult executionId="bee336af-f0f2-4ef9-ad31-37a5a1de384e" testId="79dae25b-d874-ebae-1821-3c42ee3a59b5" testName="M5 entities bosses rooms.production obstacles block ground not shots hurt on spikes and destroy once" computerName="0bc8bbef51b6" duration="00:00:00.0030000" startTime="2026-08-02T05:34:13.2617048+02:00" endTime="2026-08-02T05:34:13.2647749+02:00" testType="13cdc9d9-ddb5-4fa4-a97d-d965ccfc6d4b" outcome="Passed" testListId="8c84fa94-04c1-424b-9868-57a2d4851a1d" relativeResultsDirectory="bee336af-f0f2-4ef9-ad31-37a5a1de384e" />
    <UnitTestResult executionId="2886f993-c996-4d5a-9490-e8197f521f29" testId="5111515b-1865-26da-95bf-cbf4e6b969b7" testName="M12 audio assets.the floor-theme family is total over every integer a floor index can take" computerName="0bc8bbef51b6" duration="00:00:00.0010000" startTime="2026-08-02T05:34:13.1545063+02:00" endTime="2026-08-02T05:34:13.1575979+02:00" testType="13cdc9d9-ddb5-4fa4-a97d-d965ccfc6d4b" outcome="Passed" testListId="8c84fa94-04c1-424b-9868-57a2d4851a1d" relativeResultsDirectory="2886f993-c996-4d5a-9490-e8197f521f29" />
    <UnitTestResult executionId="d8e502e6-8d96-4e57-b947-37ba2163e431" testId="3d245d86-2940-3423-a54b-5602be660e61" testName="M7 UI menus stats.responsive HUD reserves non-overlapping anchors at both required output sizes" computerName="0bc8bbef51b6" duration="00:00:00.0080000" startTime="2026-08-02T05:34:13.2193733+02:00" endTime="2026-08-02T05:34:13.2275614+02:00" testType="13cdc9d9-ddb5-4fa4-a97d-d965ccfc6d4b" outcome="Passed" testListId="8c84fa94-04c1-424b-9868-57a2d4851a1d" relativeResultsDirectory="d8e502e6-8d96-4e57-b947-37ba2163e431" />
    <UnitTestResult executionId="9c1e1395-4040-43da-a353-c73dfeec6a82" testId="98f94406-ede6-ffae-25bc-dad79e9e6e6e" testName="M6 rendering and enemy symbology.room camera slide is active before 0.35 seconds and identity at 42 ticks" computerName="0bc8bbef51b6" duration="00:00:00.0030000" startTime="2026-08-02T05:34:13.2399684+02:00" endTime="2026-08-02T05:34:13.2434360+02:00" testType="13cdc9d9-ddb5-4fa4-a97d-d965ccfc6d4b" outcome="Passed" testListId="8c84fa94-04c1-424b-9868-57a2d4851a1d" relativeResultsDirectory="9c1e1395-4040-43da-a353-c73dfeec6a82" />
    <UnitTestResult executionId="b1fa450b-b934-4243-9755-680501d9b56e" testId="9ae2b132-9a86-866b-bfd0-9070aa606424" testName="game-shell routeKeyDown (#991/#1002).routeKeyEvent preserves both gameplay edges on one normalized seam" computerName="0bc8bbef51b6" duration="00:00:00.0070000" startTime="2026-08-02T05:34:13.1102987+02:00" endTime="2026-08-02T05:34:13.1287168+02:00" testType="13cdc9d9-ddb5-4fa4-a97d-d965ccfc6d4b" outcome="Passed" testListId="8c84fa94-04c1-424b-9868-57a2d4851a1d" relativeResultsDirectory="b1fa450b-b934-4243-9755-680501d9b56e" />
    <UnitTestResult executionId="56977c55-a104-400b-b595-7efc952bf035" testId="262967ba-bc18-398c-092d-bbb0f1d6ad7d" testName="game-shell rebind capture (#991/#1002).a captured key with no armed command is ignored (no stray rebind)" computerName="0bc8bbef51b6" duration="00:00:00.0060000" startTime="2026-08-02T05:34:13.1097788+02:00" endTime="2026-08-02T05:34:13.1287498+02:00" testType="13cdc9d9-ddb5-4fa4-a97d-d965ccfc6d4b" outcome="Passed" testListId="8c84fa94-04c1-424b-9868-57a2d4851a1d" relativeResultsDirectory="56977c55-a104-400b-b595-7efc952bf035" />
    <UnitTestResult executionId="16887182-4a2f-409d-8338-40d17f4bd1ea" testId="c119d501-0a01-db03-60ea-cdd27019b36e" testName="M5 entities bosses rooms.shop has three deterministic slots prices locks and no restock" computerName="0bc8bbef51b6" duration="00:00:00.0040000" startTime="2026-08-02T05:34:13.2508019+02:00" endTime="2026-08-02T05:34:13.2552560+02:00" testType="13cdc9d9-ddb5-4fa4-a97d-d965ccfc6d4b" outcome="Passed" testListId="8c84fa94-04c1-424b-9868-57a2d4851a1d" relativeResultsDirectory="16887182-4a2f-409d-8338-40d17f4bd1ea" />
    <UnitTestResult executionId="d0753bf8-7313-4a59-8001-9e14f72906cc" testId="45799ded-513b-f775-dcc8-5570df392ab9" testName="rogue3-governance.generated Verify redirected output is clean text" computerName="0bc8bbef51b6" startTime="2026-08-02T05:34:13.3127222+02:00" endTime="2026-08-02T05:34:13.3133789+02:00" testType="13cdc9d9-ddb5-4fa4-a97d-d965ccfc6d4b" outcome="Passed" testListId="8c84fa94-04c1-424b-9868-57a2d4851a1d" relativeResultsDirectory="d0753bf8-7313-4a59-8001-9e14f72906cc" />
    <UnitTestResult executionId="6fa7559b-17ae-4f48-a8ee-2e9efd78437f" testId="a9c84432-9cc6-623e-8186-079cca5da584" testName="M3 deterministic stats.AC3 additive phase precedes multiplicative phase independent of pickup ordering" computerName="0bc8bbef51b6" startTime="2026-08-02T05:34:13.2617966+02:00" endTime="2026-08-02T05:34:13.2627761+02:00" testType="13cdc9d9-ddb5-4fa4-a97d-d965ccfc6d4b" outcome="Passed" testListId="8c84fa94-04c1-424b-9868-57a2d4851a1d" relativeResultsDirectory="6fa7559b-17ae-4f48-a8ee-2e9efd78437f" />
    <UnitTestResult executionId="da505877-158b-4321-9c1d-504b55b43c57" testId="48080ef6-f109-237e-e31a-27a401fea12b" testName="M3 health currency bombs and shops.bomb spends on edge, fuses, blasts, and chain detonates exactly once" computerName="0bc8bbef51b6" duration="00:00:00.0010000" startTime="2026-08-02T05:34:13.2718522+02:00" endTime="2026-08-02T05:34:13.2729993+02:00" testType="13cdc9d9-ddb5-4fa4-a97d-d965ccfc6d4b" outcome="Passed" testListId="8c84fa94-04c1-424b-9868-57a2d4851a1d" relativeResultsDirectory="da505877-158b-4321-9c1d-504b55b43c57" />
    <UnitTestResult executionId="3d828199-8e88-4a88-a566-475e0bd1dea9" testId="6fe87b8f-d4a6-984e-a4d3-66855eb4c6f5" testName="M3 performance binding.complete-model digest binds M3 enemies bullets health and currency" computerName="0bc8bbef51b6" duration="00:00:00.8440000" startTime="2026-08-02T05:34:13.2718703+02:00" endTime="2026-08-02T05:34:14.1166248+02:00" testType="13cdc9d9-ddb5-4fa4-a97d-d965ccfc6d4b" outcome="Passed" testListId="8c84fa94-04c1-424b-9868-57a2d4851a1d" relativeResultsDirectory="3d828199-8e88-4a88-a566-475e0bd1dea9" />
    <UnitTestResult executionId="9a62510f-57b9-4d8c-9ea3-c01540056740" testId="616515e6-07ed-ee2b-501a-90d8d81da26e" testName="M2 movement.radius-13 player slides along an AABB obstacle by X then Y" computerName="0bc8bbef51b6" duration="00:00:00.0010000" startTime="2026-08-02T05:34:13.2718967+02:00" endTime="2026-08-02T05:34:13.2730422+02:00" testType="13cdc9d9-ddb5-4fa4-a97d-d965ccfc6d4b" outcome="Passed" testListId="8c84fa94-04c1-424b-9868-57a2d4851a1d" relativeResultsDirectory="9a62510f-57b9-4d8c-9ea3-c01540056740" />
[...]
    <TestEntry testId="aa8f3eb3-cc06-2c88-eb19-b53a3ea457dc" executionId="b7dba739-3d47-4247-9d99-b469b1ba78e8" testListId="8c84fa94-04c1-424b-9868-57a2d4851a1d" />
    <TestEntry testId="b66bbe3f-5013-9597-4727-3342026920b4" executionId="656082b6-7634-438d-9408-0d04dd537344" testListId="8c84fa94-04c1-424b-9868-57a2d4851a1d" />
    <TestEntry testId="acdf7950-409e-d73c-9da4-1ad7a5b46ae0" executionId="81cc43b9-84f4-4aa0-b3c2-f70b28a8171e" testListId="8c84fa94-04c1-424b-9868-57a2d4851a1d" />
    <TestEntry testId="fb3c9243-0f0a-7a05-97b0-667ef956a167" executionId="033aa71d-94c6-4d1a-8cc9-f915dd72b74b" testListId="8c84fa94-04c1-424b-9868-57a2d4851a1d" />
    <TestEntry testId="81ff8760-805d-3d29-e4f2-0678c8fbe6af" executionId="3d0e4f32-9e41-4935-a24a-742333028afe" testListId="8c84fa94-04c1-424b-9868-57a2d4851a1d" />
    <TestEntry testId="db6e9b77-9c79-7c31-daf8-5e5daba83e68" executionId="d140b787-04fd-4141-aa86-d5560fb267a5" testListId="8c84fa94-04c1-424b-9868-57a2d4851a1d" />
    <TestEntry testId="8ecf1eca-2949-1ea4-6ce7-5877b91a141d" executionId="cdc96d44-49e5-4f82-bc9a-249df76fe254" testListId="8c84fa94-04c1-424b-9868-57a2d4851a1d" />
    <TestEntry testId="87790a95-0a96-193f-52e1-5582013bb1d3" executionId="1aedf2a9-02db-4b57-b5b2-1533301fb94d" testListId="8c84fa94-04c1-424b-9868-57a2d4851a1d" />
    <TestEntry testId="808490ef-bfe8-d939-fbd8-a1a6273e50fb" executionId="83c8a90b-e80d-4bf8-933d-87623932025c" testListId="8c84fa94-04c1-424b-9868-57a2d4851a1d" />
    <TestEntry testId="54724166-1d21-d088-b454-121420d4219a" executionId="4a4ef5d3-1b7d-476e-b657-4e6e47a88710" testListId="8c84fa94-04c1-424b-9868-57a2d4851a1d" />
    <TestEntry testId="4bae20ec-549d-1a91-7637-1ab916aaf33b" executionId="09f0ae6f-0a52-4edf-abc0-46463dd85778" testListId="8c84fa94-04c1-424b-9868-57a2d4851a1d" />
    <TestEntry testId="6344d895-8ad1-66ba-39a8-f42258955caf" executionId="947dfbe1-008e-4377-a9e1-78c1b550a5ce" testListId="8c84fa94-04c1-424b-9868-57a2d4851a1d" />
    <TestEntry testId="a06fe6b8-8346-52cc-d2f8-00b0215d7401" executionId="3d945024-b3a7-4e20-93bb-fa4755ef443f" testListId="8c84fa94-04c1-424b-9868-57a2d4851a1d" />
    <TestEntry testId="5ded85f4-5971-a296-6da0-ffb8d04590f9" executionId="64e412d6-db47-4207-9d5d-dbdcfd0c0677" testListId="8c84fa94-04c1-424b-9868-57a2d4851a1d" />
    <TestEntry testId="4e5ea0ea-d722-d2e9-be34-b74b6359dfea" executionId="2c0713bc-35fb-42c5-8ce3-c600840312d8" testListId="8c84fa94-04c1-424b-9868-57a2d4851a1d" />
    <TestEntry testId="c24a4bef-9116-7fb2-3f50-960d04715701" executionId="414e8f7f-de69-4d1e-90b1-7995fe332e76" testListId="8c84fa94-04c1-424b-9868-57a2d4851a1d" />
    <TestEntry testId="f1b02942-4429-278a-77fe-4b18b781b51e" executionId="2f86e791-ed2b-44ed-9030-0e48212eb4f4" testListId="8c84fa94-04c1-424b-9868-57a2d4851a1d" />
    <TestEntry testId="5d0b8405-f231-0842-63cf-c9b8e185b5eb" executionId="3d300152-e3da-40ce-8848-a5f3e436cfb1" testListId="8c84fa94-04c1-424b-9868-57a2d4851a1d" />
    <TestEntry testId="237d76b9-2c5a-240c-4350-0e411df6ae6d" executionId="f1166190-f7cd-4689-b477-f37576e47543" testListId="8c84fa94-04c1-424b-9868-57a2d4851a1d" />
    <TestEntry testId="824e4412-5576-7e62-aebd-3d4bd5a07539" executionId="fa2d4ead-d65a-4c43-8f13-c4907deb96d0" testListId="8c84fa94-04c1-424b-9868-57a2d4851a1d" />
    <TestEntry testId="00a6e621-35d2-6746-48da-b9b6f5e21feb" executionId="c6d406eb-26c5-48b6-b787-e2966bc5d95f" testListId="8c84fa94-04c1-424b-9868-57a2d4851a1d" />
    <TestEntry testId="72814813-5e7f-5f5a-2dc6-3a7a10eaafe8" executionId="b3395b59-63d5-4a3b-b2e3-62de3b8832e6" testListId="8c84fa94-04c1-424b-9868-57a2d4851a1d" />
    <TestEntry testId="79dae25b-d874-ebae-1821-3c42ee3a59b5" executionId="bee336af-f0f2-4ef9-ad31-37a5a1de384e" testListId="8c84fa94-04c1-424b-9868-57a2d4851a1d" />
    <TestEntry testId="5111515b-1865-26da-95bf-cbf4e6b969b7" executionId="2886f993-c996-4d5a-9490-e8197f521f29" testListId="8c84fa94-04c1-424b-9868-57a2d4851a1d" />
    <TestEntry testId="3d245d86-2940-3423-a54b-5602be660e61" executionId="d8e502e6-8d96-4e57-b947-37ba2163e431" testListId="8c84fa94-04c1-424b-9868-57a2d4851a1d" />
    <TestEntry testId="98f94406-ede6-ffae-25bc-dad79e9e6e6e" executionId="9c1e1395-4040-43da-a353-c73dfeec6a82" testListId="8c84fa94-04c1-424b-9868-57a2d4851a1d" />
    <TestEntry testId="9ae2b132-9a86-866b-bfd0-9070aa606424" executionId="b1fa450b-b934-4243-9755-680501d9b56e" testListId="8c84fa94-04c1-424b-9868-57a2d4851a1d" />
    <TestEntry testId="262967ba-bc18-398c-092d-bbb0f1d6ad7d" executionId="56977c55-a104-400b-b595-7efc952bf035" testListId="8c84fa94-04c1-424b-9868-57a2d4851a1d" />
    <TestEntry testId="c119d501-0a01-db03-60ea-cdd27019b36e" executionId="16887182-4a2f-409d-8338-40d17f4bd1ea" testListId="8c84fa94-04c1-424b-9868-57a2d4851a1d" />
    <TestEntry testId="45799ded-513b-f775-dcc8-5570df392ab9" executionId="d0753bf8-7313-4a59-8001-9e14f72906cc" testListId="8c84fa94-04c1-424b-9868-57a2d4851a1d" />
    <TestEntry testId="a9c84432-9cc6-623e-8186-079cca5da584" executionId="6fa7559b-17ae-4f48-a8ee-2e9efd78437f" testListId="8c84fa94-04c1-424b-9868-57a2d4851a1d" />
    <TestEntry testId="48080ef6-f109-237e-e31a-27a401fea12b" executionId="da505877-158b-4321-9c1d-504b55b43c57" testListId="8c84fa94-04c1-424b-9868-57a2d4851a1d" />
    <TestEntry testId="6fe87b8f-d4a6-984e-a4d3-66855eb4c6f5" executionId="3d828199-8e88-4a88-a566-475e0bd1dea9" testListId="8c84fa94-04c1-424b-9868-57a2d4851a1d" />
    <TestEntry testId="616515e6-07ed-ee2b-501a-90d8d81da26e" executionId="9a62510f-57b9-4d8c-9ea3-c01540056740" testListId="8c84fa94-04c1-424b-9868-57a2d4851a1d" />
    <TestEntry testId="aaf22bb6-db1d-007b-1232-a726324b57b5" executionId="0dce32a3-c10c-488b-83bf-90624cc7b7a6" testListId="8c84fa94-04c1-424b-9868-57a2d4851a1d" />
    <TestEntry testId="7a4f69e4-6c2e-b99f-67fa-a6ed611a1310" executionId="145187fe-2959-4d29-a927-7329f6b89383" testListId="8c84fa94-04c1-424b-9868-57a2d4851a1d" />
    <TestEntry testId="222a62fd-0db2-ea94-7946-32e0d9b3fa60" executionId="40852a37-0e8f-472e-9b0e-d8371a29cb89" testListId="8c84fa94-04c1-424b-9868-57a2d4851a1d" />
    <TestEntry testId="9775e2b1-89ed-ce3e-1036-e2c0ed8613d7" executionId="71c2379b-5d82-4628-86ee-54e9cb8816c9" testListId="8c84fa94-04c1-424b-9868-57a2d4851a1d" />
    <TestEntry testId="55391b12-8720-52b7-2f53-29bca2f35f84" executionId="5e34f32e-2ce7-49c1-9456-abc7a84e23f7" testListId="8c84fa94-04c1-424b-9868-57a2d4851a1d" />
    <TestEntry testId="83ac5fc9-21bb-e5cb-0e54-a1cd08c19e61" executionId="9806c6a2-c5ee-4b20-a67d-d9e8ffe95215" testListId="8c84fa94-04c1-424b-9868-57a2d4851a1d" />
    <TestEntry testId="03118a50-f887-ebbc-94fc-b2bf9d61859f" executionId="57c32f60-0374-4717-97b3-68c3363b5662" testListId="8c84fa94-04c1-424b-9868-57a2d4851a1d" />
    <TestEntry testId="a3585d8f-a932-6fc1-bdf7-9624e83f4cc7" executionId="4dd5b87d-11b6-446d-b3e4-925bfb46fa10" testListId="8c84fa94-04c1-424b-9868-57a2d4851a1d" />
    <TestEntry testId="25a67dec-35a8-9ba6-e044-70b4865f808f" executionId="53b05e2a-9701-4bd0-9f70-3f54f6eb2cb7" testListId="8c84fa94-04c1-424b-9868-57a2d4851a1d" />
    <TestEntry testId="c397ffb5-77ba-7cb5-2beb-7706778de4cb" executionId="1e31e6bc-a687-41ea-b14d-40f3c454c631" testListId="8c84fa94-04c1-424b-9868-57a2d4851a1d" />
    <TestEntry testId="46bd31cf-2867-4d3b-7deb-b70350f7015b" executionId="03e4b69a-f71d-487b-b0d9-be8f3f5ce058" testListId="8c84fa94-04c1-424b-9868-57a2d4851a1d" />
    <TestEntry testId="ff2994a5-4dbe-1bba-474a-0e2ed51ecfee" executionId="6d7c1d27-c3ce-4d18-9433-6e6405d4b77b" testListId="8c84fa94-04c1-424b-9868-57a2d4851a1d" />
    <TestEntry testId="7e24cda2-59bc-4ca2-143c-66988d41a197" executionId="bb7ba1fd-fb86-4ffd-b2ed-2d51f8d96f59" testListId="8c84fa94-04c1-424b-9868-57a2d4851a1d" />
    <TestEntry testId="9bc92205-356a-3475-74a6-1adefae1a769" executionId="f94c1f26-d26d-4e08-a589-4e1dec68e1db" testListId="8c84fa94-04c1-424b-9868-57a2d4851a1d" />
    <TestEntry testId="79487e1a-8ca9-0409-6b57-1db9e00193cc" executionId="a14b99f8-2729-4977-8b3e-e24d45dc643c" testListId="8c84fa94-04c1-424b-9868-57a2d4851a1d" />
    <TestEntry testId="18112e16-0fde-5c31-0003-a60e1ca42215" executionId="70998b3c-b043-46cd-be42-f1252851fe12" testListId="8c84fa94-04c1-424b-9868-57a2d4851a1d" />
    <TestEntry testId="67b879ae-235b-b64b-9407-83cb9136107b" executionId="03fc98d2-4be4-4b75-97dc-4fa6f1161afd" testListId="8c84fa94-04c1-424b-9868-57a2d4851a1d" />
    <TestEntry testId="b4bdadfc-8b82-aff9-1db3-e3ff7626e377" executionId="3f1fa00e-b3c2-4235-bc31-98c23392951c" testListId="8c84fa94-04c1-424b-9868-57a2d4851a1d" />
    <TestEntry testId="6d27236d-58b2-45b7-e25b-32c187cdd551" executionId="c95497ac-27dc-4fb1-97e8-ebb06002e003" testListId="8c84fa94-04c1-424b-9868-57a2d4851a1d" />
    <TestEntry testId="9372ed4a-a2ad-07da-b9b9-04b9fee3c98d" executionId="d64e3429-0ef6-4656-9427-6a17f077fd3f" testListId="8c84fa94-04c1-424b-9868-57a2d4851a1d" />
    <TestEntry testId="a6feaf55-c0cd-e04b-dd6e-b93e43aa385a" executionId="5299f79f-ee5e-45f0-951d-5906914d4c78" testListId="8c84fa94-04c1-424b-9868-57a2d4851a1d" />
    <TestEntry testId="9c0f662b-58a8-c5ad-c4e9-32521a19f759" executionId="b02f9487-d2fc-47c5-8690-d99c71241493" testListId="8c84fa94-04c1-424b-9868-57a2d4851a1d" />
    <TestEntry testId="2fe1f16a-c87e-6083-0bf5-be64a7bccadb" executionId="a8315e03-bf86-4d78-a07b-53f0e65606c7" testListId="8c84fa94-04c1-424b-9868-57a2d4851a1d" />
    <TestEntry testId="9e735b4e-a085-8899-4c23-84e2c0e27a58" executionId="e5a3f0aa-3808-4437-9e49-8adc687fd0f0" testListId="8c84fa94-04c1-424b-9868-57a2d4851a1d" />
    <TestEntry testId="998ffa6c-56d3-b6e3-594f-eb7e6a3eb7bc" executionId="ff60da38-fed3-4deb-9196-a7bb7e3dcdd1" testListId="8c84fa94-04c1-424b-9868-57a2d4851a1d" />
    <TestEntry testId="efbc7012-091c-0572-0306-084d40357c03" executionId="019894c2-6a98-4810-9eee-8b3977f070e3" testListId="8c84fa94-04c1-424b-9868-57a2d4851a1d" />
    <TestEntry testId="cb1074f9-ca77-9707-83ec-e23e46045a0f" executionId="bac31ba4-93bf-4239-addf-aa9c8feff04b" testListId="8c84fa94-04c1-424b-9868-57a2d4851a1d" />
    <TestEntry testId="f01707a0-325c-4d2b-8436-487372df3c5d" executionId="aeec8807-43b4-4837-8ce2-71aa3aea647a" testListId="8c84fa94-04c1-424b-9868-57a2d4851a1d" />
    <TestEntry testId="cc56498c-797a-7439-a164-fc42e9a15265" executionId="104cc017-90e9-41ad-9969-72fe9b3fc5f0" testListId="8c84fa94-04c1-424b-9868-57a2d4851a1d" />
    <TestEntry testId="ba387b75-31fa-2804-78af-aa0bb85a6c26" executionId="a79e6c9e-db48-4490-9534-97a040ce6a8a" testListId="8c84fa94-04c1-424b-9868-57a2d4851a1d" />
    <TestEntry testId="30b8fa02-719e-c4c1-ca5e-76b173b7130e" executionId="e536b3d8-feb4-429c-82bd-382776999979" testListId="8c84fa94-04c1-424b-9868-57a2d4851a1d" />
    <TestEntry testId="eecdb315-b557-dc48-c55d-d3a6a9958e69" executionId="5d5ea8f2-772f-4a2a-817c-d2cd4953dbbb" testListId="8c84fa94-04c1-424b-9868-57a2d4851a1d" />
    <TestEntry testId="63cc6b0c-f014-2698-438e-e654efb32b9c" executionId="9ca50fce-d20a-445f-82f6-0ad339df5710" testListId="8c84fa94-04c1-424b-9868-57a2d4851a1d" />
    <TestEntry testId="984fe0d4-f8f9-1029-46f7-d068ab716c85" executionId="5bc8b7df-bd9f-414d-a849-4f68666d126c" testListId="8c84fa94-04c1-424b-9868-57a2d4851a1d" />
    <TestEntry testId="d79495b3-b200-b3ba-392e-91868178e563" executionId="08104ffe-22a7-48e0-b082-fe3cd5260d40" testListId="8c84fa94-04c1-424b-9868-57a2d4851a1d" />
    <TestEntry testId="88a06ea2-3244-7ecc-e51c-8026fa8eb073" executionId="e8ec3a22-79d3-4018-887f-0c9b910e576c" testListId="8c84fa94-04c1-424b-9868-57a2d4851a1d" />
    <TestEntry testId="136cdedd-bdd0-1275-3a08-d841a9c9d9f9" executionId="9a717894-40a5-46ba-addf-89c5d72500c9" testListId="8c84fa94-04c1-424b-9868-57a2d4851a1d" />
    <TestEntry testId="00584214-b953-1dfc-a01b-c1999f19106d" executionId="3a173eb5-2d82-4f12-a27f-da54f884941e" testListId="8c84fa94-04c1-424b-9868-57a2d4851a1d" />
    <TestEntry testId="35595766-df9d-ee82-60fe-fcd730c75ba5" executionId="6308a63c-e203-4335-bea4-2b43d1befd6c" testListId="8c84fa94-04c1-424b-9868-57a2d4851a1d" />
    <TestEntry testId="f0f813df-a012-0958-8e05-7e47d20ab702" executionId="41651aa3-53c4-4196-aae1-0073d8c21d55" testListId="8c84fa94-04c1-424b-9868-57a2d4851a1d" />
    <TestEntry testId="516673af-4dc0-2dde-c235-5b7de6ed2152" executionId="295ed924-f100-4145-bc80-cb73c26845e6" testListId="8c84fa94-04c1-424b-9868-57a2d4851a1d" />
    <TestEntry testId="2439c8c3-df8f-0f6f-a639-a36184ddde80" executionId="5d25857a-bae6-4d00-b947-daf4761e0c0b" testListId="8c84fa94-04c1-424b-9868-57a2d4851a1d" />
    <TestEntry testId="929d933d-5573-a1bb-bbc1-d689f1b9c5df" executionId="345283bd-8187-40f8-a819-f618fbf85230" testListId="8c84fa94-04c1-424b-9868-57a2d4851a1d" />
    <TestEntry testId="dbce76fe-7a6c-9df3-9d5e-92dbb972d35b" executionId="43cd87b3-3d2f-4c7b-9bf0-32ad8eef834f" testListId="8c84fa94-04c1-424b-9868-57a2d4851a1d" />
    <TestEntry testId="4c666de3-63cc-f935-08d9-b143ec9fdccc" executionId="e7591d86-89fe-4bf4-8813-32b6a9c721dc" testListId="8c84fa94-04c1-424b-9868-57a2d4851a1d" />
    <TestEntry testId="c549ae72-d333-14a6-0cc5-420e8eb2922d" executionId="e914dd99-65bf-4f30-8850-d2d1e9a3f0c9" testListId="8c84fa94-04c1-424b-9868-57a2d4851a1d" />
    <TestEntry testId="77fcb5c6-47ca-5d36-5e11-ed94253de25e" executionId="6843643c-eca7-4d9c-831b-7f0f6eb4e05e" testListId="8c84fa94-04c1-424b-9868-57a2d4851a1d" />
    <TestEntry testId="e761421d-23d3-1944-fc40-18009ecbe248" executionId="89617db5-406a-45de-896e-1214fb58c53a" testListId="8c84fa94-04c1-424b-9868-57a2d4851a1d" />
    <TestEntry testId="86a66406-123d-eeb0-dc20-0cf74437acc4" executionId="05185d36-cafc-47f1-ad63-f54398e8d921" testListId="8c84fa94-04c1-424b-9868-57a2d4851a1d" />
    <TestEntry testId="5bb6c537-6375-8cfd-7430-329039ca1c41" executionId="addb1aec-368b-4dac-bd3a-a6e9446f5142" testListId="8c84fa94-04c1-424b-9868-57a2d4851a1d" />
    <TestEntry testId="5040b5df-7f67-2eaa-7503-ef5c42c24140" executionId="a1df5c1e-d6ae-4d21-ba6c-56a40810c9df" testListId="8c84fa94-04c1-424b-9868-57a2d4851a1d" />
    <TestEntry testId="de19ad07-dff8-5751-1db2-6130cf6d57a2" executionId="862907b5-c47e-4977-b73b-ca5a142f4f5d" testListId="8c84fa94-04c1-424b-9868-57a2d4851a1d" />
    <TestEntry testId="10c8019a-fa30-ed2a-f463-010c8fa23e4d" executionId="76095ebd-b6fa-4c78-b696-f77b3d8d1cc6" testListId="8c84fa94-04c1-424b-9868-57a2d4851a1d" />
    <TestEntry testId="1934d25e-53a8-af89-939c-e5d5d109f3ff" executionId="3dab4d08-f9a8-4046-a6b5-a91fc2ab455a" testListId="8c84fa94-04c1-424b-9868-57a2d4851a1d" />
    <TestEntry testId="217f78a2-1cd8-92ad-1c8e-f68d1b62fe65" executionId="fac87268-9a3a-461d-b570-e62b4966347e" testListId="8c84fa94-04c1-424b-9868-57a2d4851a1d" />
    <TestEntry testId="2ff95e7b-ca98-ce28-8371-83424269aa2d" executionId="bd0da37d-46cf-4002-9253-33a5eb12884e" testListId="8c84fa94-04c1-424b-9868-57a2d4851a1d" />
    <TestEntry testId="9bac962a-6c74-b95e-cac5-429569478a74" executionId="dba88604-5427-493e-851c-69c565e6a813" testListId="8c84fa94-04c1-424b-9868-57a2d4851a1d" />
    <TestEntry testId="8ed31a13-05f6-0aab-1038-da87a3db3499" executionId="9978ae0d-0b25-47bd-9e03-202c887a0ba8" testListId="8c84fa94-04c1-424b-9868-57a2d4851a1d" />
    <TestEntry testId="07e27217-72b0-4793-53cc-e5dcc70df77e" executionId="66042df4-1c9e-40df-8a5e-426f51237355" testListId="8c84fa94-04c1-424b-9868-57a2d4851a1d" />
    <TestEntry testId="dfc8be6a-c30f-2d5f-9979-10ffecd0764a" executionId="3ea572e7-3de1-434f-b5dc-a7eaa000906e" testListId="8c84fa94-04c1-424b-9868-57a2d4851a1d" />
    <TestEntry testId="7498a382-1d11-e62e-6588-3d2d049b80df" executionId="f0990fb6-a54e-4c68-b5bd-c35e586aaf48" testListId="8c84fa94-04c1-424b-9868-57a2d4851a1d" />
    <TestEntry testId="d52a2fe6-b284-7e78-29f5-7416156c3601" executionId="2603857e-1925-4f2d-8f28-4732892b5fd0" testListId="8c84fa94-04c1-424b-9868-57a2d4851a1d" />
  </TestEntries>
  <TestLists>
    <TestList name="Results Not in a List" id="8c84fa94-04c1-424b-9868-57a2d4851a1d" />
    <TestList name="All Loaded Results" id="19431567-8539-422a-85d7-44ee4e166bda" />
  </TestLists>
  <ResultSummary outcome="Completed">
    <Counters total="206" executed="206" passed="206" failed="0" error="0" timeout="0" aborted="0" inconclusive="0" passedButRunAborted="0" notRunnable="0" notExecuted="0" disconnected="0" warning="0" completed="0" inProgress="0" pending="0" />
    <Output>
      <StdOut>status=ok mode=interactive-window command=--window-diagnostics diagnostic-class=environment-session persistent-window-supported=true native-handle=unsupported visible=unsupported focusable=unsupported focused=unsupported minimized=unsupported maximized=unsupported client-size=unavailable renderable-surface=unsupported input-devices=unsupported fallback-is-full-desktop-session=False message=Desktop session prerequisites are present.
status=degraded mode=interactive-window command=--window-diagnostics diagnostic-class=window-visibility persistent-window-supported=true native-handle=unsupported visible=unsupported focusable=unsupported focused=unsupported minimized=unsupported maximized=unsupported client-size=unavailable renderable-surface=unsupported input-devices=unsupported message=window-visibility not exercised by headless window-diagnostics; interactive live-window path is supported on this host (persistent-window-supported=true) — this probe opens no live window and asserts no failure
status=degraded mode=interactive-window command=--window-diagnostics diagnostic-class=app-lifecycle persistent-window-supported=true native-handle=unsupported visible=unsupported focusable=unsupported focused=unsupported minimized=unsupported maximized=unsupported client-size=unavailable renderable-surface=unsupported input-devices=unsupported message=app-lifecycle not exercised by headless window-diagnostics; interactive live-window path is supported on this host (persistent-window-supported=true) — this probe opens no live window and asserts no failure
status=degraded mode=interactive-window command=--window-diagnostics diagnostic-class=rogue3-defect persistent-window-supported=true native-handle=unsupported visible=unsupported focusable=unsupported focused=unsupported minimized=unsupported maximized=unsupported client-size=unavailable renderable-surface=unsupported input-devices=unsupported message=rogue3-defect not exercised by headless window-diagnostics; interactive live-window path is supported on this host (persistent-window-supported=true) — this probe opens no live window and asserts no failure
status=ok
command=--view-image
output=/tmp/view-image-0c527f5a4cff4736beccd82dd81e53bc/view-image.png.metadata.txt
mode=headless-readback
evidence-kind=view-image
path=/tmp/view-image-0c527f5a4cff4736beccd82dd81e53bc/view-image.png
requested-size=320x200
output-size=320x200
actual-size=320x200
dimensions-match=True
image-decodable=True
png-bytes=5288
renders-full-view=true
renderer-mode=headless-cpu-readback
readback-frame=logical-canvas
input-dispatch=not-required
self-closed-for-evidence=true
Failed to load plugin 'libdecor-gtk.so': failed to init
status=ok
command=--view-image
output=/tmp/view-image-63a2466455e34e3bb1319a512cb1d712/view-image.png.metadata.txt
mode=headless-readback
evidence-kind=view-image
path=/tmp/view-image-63a2466455e34e3bb1319a512cb1d712/view-image.png
requested-size=901x507
output-size=901x507
actual-size=901x507
dimensions-match=True
image-decodable=True
png-bytes=11388
renders-full-view=true
renderer-mode=headless-cpu-readback
readback-frame=logical-canvas
input-dispatch=not-required
self-closed-for-evidence=true
status=failed command=--view-image diagnostic-category=invalid-dimensions diagnostics=width and height must be positive integers
status=failed command=--view-image diagnostic-category=resource-limit requested-size=2000000000x2000000000 requested-pixels=4000000000000000000 max-dimension=8192 max-pixels=16777216 diagnostics=request exceeds the safe CPU raster budget
</StdOut>
    </Output>
  </ResultSummary>
</TestRun>